Update Managed Component * From CMP-002-00077-1[IS25LP080D-JBLE-TR1] To CMP-002-00077-1[IS25LP080D-JBLE-TR1] in Keyboard.SchDoc
Update Managed Component C1 From CMP-2008-03928-2[GRM155R71C104KA88J] To CMP-2008-03928-2[GRM155R71C104KA88J] in Keyboard.SchDoc
Update Managed Component C2 From CMP-2008-03928-2[GRM155R71C104KA88J] To CMP-2008-03928-2[GRM155R71C104KA88J] in Keyboard.SchDoc
Update Managed Component C3 From CMP-2008-03928-2[GRM155R71C104KA88J] To CMP-2008-03928-2[GRM155R71C104KA88J] in Keyboard.SchDoc
Update Managed Component C4 From CMP-13271-001457-1[CL10A105KO8NNNC] To CMP-13271-001457-1[CL10A105KO8NNNC] in Keyboard.SchDoc
Update Managed Component C5 From CMP-2008-03928-2[GRM155R71C104KA88J] To CMP-2008-03928-2[GRM155R71C104KA88J] in Keyboard.SchDoc
Update Managed Component C6 From CMP-13271-001457-1[CL10A105KO8NNNC] To CMP-13271-001457-1[CL10A105KO8NNNC] in Keyboard.SchDoc
Update Managed Component C7 From CMP-13271-001457-1[CL10A105KO8NNNC] To CMP-13271-001457-1[CL10A105KO8NNNC] in Keyboard.SchDoc
Update Managed Component C8 From CMP-2008-03928-2[GRM155R71C104KA88J] To CMP-2008-03928-2[GRM155R71C104KA88J] in Keyboard.SchDoc
Update Managed Component C9 From CMP-2008-03928-2[GRM155R71C104KA88J] To CMP-2008-03928-2[GRM155R71C104KA88J] in Keyboard.SchDoc
Update Managed Component C10 From CMP-2008-03928-2[GRM155R71C104KA88J] To CMP-2008-03928-2[GRM155R71C104KA88J] in Keyboard.SchDoc
Update Managed Component C11 From CMP-2008-03928-2[GRM155R71C104KA88J] To CMP-2008-03928-2[GRM155R71C104KA88J] in Keyboard.SchDoc
Update Managed Component C12 From CMP-2008-03928-2[GRM155R71C104KA88J] To CMP-2008-03928-2[GRM155R71C104KA88J] in Keyboard.SchDoc
Update Managed Component C13 From CMP-2008-03928-2[GRM155R71C104KA88J] To CMP-2008-03928-2[GRM155R71C104KA88J] in Keyboard.SchDoc
Update Managed Component C14 From CMP-2008-03928-2[GRM155R71C104KA88J] To CMP-2008-03928-2[GRM155R71C104KA88J] in Keyboard.SchDoc
Update Managed Component C15 From CMP-13271-001457-1[CL10A105KO8NNNC] To CMP-13271-001457-1[CL10A105KO8NNNC] in Keyboard.SchDoc
Update Managed Component C16 From CMP-2008-03928-2[GRM155R71C104KA88J] To CMP-2008-03928-2[GRM155R71C104KA88J] in Keyboard.SchDoc
Update Managed Component C17 From CMP-06035-016346-1[GQM2195C2E320JB12D] To CMP-06035-016346-1[GQM2195C2E320JB12D] in Keyboard.SchDoc
Update Managed Component C18 From CMP-06035-016346-1[GQM2195C2E320JB12D] To CMP-06035-016346-1[GQM2195C2E320JB12D] in Keyboard.SchDoc
Update Managed Component C19 From CMP-2008-03928-2[GRM155R71C104KA88J] To CMP-2008-03928-2[GRM155R71C104KA88J] in Keyboard.SchDoc
Update Managed Component D1 From CMP-12225-000058-1[USBLC6-2P6] To CMP-12225-000058-1[USBLC6-2P6] in Keyboard.SchDoc
Update Managed Component J1 From CMP-1672-00008-2[5019] To CMP-1672-00008-2[5019] in Keyboard.SchDoc
Update Managed Component J2 From CMP-1672-00008-2[5019] To CMP-1672-00008-2[5019] in Keyboard.SchDoc
Update Managed Component J3 From CMP-245163-000001-1[USB4105-GF-A] To CMP-245163-000001-1[USB4105-GF-A] in Keyboard.SchDoc
Update Managed Component J4 From CMP-1672-00008-2[5019] To CMP-1672-00008-2[5019] in Keyboard.SchDoc
Update Managed Component J5 From CMP-1672-00008-2[5019] To CMP-1672-00008-2[5019] in Keyboard.SchDoc
Update Managed Component J6 From CMP-1672-00008-2[5019] To CMP-1672-00008-2[5019] in Keyboard.SchDoc
Update Managed Component J7 From CMP-1672-00008-2[5019] To CMP-1672-00008-2[5019] in Keyboard.SchDoc
Update Managed Component R1 From CMP-26527-002098-1[RMCF0603JT10K0] To CMP-26527-002098-1[RMCF0603JT10K0] in Keyboard.SchDoc
Update Managed Component R2 From CMP-26527-005743-1[RMCF0603FT27R0] To CMP-26527-005743-1[RMCF0603FT27R0] in Keyboard.SchDoc
Update Managed Component R3 From CMP-1659-00009-5[RC0603FR-071KL] To CMP-1659-00009-5[RC0603FR-071KL] in Keyboard.SchDoc
Update Managed Component R4 From CMP-26527-005743-1[RMCF0603FT27R0] To CMP-26527-005743-1[RMCF0603FT27R0] in Keyboard.SchDoc
Update Managed Component R5 From CMP-26527-003341-1[RMCF1206JT56K0] To CMP-26527-003341-1[RMCF1206JT56K0] in Keyboard.SchDoc
Update Managed Component R6 From CMP-26527-003341-1[RMCF1206JT56K0] To CMP-26527-003341-1[RMCF1206JT56K0] in Keyboard.SchDoc
Update Managed Component R7 From CMP-26527-002098-1[RMCF0603JT10K0] To CMP-26527-002098-1[RMCF0603JT10K0] in Keyboard.SchDoc
Update Managed Component R8 From CMP-1659-00009-5[RC0603FR-071KL] To CMP-1659-00009-5[RC0603FR-071KL] in Keyboard.SchDoc
Update Managed Component U1 From CMP-209535-000001-1[AMS1117-3.3] To CMP-209535-000001-1[AMS1117-3.3] in Keyboard.SchDoc
Update Managed Component U2 From CMP-027-000000-1[RP2040] To CMP-027-000000-1[RP2040] in Keyboard.SchDoc
Update Managed Component U3 From CMP-00000-1[TAXM12M4RLBDDT2T] To CMP-00000-1[TAXM12M4RLBDDT2T] in Keyboard.SchDoc
