Change Component DesignItemId : Designator=SW1 Old DesignItemId=CMP-037-000000-2 New DesignItemId=CMP-037-000000-3
Change Component DesignItemId : Designator=SW2 Old DesignItemId=CMP-037-000000-2 New DesignItemId=CMP-037-000000-3
Change Component DesignItemId : Designator=SW3 Old DesignItemId=CMP-037-000000-2 New DesignItemId=CMP-037-000000-3
Change Component DesignItemId : Designator=SW4 Old DesignItemId=CMP-037-000000-2 New DesignItemId=CMP-037-000000-3
Change Component DesignItemId : Designator=SW5 Old DesignItemId=CMP-037-000000-2 New DesignItemId=CMP-037-000000-3
Change Component DesignItemId : Designator=SW6 Old DesignItemId=CMP-037-000000-2 New DesignItemId=CMP-037-000000-3
Change Component DesignItemId : Designator=SW7 Old DesignItemId=CMP-037-000000-2 New DesignItemId=CMP-037-000000-3
Change Component DesignItemId : Designator=SW8 Old DesignItemId=CMP-037-000000-2 New DesignItemId=CMP-037-000000-3
Change Component DesignItemId : Designator=SW9 Old DesignItemId=CMP-037-000000-2 New DesignItemId=CMP-037-000000-3
Change Component DesignItemId : Designator=SW10 Old DesignItemId=CMP-037-000000-2 New DesignItemId=CMP-037-000000-3
Change Component DesignItemId : Designator=SW11 Old DesignItemId=CMP-037-000000-2 New DesignItemId=CMP-037-000000-3
Change Component DesignItemId : Designator=SW12 Old DesignItemId=CMP-037-000000-2 New DesignItemId=CMP-037-000000-3
Change Component DesignItemId : Designator=SW13 Old DesignItemId=CMP-037-000000-2 New DesignItemId=CMP-037-000000-3
Change Component DesignItemId : Designator=SW14 Old DesignItemId=CMP-037-000000-2 New DesignItemId=CMP-037-000000-3
Change Component DesignItemId : Designator=SW15 Old DesignItemId=CMP-037-000000-2 New DesignItemId=CMP-037-000000-3
Change Component DesignItemId : Designator=SW16 Old DesignItemId=CMP-037-000000-2 New DesignItemId=CMP-037-000000-3
Change Component DesignItemId : Designator=SW17 Old DesignItemId=CMP-037-000000-2 New DesignItemId=CMP-037-000000-3
Change Component DesignItemId : Designator=SW18 Old DesignItemId=CMP-037-000000-2 New DesignItemId=CMP-037-000000-3
Change Component DesignItemId : Designator=SW19 Old DesignItemId=CMP-037-000000-2 New DesignItemId=CMP-037-000000-3
Change Component DesignItemId : Designator=SW20 Old DesignItemId=CMP-037-000000-2 New DesignItemId=CMP-037-000000-3
Change Component DesignItemId : Designator=SW21 Old DesignItemId=CMP-037-000000-2 New DesignItemId=CMP-037-000000-3
Change Component DesignItemId : Designator=SW22 Old DesignItemId=CMP-037-000000-2 New DesignItemId=CMP-037-000000-3
Change Component DesignItemId : Designator=SW23 Old DesignItemId=CMP-037-000000-2 New DesignItemId=CMP-037-000000-3
Change Component DesignItemId : Designator=SW24 Old DesignItemId=CMP-037-000000-2 New DesignItemId=CMP-037-000000-3
Change Component DesignItemId : Designator=SW25 Old DesignItemId=CMP-037-000000-2 New DesignItemId=CMP-037-000000-3
Change Component DesignItemId : Designator=SW26 Old DesignItemId=CMP-037-000000-2 New DesignItemId=CMP-037-000000-3
Change Component DesignItemId : Designator=SW27 Old DesignItemId=CMP-037-000000-2 New DesignItemId=CMP-037-000000-3
Change Component DesignItemId : Designator=SW28 Old DesignItemId=CMP-037-000000-2 New DesignItemId=CMP-037-000000-3
Change Component DesignItemId : Designator=SW29 Old DesignItemId=CMP-037-000000-2 New DesignItemId=CMP-037-000000-3
Change Component DesignItemId : Designator=SW30 Old DesignItemId=CMP-037-000000-2 New DesignItemId=CMP-037-000000-3
Change Component DesignItemId : Designator=SW31 Old DesignItemId=CMP-037-000000-2 New DesignItemId=CMP-037-000000-3
Change Component DesignItemId : Designator=SW32 Old DesignItemId=CMP-037-000000-2 New DesignItemId=CMP-037-000000-3
Change Component DesignItemId : Designator=SW33 Old DesignItemId=CMP-037-000000-2 New DesignItemId=CMP-037-000000-3
Change Component DesignItemId : Designator=SW34 Old DesignItemId=CMP-037-000000-2 New DesignItemId=CMP-037-000000-3
Change Component DesignItemId : Designator=SW35 Old DesignItemId=CMP-037-000000-2 New DesignItemId=CMP-037-000000-3
Change Component DesignItemId : Designator=SW36 Old DesignItemId=CMP-037-000000-2 New DesignItemId=CMP-037-000000-3
Change Component DesignItemId : Designator=SW37 Old DesignItemId=CMP-037-000000-2 New DesignItemId=CMP-037-000000-3
Change Component DesignItemId : Designator=SW38 Old DesignItemId=CMP-037-000000-2 New DesignItemId=CMP-037-000000-3
Change Component DesignItemId : Designator=SW39 Old DesignItemId=CMP-037-000000-2 New DesignItemId=CMP-037-000000-3
Change Component DesignItemId : Designator=SW40 Old DesignItemId=CMP-037-000000-2 New DesignItemId=CMP-037-000000-3
Change Component DesignItemId : Designator=SW41 Old DesignItemId=CMP-037-000000-2 New DesignItemId=CMP-037-000000-3
Change Component DesignItemId : Designator=SW42 Old DesignItemId=CMP-037-000000-2 New DesignItemId=CMP-037-000000-3
Change Component DesignItemId : Designator=SW43 Old DesignItemId=CMP-037-000000-2 New DesignItemId=CMP-037-000000-3
Change Component DesignItemId : Designator=SW44 Old DesignItemId=CMP-037-000000-2 New DesignItemId=CMP-037-000000-3
Change Component DesignItemId : Designator=SW45 Old DesignItemId=CMP-037-000000-2 New DesignItemId=CMP-037-000000-3
Change Component DesignItemId : Designator=SW46 Old DesignItemId=CMP-037-000000-2 New DesignItemId=CMP-037-000000-3
Change Component DesignItemId : Designator=SW47 Old DesignItemId=CMP-037-000000-2 New DesignItemId=CMP-037-000000-3
Change Component DesignItemId : Designator=SW48 Old DesignItemId=CMP-037-000000-2 New DesignItemId=CMP-037-000000-3
Change Component DesignItemId : Designator=SW49 Old DesignItemId=CMP-037-000000-2 New DesignItemId=CMP-037-000000-3
Change Component DesignItemId : Designator=SW50 Old DesignItemId=CMP-037-000000-2 New DesignItemId=CMP-037-000000-3
Change Component DesignItemId : Designator=SW51 Old DesignItemId=CMP-037-000000-2 New DesignItemId=CMP-037-000000-3
Change Component DesignItemId : Designator=SW52 Old DesignItemId=CMP-037-000000-2 New DesignItemId=CMP-037-000000-3
Change Component DesignItemId : Designator=SW53 Old DesignItemId=CMP-037-000000-2 New DesignItemId=CMP-037-000000-3
Change Component DesignItemId : Designator=SW54 Old DesignItemId=CMP-037-000000-2 New DesignItemId=CMP-037-000000-3
Change Component DesignItemId : Designator=SW55 Old DesignItemId=CMP-037-000000-2 New DesignItemId=CMP-037-000000-3
Change Component DesignItemId : Designator=SW56 Old DesignItemId=CMP-037-000000-2 New DesignItemId=CMP-037-000000-3
Change Component DesignItemId : Designator=SW57 Old DesignItemId=CMP-037-000000-2 New DesignItemId=CMP-037-000000-3
Change Component DesignItemId : Designator=SW58 Old DesignItemId=CMP-037-000000-2 New DesignItemId=CMP-037-000000-3
Change Component DesignItemId : Designator=SW59 Old DesignItemId=CMP-037-000000-2 New DesignItemId=CMP-037-000000-3
Change Component DesignItemId : Designator=SW60 Old DesignItemId=CMP-037-000000-2 New DesignItemId=CMP-037-000000-3
Change Component DesignItemId : Designator=SW61 Old DesignItemId=CMP-037-000000-2 New DesignItemId=CMP-037-000000-3
Change Component DesignItemId : Designator=SW62 Old DesignItemId=CMP-037-000000-2 New DesignItemId=CMP-037-000000-3
Change Component DesignItemId : Designator=SW63 Old DesignItemId=CMP-037-000000-2 New DesignItemId=CMP-037-000000-3
Change Component DesignItemId : Designator=SW64 Old DesignItemId=CMP-037-000000-2 New DesignItemId=CMP-037-000000-3
Change Component DesignItemId : Designator=SW65 Old DesignItemId=CMP-037-000000-2 New DesignItemId=CMP-037-000000-3
Change Component DesignItemId : Designator=SW66 Old DesignItemId=CMP-037-000000-2 New DesignItemId=CMP-037-000000-3
Change Component DesignItemId : Designator=SW Old DesignItemId=CMP-037-000000-2 New DesignItemId=CMP-037-000000-3
Change Component Footprint: Designator=SW9 Old Footprint=CherryMX-Footprint-1 New Footprint=CherryMX-Footprint-1
Change Component Footprint: Designator=SW55 Old Footprint=CherryMX-Footprint-1 New Footprint=CherryMX-Footprint-1
Change Component Description : Designator=SW1 Old Description= New Description=Cherry Switch 1U
Change Component Description : Designator=SW2 Old Description= New Description=Cherry Switch 1U
Change Component Description : Designator=SW3 Old Description= New Description=Cherry Switch 1U
Change Component Description : Designator=SW4 Old Description= New Description=Cherry Switch 1U
Change Component Description : Designator=SW5 Old Description= New Description=Cherry Switch 1U
Change Component Description : Designator=SW6 Old Description= New Description=Cherry Switch 1U
Change Component Description : Designator=SW7 Old Description= New Description=Cherry Switch 1U
Change Component Description : Designator=SW8 Old Description= New Description=Cherry Switch 1U
Change Component Description : Designator=SW9 Old Description= New Description=Cherry Switch 1U
Change Component Description : Designator=SW10 Old Description= New Description=Cherry Switch 1U
Change Component Description : Designator=SW11 Old Description= New Description=Cherry Switch 1U
Change Component Description : Designator=SW12 Old Description= New Description=Cherry Switch 1U
Change Component Description : Designator=SW13 Old Description= New Description=Cherry Switch 1U
Change Component Description : Designator=SW14 Old Description= New Description=Cherry Switch 1U
Change Component Description : Designator=SW15 Old Description= New Description=Cherry Switch 1U
Change Component Description : Designator=SW16 Old Description= New Description=Cherry Switch 1U
Change Component Description : Designator=SW17 Old Description= New Description=Cherry Switch 1U
Change Component Description : Designator=SW18 Old Description= New Description=Cherry Switch 1U
Change Component Description : Designator=SW19 Old Description= New Description=Cherry Switch 1U
Change Component Description : Designator=SW20 Old Description= New Description=Cherry Switch 1U
Change Component Description : Designator=SW21 Old Description= New Description=Cherry Switch 1U
Change Component Description : Designator=SW22 Old Description= New Description=Cherry Switch 1U
Change Component Description : Designator=SW23 Old Description= New Description=Cherry Switch 1U
Change Component Description : Designator=SW24 Old Description= New Description=Cherry Switch 1U
Change Component Description : Designator=SW25 Old Description= New Description=Cherry Switch 1U
Change Component Description : Designator=SW26 Old Description= New Description=Cherry Switch 1U
Change Component Description : Designator=SW27 Old Description= New Description=Cherry Switch 1U
Change Component Description : Designator=SW28 Old Description= New Description=Cherry Switch 1U
Change Component Description : Designator=SW29 Old Description= New Description=Cherry Switch 1U
Change Component Description : Designator=SW30 Old Description= New Description=Cherry Switch 1U
Change Component Description : Designator=SW31 Old Description= New Description=Cherry Switch 1U
Change Component Description : Designator=SW32 Old Description= New Description=Cherry Switch 1U
Change Component Description : Designator=SW33 Old Description= New Description=Cherry Switch 1U
Change Component Description : Designator=SW34 Old Description= New Description=Cherry Switch 1U
Change Component Description : Designator=SW35 Old Description= New Description=Cherry Switch 1U
Change Component Description : Designator=SW36 Old Description= New Description=Cherry Switch 1U
Change Component Description : Designator=SW37 Old Description= New Description=Cherry Switch 1U
Change Component Description : Designator=SW38 Old Description= New Description=Cherry Switch 1U
Change Component Description : Designator=SW39 Old Description= New Description=Cherry Switch 1U
Change Component Description : Designator=SW40 Old Description= New Description=Cherry Switch 1U
Change Component Description : Designator=SW41 Old Description= New Description=Cherry Switch 1U
Change Component Description : Designator=SW42 Old Description= New Description=Cherry Switch 1U
Change Component Description : Designator=SW43 Old Description= New Description=Cherry Switch 1U
Change Component Description : Designator=SW44 Old Description= New Description=Cherry Switch 1U
Change Component Description : Designator=SW45 Old Description= New Description=Cherry Switch 1U
Change Component Description : Designator=SW46 Old Description= New Description=Cherry Switch 1U
Change Component Description : Designator=SW47 Old Description= New Description=Cherry Switch 1U
Change Component Description : Designator=SW48 Old Description= New Description=Cherry Switch 1U
Change Component Description : Designator=SW49 Old Description= New Description=Cherry Switch 1U
Change Component Description : Designator=SW50 Old Description= New Description=Cherry Switch 1U
Change Component Description : Designator=SW51 Old Description= New Description=Cherry Switch 1U
Change Component Description : Designator=SW52 Old Description= New Description=Cherry Switch 1U
Change Component Description : Designator=SW53 Old Description= New Description=Cherry Switch 1U
Change Component Description : Designator=SW54 Old Description= New Description=Cherry Switch 1U
Change Component Description : Designator=SW55 Old Description= New Description=Cherry Switch 1U
Change Component Description : Designator=SW56 Old Description= New Description=Cherry Switch 1U
Change Component Description : Designator=SW57 Old Description= New Description=Cherry Switch 1U
Change Component Description : Designator=SW58 Old Description= New Description=Cherry Switch 1U
Change Component Description : Designator=SW59 Old Description= New Description=Cherry Switch 1U
Change Component Description : Designator=SW60 Old Description= New Description=Cherry Switch 1U
Change Component Description : Designator=SW61 Old Description= New Description=Cherry Switch 1U
Change Component Description : Designator=SW62 Old Description= New Description=Cherry Switch 1U
Change Component Description : Designator=SW63 Old Description= New Description=Cherry Switch 1U
Change Component Description : Designator=SW64 Old Description= New Description=Cherry Switch 1U
Change Component Description : Designator=SW65 Old Description= New Description=Cherry Switch 1U
Change Component Description : Designator=SW66 Old Description= New Description=Cherry Switch 1U
Change Component Description : Designator=SW Old Description= New Description=Cherry Switch 1U
Change Managed Component Library Link : Designator=SW1 Old VaultGUID=442246F4-344D-46DA-B693-00018615103C New VaultGUID=442246F4-344D-46DA-B693-00018615103C Old ItemGUID=18B14F15-237E-4ABD-B0CC-383D6027A885 New ItemGUID=18B14F15-237E-4ABD-B0CC-383D6027A885 Old RevisionGUID=8298e3f8-297d-4ced-a46e-3532615b8f6e New RevisionGUID=8a9292a4-4515-4d2c-826b-18d9e539efd3
Change Managed Component Library Link : Designator=SW2 Old VaultGUID=442246F4-344D-46DA-B693-00018615103C New VaultGUID=442246F4-344D-46DA-B693-00018615103C Old ItemGUID=18B14F15-237E-4ABD-B0CC-383D6027A885 New ItemGUID=18B14F15-237E-4ABD-B0CC-383D6027A885 Old RevisionGUID=8298e3f8-297d-4ced-a46e-3532615b8f6e New RevisionGUID=8a9292a4-4515-4d2c-826b-18d9e539efd3
Change Managed Component Library Link : Designator=SW3 Old VaultGUID=442246F4-344D-46DA-B693-00018615103C New VaultGUID=442246F4-344D-46DA-B693-00018615103C Old ItemGUID=18B14F15-237E-4ABD-B0CC-383D6027A885 New ItemGUID=18B14F15-237E-4ABD-B0CC-383D6027A885 Old RevisionGUID=8298e3f8-297d-4ced-a46e-3532615b8f6e New RevisionGUID=8a9292a4-4515-4d2c-826b-18d9e539efd3
Change Managed Component Library Link : Designator=SW4 Old VaultGUID=442246F4-344D-46DA-B693-00018615103C New VaultGUID=442246F4-344D-46DA-B693-00018615103C Old ItemGUID=18B14F15-237E-4ABD-B0CC-383D6027A885 New ItemGUID=18B14F15-237E-4ABD-B0CC-383D6027A885 Old RevisionGUID=8298e3f8-297d-4ced-a46e-3532615b8f6e New RevisionGUID=8a9292a4-4515-4d2c-826b-18d9e539efd3
Change Managed Component Library Link : Designator=SW5 Old VaultGUID=442246F4-344D-46DA-B693-00018615103C New VaultGUID=442246F4-344D-46DA-B693-00018615103C Old ItemGUID=18B14F15-237E-4ABD-B0CC-383D6027A885 New ItemGUID=18B14F15-237E-4ABD-B0CC-383D6027A885 Old RevisionGUID=8298e3f8-297d-4ced-a46e-3532615b8f6e New RevisionGUID=8a9292a4-4515-4d2c-826b-18d9e539efd3
Change Managed Component Library Link : Designator=SW6 Old VaultGUID=442246F4-344D-46DA-B693-00018615103C New VaultGUID=442246F4-344D-46DA-B693-00018615103C Old ItemGUID=18B14F15-237E-4ABD-B0CC-383D6027A885 New ItemGUID=18B14F15-237E-4ABD-B0CC-383D6027A885 Old RevisionGUID=8298e3f8-297d-4ced-a46e-3532615b8f6e New RevisionGUID=8a9292a4-4515-4d2c-826b-18d9e539efd3
Change Managed Component Library Link : Designator=SW7 Old VaultGUID=442246F4-344D-46DA-B693-00018615103C New VaultGUID=442246F4-344D-46DA-B693-00018615103C Old ItemGUID=18B14F15-237E-4ABD-B0CC-383D6027A885 New ItemGUID=18B14F15-237E-4ABD-B0CC-383D6027A885 Old RevisionGUID=8298e3f8-297d-4ced-a46e-3532615b8f6e New RevisionGUID=8a9292a4-4515-4d2c-826b-18d9e539efd3
Change Managed Component Library Link : Designator=SW8 Old VaultGUID=442246F4-344D-46DA-B693-00018615103C New VaultGUID=442246F4-344D-46DA-B693-00018615103C Old ItemGUID=18B14F15-237E-4ABD-B0CC-383D6027A885 New ItemGUID=18B14F15-237E-4ABD-B0CC-383D6027A885 Old RevisionGUID=8298e3f8-297d-4ced-a46e-3532615b8f6e New RevisionGUID=8a9292a4-4515-4d2c-826b-18d9e539efd3
Change Managed Component Library Link : Designator=SW9 Old VaultGUID=442246F4-344D-46DA-B693-00018615103C New VaultGUID=442246F4-344D-46DA-B693-00018615103C Old ItemGUID=18B14F15-237E-4ABD-B0CC-383D6027A885 New ItemGUID=18B14F15-237E-4ABD-B0CC-383D6027A885 Old RevisionGUID=8298e3f8-297d-4ced-a46e-3532615b8f6e New RevisionGUID=8a9292a4-4515-4d2c-826b-18d9e539efd3
Change Managed Component Library Link : Designator=SW10 Old VaultGUID=442246F4-344D-46DA-B693-00018615103C New VaultGUID=442246F4-344D-46DA-B693-00018615103C Old ItemGUID=18B14F15-237E-4ABD-B0CC-383D6027A885 New ItemGUID=18B14F15-237E-4ABD-B0CC-383D6027A885 Old RevisionGUID=8298e3f8-297d-4ced-a46e-3532615b8f6e New RevisionGUID=8a9292a4-4515-4d2c-826b-18d9e539efd3
Change Managed Component Library Link : Designator=SW11 Old VaultGUID=442246F4-344D-46DA-B693-00018615103C New VaultGUID=442246F4-344D-46DA-B693-00018615103C Old ItemGUID=18B14F15-237E-4ABD-B0CC-383D6027A885 New ItemGUID=18B14F15-237E-4ABD-B0CC-383D6027A885 Old RevisionGUID=8298e3f8-297d-4ced-a46e-3532615b8f6e New RevisionGUID=8a9292a4-4515-4d2c-826b-18d9e539efd3
Change Managed Component Library Link : Designator=SW12 Old VaultGUID=442246F4-344D-46DA-B693-00018615103C New VaultGUID=442246F4-344D-46DA-B693-00018615103C Old ItemGUID=18B14F15-237E-4ABD-B0CC-383D6027A885 New ItemGUID=18B14F15-237E-4ABD-B0CC-383D6027A885 Old RevisionGUID=8298e3f8-297d-4ced-a46e-3532615b8f6e New RevisionGUID=8a9292a4-4515-4d2c-826b-18d9e539efd3
Change Managed Component Library Link : Designator=SW13 Old VaultGUID=442246F4-344D-46DA-B693-00018615103C New VaultGUID=442246F4-344D-46DA-B693-00018615103C Old ItemGUID=18B14F15-237E-4ABD-B0CC-383D6027A885 New ItemGUID=18B14F15-237E-4ABD-B0CC-383D6027A885 Old RevisionGUID=8298e3f8-297d-4ced-a46e-3532615b8f6e New RevisionGUID=8a9292a4-4515-4d2c-826b-18d9e539efd3
Change Managed Component Library Link : Designator=SW14 Old VaultGUID=442246F4-344D-46DA-B693-00018615103C New VaultGUID=442246F4-344D-46DA-B693-00018615103C Old ItemGUID=18B14F15-237E-4ABD-B0CC-383D6027A885 New ItemGUID=18B14F15-237E-4ABD-B0CC-383D6027A885 Old RevisionGUID=8298e3f8-297d-4ced-a46e-3532615b8f6e New RevisionGUID=8a9292a4-4515-4d2c-826b-18d9e539efd3
Change Managed Component Library Link : Designator=SW15 Old VaultGUID=442246F4-344D-46DA-B693-00018615103C New VaultGUID=442246F4-344D-46DA-B693-00018615103C Old ItemGUID=18B14F15-237E-4ABD-B0CC-383D6027A885 New ItemGUID=18B14F15-237E-4ABD-B0CC-383D6027A885 Old RevisionGUID=8298e3f8-297d-4ced-a46e-3532615b8f6e New RevisionGUID=8a9292a4-4515-4d2c-826b-18d9e539efd3
Change Managed Component Library Link : Designator=SW16 Old VaultGUID=442246F4-344D-46DA-B693-00018615103C New VaultGUID=442246F4-344D-46DA-B693-00018615103C Old ItemGUID=18B14F15-237E-4ABD-B0CC-383D6027A885 New ItemGUID=18B14F15-237E-4ABD-B0CC-383D6027A885 Old RevisionGUID=8298e3f8-297d-4ced-a46e-3532615b8f6e New RevisionGUID=8a9292a4-4515-4d2c-826b-18d9e539efd3
Change Managed Component Library Link : Designator=SW17 Old VaultGUID=442246F4-344D-46DA-B693-00018615103C New VaultGUID=442246F4-344D-46DA-B693-00018615103C Old ItemGUID=18B14F15-237E-4ABD-B0CC-383D6027A885 New ItemGUID=18B14F15-237E-4ABD-B0CC-383D6027A885 Old RevisionGUID=8298e3f8-297d-4ced-a46e-3532615b8f6e New RevisionGUID=8a9292a4-4515-4d2c-826b-18d9e539efd3
Change Managed Component Library Link : Designator=SW18 Old VaultGUID=442246F4-344D-46DA-B693-00018615103C New VaultGUID=442246F4-344D-46DA-B693-00018615103C Old ItemGUID=18B14F15-237E-4ABD-B0CC-383D6027A885 New ItemGUID=18B14F15-237E-4ABD-B0CC-383D6027A885 Old RevisionGUID=8298e3f8-297d-4ced-a46e-3532615b8f6e New RevisionGUID=8a9292a4-4515-4d2c-826b-18d9e539efd3
Change Managed Component Library Link : Designator=SW19 Old VaultGUID=442246F4-344D-46DA-B693-00018615103C New VaultGUID=442246F4-344D-46DA-B693-00018615103C Old ItemGUID=18B14F15-237E-4ABD-B0CC-383D6027A885 New ItemGUID=18B14F15-237E-4ABD-B0CC-383D6027A885 Old RevisionGUID=8298e3f8-297d-4ced-a46e-3532615b8f6e New RevisionGUID=8a9292a4-4515-4d2c-826b-18d9e539efd3
Change Managed Component Library Link : Designator=SW20 Old VaultGUID=442246F4-344D-46DA-B693-00018615103C New VaultGUID=442246F4-344D-46DA-B693-00018615103C Old ItemGUID=18B14F15-237E-4ABD-B0CC-383D6027A885 New ItemGUID=18B14F15-237E-4ABD-B0CC-383D6027A885 Old RevisionGUID=8298e3f8-297d-4ced-a46e-3532615b8f6e New RevisionGUID=8a9292a4-4515-4d2c-826b-18d9e539efd3
Change Managed Component Library Link : Designator=SW21 Old VaultGUID=442246F4-344D-46DA-B693-00018615103C New VaultGUID=442246F4-344D-46DA-B693-00018615103C Old ItemGUID=18B14F15-237E-4ABD-B0CC-383D6027A885 New ItemGUID=18B14F15-237E-4ABD-B0CC-383D6027A885 Old RevisionGUID=8298e3f8-297d-4ced-a46e-3532615b8f6e New RevisionGUID=8a9292a4-4515-4d2c-826b-18d9e539efd3
Change Managed Component Library Link : Designator=SW22 Old VaultGUID=442246F4-344D-46DA-B693-00018615103C New VaultGUID=442246F4-344D-46DA-B693-00018615103C Old ItemGUID=18B14F15-237E-4ABD-B0CC-383D6027A885 New ItemGUID=18B14F15-237E-4ABD-B0CC-383D6027A885 Old RevisionGUID=8298e3f8-297d-4ced-a46e-3532615b8f6e New RevisionGUID=8a9292a4-4515-4d2c-826b-18d9e539efd3
Change Managed Component Library Link : Designator=SW23 Old VaultGUID=442246F4-344D-46DA-B693-00018615103C New VaultGUID=442246F4-344D-46DA-B693-00018615103C Old ItemGUID=18B14F15-237E-4ABD-B0CC-383D6027A885 New ItemGUID=18B14F15-237E-4ABD-B0CC-383D6027A885 Old RevisionGUID=8298e3f8-297d-4ced-a46e-3532615b8f6e New RevisionGUID=8a9292a4-4515-4d2c-826b-18d9e539efd3
Change Managed Component Library Link : Designator=SW24 Old VaultGUID=442246F4-344D-46DA-B693-00018615103C New VaultGUID=442246F4-344D-46DA-B693-00018615103C Old ItemGUID=18B14F15-237E-4ABD-B0CC-383D6027A885 New ItemGUID=18B14F15-237E-4ABD-B0CC-383D6027A885 Old RevisionGUID=8298e3f8-297d-4ced-a46e-3532615b8f6e New RevisionGUID=8a9292a4-4515-4d2c-826b-18d9e539efd3
Change Managed Component Library Link : Designator=SW25 Old VaultGUID=442246F4-344D-46DA-B693-00018615103C New VaultGUID=442246F4-344D-46DA-B693-00018615103C Old ItemGUID=18B14F15-237E-4ABD-B0CC-383D6027A885 New ItemGUID=18B14F15-237E-4ABD-B0CC-383D6027A885 Old RevisionGUID=8298e3f8-297d-4ced-a46e-3532615b8f6e New RevisionGUID=8a9292a4-4515-4d2c-826b-18d9e539efd3
Change Managed Component Library Link : Designator=SW26 Old VaultGUID=442246F4-344D-46DA-B693-00018615103C New VaultGUID=442246F4-344D-46DA-B693-00018615103C Old ItemGUID=18B14F15-237E-4ABD-B0CC-383D6027A885 New ItemGUID=18B14F15-237E-4ABD-B0CC-383D6027A885 Old RevisionGUID=8298e3f8-297d-4ced-a46e-3532615b8f6e New RevisionGUID=8a9292a4-4515-4d2c-826b-18d9e539efd3
Change Managed Component Library Link : Designator=SW27 Old VaultGUID=442246F4-344D-46DA-B693-00018615103C New VaultGUID=442246F4-344D-46DA-B693-00018615103C Old ItemGUID=18B14F15-237E-4ABD-B0CC-383D6027A885 New ItemGUID=18B14F15-237E-4ABD-B0CC-383D6027A885 Old RevisionGUID=8298e3f8-297d-4ced-a46e-3532615b8f6e New RevisionGUID=8a9292a4-4515-4d2c-826b-18d9e539efd3
Change Managed Component Library Link : Designator=SW28 Old VaultGUID=442246F4-344D-46DA-B693-00018615103C New VaultGUID=442246F4-344D-46DA-B693-00018615103C Old ItemGUID=18B14F15-237E-4ABD-B0CC-383D6027A885 New ItemGUID=18B14F15-237E-4ABD-B0CC-383D6027A885 Old RevisionGUID=8298e3f8-297d-4ced-a46e-3532615b8f6e New RevisionGUID=8a9292a4-4515-4d2c-826b-18d9e539efd3
Change Managed Component Library Link : Designator=SW29 Old VaultGUID=442246F4-344D-46DA-B693-00018615103C New VaultGUID=442246F4-344D-46DA-B693-00018615103C Old ItemGUID=18B14F15-237E-4ABD-B0CC-383D6027A885 New ItemGUID=18B14F15-237E-4ABD-B0CC-383D6027A885 Old RevisionGUID=8298e3f8-297d-4ced-a46e-3532615b8f6e New RevisionGUID=8a9292a4-4515-4d2c-826b-18d9e539efd3
Change Managed Component Library Link : Designator=SW30 Old VaultGUID=442246F4-344D-46DA-B693-00018615103C New VaultGUID=442246F4-344D-46DA-B693-00018615103C Old ItemGUID=18B14F15-237E-4ABD-B0CC-383D6027A885 New ItemGUID=18B14F15-237E-4ABD-B0CC-383D6027A885 Old RevisionGUID=8298e3f8-297d-4ced-a46e-3532615b8f6e New RevisionGUID=8a9292a4-4515-4d2c-826b-18d9e539efd3
Change Managed Component Library Link : Designator=SW31 Old VaultGUID=442246F4-344D-46DA-B693-00018615103C New VaultGUID=442246F4-344D-46DA-B693-00018615103C Old ItemGUID=18B14F15-237E-4ABD-B0CC-383D6027A885 New ItemGUID=18B14F15-237E-4ABD-B0CC-383D6027A885 Old RevisionGUID=8298e3f8-297d-4ced-a46e-3532615b8f6e New RevisionGUID=8a9292a4-4515-4d2c-826b-18d9e539efd3
Change Managed Component Library Link : Designator=SW32 Old VaultGUID=442246F4-344D-46DA-B693-00018615103C New VaultGUID=442246F4-344D-46DA-B693-00018615103C Old ItemGUID=18B14F15-237E-4ABD-B0CC-383D6027A885 New ItemGUID=18B14F15-237E-4ABD-B0CC-383D6027A885 Old RevisionGUID=8298e3f8-297d-4ced-a46e-3532615b8f6e New RevisionGUID=8a9292a4-4515-4d2c-826b-18d9e539efd3
Change Managed Component Library Link : Designator=SW33 Old VaultGUID=442246F4-344D-46DA-B693-00018615103C New VaultGUID=442246F4-344D-46DA-B693-00018615103C Old ItemGUID=18B14F15-237E-4ABD-B0CC-383D6027A885 New ItemGUID=18B14F15-237E-4ABD-B0CC-383D6027A885 Old RevisionGUID=8298e3f8-297d-4ced-a46e-3532615b8f6e New RevisionGUID=8a9292a4-4515-4d2c-826b-18d9e539efd3
Change Managed Component Library Link : Designator=SW34 Old VaultGUID=442246F4-344D-46DA-B693-00018615103C New VaultGUID=442246F4-344D-46DA-B693-00018615103C Old ItemGUID=18B14F15-237E-4ABD-B0CC-383D6027A885 New ItemGUID=18B14F15-237E-4ABD-B0CC-383D6027A885 Old RevisionGUID=8298e3f8-297d-4ced-a46e-3532615b8f6e New RevisionGUID=8a9292a4-4515-4d2c-826b-18d9e539efd3
Change Managed Component Library Link : Designator=SW35 Old VaultGUID=442246F4-344D-46DA-B693-00018615103C New VaultGUID=442246F4-344D-46DA-B693-00018615103C Old ItemGUID=18B14F15-237E-4ABD-B0CC-383D6027A885 New ItemGUID=18B14F15-237E-4ABD-B0CC-383D6027A885 Old RevisionGUID=8298e3f8-297d-4ced-a46e-3532615b8f6e New RevisionGUID=8a9292a4-4515-4d2c-826b-18d9e539efd3
Change Managed Component Library Link : Designator=SW36 Old VaultGUID=442246F4-344D-46DA-B693-00018615103C New VaultGUID=442246F4-344D-46DA-B693-00018615103C Old ItemGUID=18B14F15-237E-4ABD-B0CC-383D6027A885 New ItemGUID=18B14F15-237E-4ABD-B0CC-383D6027A885 Old RevisionGUID=8298e3f8-297d-4ced-a46e-3532615b8f6e New RevisionGUID=8a9292a4-4515-4d2c-826b-18d9e539efd3
Change Managed Component Library Link : Designator=SW37 Old VaultGUID=442246F4-344D-46DA-B693-00018615103C New VaultGUID=442246F4-344D-46DA-B693-00018615103C Old ItemGUID=18B14F15-237E-4ABD-B0CC-383D6027A885 New ItemGUID=18B14F15-237E-4ABD-B0CC-383D6027A885 Old RevisionGUID=8298e3f8-297d-4ced-a46e-3532615b8f6e New RevisionGUID=8a9292a4-4515-4d2c-826b-18d9e539efd3
Change Managed Component Library Link : Designator=SW38 Old VaultGUID=442246F4-344D-46DA-B693-00018615103C New VaultGUID=442246F4-344D-46DA-B693-00018615103C Old ItemGUID=18B14F15-237E-4ABD-B0CC-383D6027A885 New ItemGUID=18B14F15-237E-4ABD-B0CC-383D6027A885 Old RevisionGUID=8298e3f8-297d-4ced-a46e-3532615b8f6e New RevisionGUID=8a9292a4-4515-4d2c-826b-18d9e539efd3
Change Managed Component Library Link : Designator=SW39 Old VaultGUID=442246F4-344D-46DA-B693-00018615103C New VaultGUID=442246F4-344D-46DA-B693-00018615103C Old ItemGUID=18B14F15-237E-4ABD-B0CC-383D6027A885 New ItemGUID=18B14F15-237E-4ABD-B0CC-383D6027A885 Old RevisionGUID=8298e3f8-297d-4ced-a46e-3532615b8f6e New RevisionGUID=8a9292a4-4515-4d2c-826b-18d9e539efd3
Change Managed Component Library Link : Designator=SW40 Old VaultGUID=442246F4-344D-46DA-B693-00018615103C New VaultGUID=442246F4-344D-46DA-B693-00018615103C Old ItemGUID=18B14F15-237E-4ABD-B0CC-383D6027A885 New ItemGUID=18B14F15-237E-4ABD-B0CC-383D6027A885 Old RevisionGUID=8298e3f8-297d-4ced-a46e-3532615b8f6e New RevisionGUID=8a9292a4-4515-4d2c-826b-18d9e539efd3
Change Managed Component Library Link : Designator=SW41 Old VaultGUID=442246F4-344D-46DA-B693-00018615103C New VaultGUID=442246F4-344D-46DA-B693-00018615103C Old ItemGUID=18B14F15-237E-4ABD-B0CC-383D6027A885 New ItemGUID=18B14F15-237E-4ABD-B0CC-383D6027A885 Old RevisionGUID=8298e3f8-297d-4ced-a46e-3532615b8f6e New RevisionGUID=8a9292a4-4515-4d2c-826b-18d9e539efd3
Change Managed Component Library Link : Designator=SW42 Old VaultGUID=442246F4-344D-46DA-B693-00018615103C New VaultGUID=442246F4-344D-46DA-B693-00018615103C Old ItemGUID=18B14F15-237E-4ABD-B0CC-383D6027A885 New ItemGUID=18B14F15-237E-4ABD-B0CC-383D6027A885 Old RevisionGUID=8298e3f8-297d-4ced-a46e-3532615b8f6e New RevisionGUID=8a9292a4-4515-4d2c-826b-18d9e539efd3
Change Managed Component Library Link : Designator=SW43 Old VaultGUID=442246F4-344D-46DA-B693-00018615103C New VaultGUID=442246F4-344D-46DA-B693-00018615103C Old ItemGUID=18B14F15-237E-4ABD-B0CC-383D6027A885 New ItemGUID=18B14F15-237E-4ABD-B0CC-383D6027A885 Old RevisionGUID=8298e3f8-297d-4ced-a46e-3532615b8f6e New RevisionGUID=8a9292a4-4515-4d2c-826b-18d9e539efd3
Change Managed Component Library Link : Designator=SW44 Old VaultGUID=442246F4-344D-46DA-B693-00018615103C New VaultGUID=442246F4-344D-46DA-B693-00018615103C Old ItemGUID=18B14F15-237E-4ABD-B0CC-383D6027A885 New ItemGUID=18B14F15-237E-4ABD-B0CC-383D6027A885 Old RevisionGUID=8298e3f8-297d-4ced-a46e-3532615b8f6e New RevisionGUID=8a9292a4-4515-4d2c-826b-18d9e539efd3
Change Managed Component Library Link : Designator=SW45 Old VaultGUID=442246F4-344D-46DA-B693-00018615103C New VaultGUID=442246F4-344D-46DA-B693-00018615103C Old ItemGUID=18B14F15-237E-4ABD-B0CC-383D6027A885 New ItemGUID=18B14F15-237E-4ABD-B0CC-383D6027A885 Old RevisionGUID=8298e3f8-297d-4ced-a46e-3532615b8f6e New RevisionGUID=8a9292a4-4515-4d2c-826b-18d9e539efd3
Change Managed Component Library Link : Designator=SW46 Old VaultGUID=442246F4-344D-46DA-B693-00018615103C New VaultGUID=442246F4-344D-46DA-B693-00018615103C Old ItemGUID=18B14F15-237E-4ABD-B0CC-383D6027A885 New ItemGUID=18B14F15-237E-4ABD-B0CC-383D6027A885 Old RevisionGUID=8298e3f8-297d-4ced-a46e-3532615b8f6e New RevisionGUID=8a9292a4-4515-4d2c-826b-18d9e539efd3
Change Managed Component Library Link : Designator=SW47 Old VaultGUID=442246F4-344D-46DA-B693-00018615103C New VaultGUID=442246F4-344D-46DA-B693-00018615103C Old ItemGUID=18B14F15-237E-4ABD-B0CC-383D6027A885 New ItemGUID=18B14F15-237E-4ABD-B0CC-383D6027A885 Old RevisionGUID=8298e3f8-297d-4ced-a46e-3532615b8f6e New RevisionGUID=8a9292a4-4515-4d2c-826b-18d9e539efd3
Change Managed Component Library Link : Designator=SW48 Old VaultGUID=442246F4-344D-46DA-B693-00018615103C New VaultGUID=442246F4-344D-46DA-B693-00018615103C Old ItemGUID=18B14F15-237E-4ABD-B0CC-383D6027A885 New ItemGUID=18B14F15-237E-4ABD-B0CC-383D6027A885 Old RevisionGUID=8298e3f8-297d-4ced-a46e-3532615b8f6e New RevisionGUID=8a9292a4-4515-4d2c-826b-18d9e539efd3
Change Managed Component Library Link : Designator=SW49 Old VaultGUID=442246F4-344D-46DA-B693-00018615103C New VaultGUID=442246F4-344D-46DA-B693-00018615103C Old ItemGUID=18B14F15-237E-4ABD-B0CC-383D6027A885 New ItemGUID=18B14F15-237E-4ABD-B0CC-383D6027A885 Old RevisionGUID=8298e3f8-297d-4ced-a46e-3532615b8f6e New RevisionGUID=8a9292a4-4515-4d2c-826b-18d9e539efd3
Change Managed Component Library Link : Designator=SW50 Old VaultGUID=442246F4-344D-46DA-B693-00018615103C New VaultGUID=442246F4-344D-46DA-B693-00018615103C Old ItemGUID=18B14F15-237E-4ABD-B0CC-383D6027A885 New ItemGUID=18B14F15-237E-4ABD-B0CC-383D6027A885 Old RevisionGUID=8298e3f8-297d-4ced-a46e-3532615b8f6e New RevisionGUID=8a9292a4-4515-4d2c-826b-18d9e539efd3
Change Managed Component Library Link : Designator=SW51 Old VaultGUID=442246F4-344D-46DA-B693-00018615103C New VaultGUID=442246F4-344D-46DA-B693-00018615103C Old ItemGUID=18B14F15-237E-4ABD-B0CC-383D6027A885 New ItemGUID=18B14F15-237E-4ABD-B0CC-383D6027A885 Old RevisionGUID=8298e3f8-297d-4ced-a46e-3532615b8f6e New RevisionGUID=8a9292a4-4515-4d2c-826b-18d9e539efd3
Change Managed Component Library Link : Designator=SW52 Old VaultGUID=442246F4-344D-46DA-B693-00018615103C New VaultGUID=442246F4-344D-46DA-B693-00018615103C Old ItemGUID=18B14F15-237E-4ABD-B0CC-383D6027A885 New ItemGUID=18B14F15-237E-4ABD-B0CC-383D6027A885 Old RevisionGUID=8298e3f8-297d-4ced-a46e-3532615b8f6e New RevisionGUID=8a9292a4-4515-4d2c-826b-18d9e539efd3
Change Managed Component Library Link : Designator=SW53 Old VaultGUID=442246F4-344D-46DA-B693-00018615103C New VaultGUID=442246F4-344D-46DA-B693-00018615103C Old ItemGUID=18B14F15-237E-4ABD-B0CC-383D6027A885 New ItemGUID=18B14F15-237E-4ABD-B0CC-383D6027A885 Old RevisionGUID=8298e3f8-297d-4ced-a46e-3532615b8f6e New RevisionGUID=8a9292a4-4515-4d2c-826b-18d9e539efd3
Change Managed Component Library Link : Designator=SW54 Old VaultGUID=442246F4-344D-46DA-B693-00018615103C New VaultGUID=442246F4-344D-46DA-B693-00018615103C Old ItemGUID=18B14F15-237E-4ABD-B0CC-383D6027A885 New ItemGUID=18B14F15-237E-4ABD-B0CC-383D6027A885 Old RevisionGUID=8298e3f8-297d-4ced-a46e-3532615b8f6e New RevisionGUID=8a9292a4-4515-4d2c-826b-18d9e539efd3
Change Managed Component Library Link : Designator=SW55 Old VaultGUID=442246F4-344D-46DA-B693-00018615103C New VaultGUID=442246F4-344D-46DA-B693-00018615103C Old ItemGUID=18B14F15-237E-4ABD-B0CC-383D6027A885 New ItemGUID=18B14F15-237E-4ABD-B0CC-383D6027A885 Old RevisionGUID=8298e3f8-297d-4ced-a46e-3532615b8f6e New RevisionGUID=8a9292a4-4515-4d2c-826b-18d9e539efd3
Change Managed Component Library Link : Designator=SW56 Old VaultGUID=442246F4-344D-46DA-B693-00018615103C New VaultGUID=442246F4-344D-46DA-B693-00018615103C Old ItemGUID=18B14F15-237E-4ABD-B0CC-383D6027A885 New ItemGUID=18B14F15-237E-4ABD-B0CC-383D6027A885 Old RevisionGUID=8298e3f8-297d-4ced-a46e-3532615b8f6e New RevisionGUID=8a9292a4-4515-4d2c-826b-18d9e539efd3
Change Managed Component Library Link : Designator=SW57 Old VaultGUID=442246F4-344D-46DA-B693-00018615103C New VaultGUID=442246F4-344D-46DA-B693-00018615103C Old ItemGUID=18B14F15-237E-4ABD-B0CC-383D6027A885 New ItemGUID=18B14F15-237E-4ABD-B0CC-383D6027A885 Old RevisionGUID=8298e3f8-297d-4ced-a46e-3532615b8f6e New RevisionGUID=8a9292a4-4515-4d2c-826b-18d9e539efd3
Change Managed Component Library Link : Designator=SW58 Old VaultGUID=442246F4-344D-46DA-B693-00018615103C New VaultGUID=442246F4-344D-46DA-B693-00018615103C Old ItemGUID=18B14F15-237E-4ABD-B0CC-383D6027A885 New ItemGUID=18B14F15-237E-4ABD-B0CC-383D6027A885 Old RevisionGUID=8298e3f8-297d-4ced-a46e-3532615b8f6e New RevisionGUID=8a9292a4-4515-4d2c-826b-18d9e539efd3
Change Managed Component Library Link : Designator=SW59 Old VaultGUID=442246F4-344D-46DA-B693-00018615103C New VaultGUID=442246F4-344D-46DA-B693-00018615103C Old ItemGUID=18B14F15-237E-4ABD-B0CC-383D6027A885 New ItemGUID=18B14F15-237E-4ABD-B0CC-383D6027A885 Old RevisionGUID=8298e3f8-297d-4ced-a46e-3532615b8f6e New RevisionGUID=8a9292a4-4515-4d2c-826b-18d9e539efd3
Change Managed Component Library Link : Designator=SW60 Old VaultGUID=442246F4-344D-46DA-B693-00018615103C New VaultGUID=442246F4-344D-46DA-B693-00018615103C Old ItemGUID=18B14F15-237E-4ABD-B0CC-383D6027A885 New ItemGUID=18B14F15-237E-4ABD-B0CC-383D6027A885 Old RevisionGUID=8298e3f8-297d-4ced-a46e-3532615b8f6e New RevisionGUID=8a9292a4-4515-4d2c-826b-18d9e539efd3
Change Managed Component Library Link : Designator=SW61 Old VaultGUID=442246F4-344D-46DA-B693-00018615103C New VaultGUID=442246F4-344D-46DA-B693-00018615103C Old ItemGUID=18B14F15-237E-4ABD-B0CC-383D6027A885 New ItemGUID=18B14F15-237E-4ABD-B0CC-383D6027A885 Old RevisionGUID=8298e3f8-297d-4ced-a46e-3532615b8f6e New RevisionGUID=8a9292a4-4515-4d2c-826b-18d9e539efd3
Change Managed Component Library Link : Designator=SW62 Old VaultGUID=442246F4-344D-46DA-B693-00018615103C New VaultGUID=442246F4-344D-46DA-B693-00018615103C Old ItemGUID=18B14F15-237E-4ABD-B0CC-383D6027A885 New ItemGUID=18B14F15-237E-4ABD-B0CC-383D6027A885 Old RevisionGUID=8298e3f8-297d-4ced-a46e-3532615b8f6e New RevisionGUID=8a9292a4-4515-4d2c-826b-18d9e539efd3
Change Managed Component Library Link : Designator=SW63 Old VaultGUID=442246F4-344D-46DA-B693-00018615103C New VaultGUID=442246F4-344D-46DA-B693-00018615103C Old ItemGUID=18B14F15-237E-4ABD-B0CC-383D6027A885 New ItemGUID=18B14F15-237E-4ABD-B0CC-383D6027A885 Old RevisionGUID=8298e3f8-297d-4ced-a46e-3532615b8f6e New RevisionGUID=8a9292a4-4515-4d2c-826b-18d9e539efd3
Change Managed Component Library Link : Designator=SW64 Old VaultGUID=442246F4-344D-46DA-B693-00018615103C New VaultGUID=442246F4-344D-46DA-B693-00018615103C Old ItemGUID=18B14F15-237E-4ABD-B0CC-383D6027A885 New ItemGUID=18B14F15-237E-4ABD-B0CC-383D6027A885 Old RevisionGUID=8298e3f8-297d-4ced-a46e-3532615b8f6e New RevisionGUID=8a9292a4-4515-4d2c-826b-18d9e539efd3
Change Managed Component Library Link : Designator=SW65 Old VaultGUID=442246F4-344D-46DA-B693-00018615103C New VaultGUID=442246F4-344D-46DA-B693-00018615103C Old ItemGUID=18B14F15-237E-4ABD-B0CC-383D6027A885 New ItemGUID=18B14F15-237E-4ABD-B0CC-383D6027A885 Old RevisionGUID=8298e3f8-297d-4ced-a46e-3532615b8f6e New RevisionGUID=8a9292a4-4515-4d2c-826b-18d9e539efd3
Change Managed Component Library Link : Designator=SW66 Old VaultGUID=442246F4-344D-46DA-B693-00018615103C New VaultGUID=442246F4-344D-46DA-B693-00018615103C Old ItemGUID=18B14F15-237E-4ABD-B0CC-383D6027A885 New ItemGUID=18B14F15-237E-4ABD-B0CC-383D6027A885 Old RevisionGUID=8298e3f8-297d-4ced-a46e-3532615b8f6e New RevisionGUID=8a9292a4-4515-4d2c-826b-18d9e539efd3
Change Managed Component Library Link : Designator=SW Old VaultGUID=442246F4-344D-46DA-B693-00018615103C New VaultGUID=442246F4-344D-46DA-B693-00018615103C Old ItemGUID=18B14F15-237E-4ABD-B0CC-383D6027A885 New ItemGUID=18B14F15-237E-4ABD-B0CC-383D6027A885 Old RevisionGUID=8298e3f8-297d-4ced-a46e-3532615b8f6e New RevisionGUID=8a9292a4-4515-4d2c-826b-18d9e539efd3
Added Pin To Net: NetName=GPIO14 Pin=SW9-2
Added Pin To Net: NetName=NetD58_2 Pin=SW55-1
Added Pin To Net: NetName=GPIO17 Pin=SW55-2
Added Pin To Net: NetName=NetD12_2 Pin=D12-2
Added Pin To Net: NetName=NetD12_2 Pin=SW9-1
Added Net: Name=NetD12_2
