Removed Pin From Net: NetName=COL_15 Pin=U2-11
Removed Pin From Net: NetName=GPIO9 Pin=U2-12
Removed Pin From Net: NetName=GPIO10 Pin=U2-13
Removed Pin From Net: NetName=GPIO11 Pin=U2-14
Removed Pin From Net: NetName=GPIO16 Pin=U2-27
Removed Pin From Net: NetName=GPIO17 Pin=U2-28
Removed Pin From Net: NetName=GPIO18 Pin=U2-29
Removed Pin From Net: NetName=GPIO19 Pin=U2-30
Removed Pin From Net: NetName=GPIO20 Pin=U2-31
Removed Pin From Net: NetName=GPIO21 Pin=U2-32
Removed Pin From Net: NetName=GPIO22 Pin=U2-34
Removed Pin From Net: NetName=GPIO23 Pin=U2-35
Removed Pin From Net: NetName=GPIO24 Pin=U2-36
Removed Pin From Net: NetName=GPIO25 Pin=U2-37
Added Pin To Net: NetName=COL_15 Pin=U2-8
Added Pin To Net: NetName=GPIO9 Pin=U2-9
Added Pin To Net: NetName=GPIO10 Pin=U2-11
Added Pin To Net: NetName=GPIO11 Pin=U2-12
Added Pin To Net: NetName=GPIO16 Pin=U2-13
Added Pin To Net: NetName=GPIO17 Pin=U2-14
Added Pin To Net: NetName=GPIO18 Pin=U2-27
Added Pin To Net: NetName=GPIO19 Pin=U2-28
Added Pin To Net: NetName=GPIO20 Pin=U2-29
Added Pin To Net: NetName=GPIO21 Pin=U2-30
Added Pin To Net: NetName=GPIO22 Pin=U2-31
Added Pin To Net: NetName=GPIO23 Pin=U2-32
Added Pin To Net: NetName=GPIO24 Pin=U2-34
Added Pin To Net: NetName=GPIO25 Pin=U2-35
Change Net Name : Old Net Name=GPIO9 New Net Name=GPIO7
Change Net Name : Old Net Name=GPIO10 New Net Name=GPIO8
Change Net Name : Old Net Name=GPIO11 New Net Name=GPIO9
Change Net Name : Old Net Name=GPIO16 New Net Name=GPIO10
Change Net Name : Old Net Name=GPIO17 New Net Name=GPIO11
Change Net Name : Old Net Name=GPIO18 New Net Name=GPIO16
Change Net Name : Old Net Name=GPIO19 New Net Name=GPIO17
Change Net Name : Old Net Name=GPIO20 New Net Name=GPIO18
Change Net Name : Old Net Name=GPIO21 New Net Name=GPIO19
Change Net Name : Old Net Name=GPIO22 New Net Name=GPIO20
Change Net Name : Old Net Name=GPIO23 New Net Name=GPIO21
Change Net Name : Old Net Name=GPIO24 New Net Name=GPIO22
Change Net Name : Old Net Name=GPIO25 New Net Name=GPIO23
Added Pin To Net: NetName=GPIO24 Pin=C20-1
Added Pin To Net: NetName=GPIO24 Pin=R9-2
Added Pin To Net: NetName=GPIO24 Pin=U2-36
Added Net: Name=GPIO24
Added Pin To Net: NetName=GPIO25 Pin=C21-2
Added Pin To Net: NetName=GPIO25 Pin=R10-2
Added Pin To Net: NetName=GPIO25 Pin=U2-37
Added Net: Name=GPIO25
