Removed Pin From Net: NetName=GPIO23 Pin=C20-1
Removed Pin From Net: NetName=GPIO22 Pin=C21-2
Removed Pin From Net: NetName=GPIO23 Pin=R9-2
Removed Pin From Net: NetName=GPIO22 Pin=R10-2
Removed Pin From Net: NetName=GPIO19 Pin=U2-31
Removed Pin From Net: NetName=GPIO0 Pin=U2-32
Change component parameters: Designator = "C17" ("C17"); Footprint = "FP-GQM219-0_15-IPC_C"; UniqueID = "\XSDFBPIA" ("\XSDFBPIA")
Change component parameters: Designator = "C18" ("C18"); Footprint = "FP-GQM219-0_15-IPC_C"; UniqueID = "\TZKBBDYU" ("\TZKBBDYU")
Change component parameters: Designator = "R1" ("R1"); Footprint = "FP-RC0402-0_4-IPC_C"; UniqueID = "\YHNZYWAP" ("\YHNZYWAP")
Change component parameters (AddParameter): Name = "Case Code (Imperial)"; Value = "0402"; VariantName = "[No Variations]"
Change component parameters (AddParameter): Name = "Case Code (Metric)"; Value = "1005"; VariantName = "[No Variations]"
Change component parameters (AddParameter): Name = "Case/Package"; Value = "0402"; VariantName = "[No Variations]"
Change component parameters (AddParameter): Name = "Construction"; Value = "Rectangular"; VariantName = "[No Variations]"
Change component parameters (AddParameter): Name = "Depth"; Value = "0.5mm"; VariantName = "[No Variations]"
Change component parameters (AddParameter): Name = "Features"; Value = "Moisture Resistant"; VariantName = "[No Variations]"
Change component parameters (AddParameter): Name = "Height"; Value = "0.016inch"; VariantName = "[No Variations]"
Change component parameters (AddParameter): Name = "Lead Free"; Value = "Lead Free"; VariantName = "[No Variations]"
Change component parameters (AddParameter): Name = "Length"; Value = "0.039inch"; VariantName = "[No Variations]"
Change component parameters (AddParameter): Name = "Max Operating Temperature"; Value = "155°C"; VariantName = "[No Variations]"
Change component parameters (AddParameter): Name = "Max Power Dissipation"; Value = "63mW"; VariantName = "[No Variations]"
Change component parameters (AddParameter): Name = "Military Standard"; Value = "Not"; VariantName = "[No Variations]"
Change component parameters (AddParameter): Name = "Min Operating Temperature"; Value = "-55°C"; VariantName = "[No Variations]"
Change component parameters (AddParameter): Name = "Number of Terminations"; Value = "2"; VariantName = "[No Variations]"
Change component parameters (AddParameter): Name = "Package Quantity"; Value = "1"; VariantName = "[No Variations]"
Change component parameters (AddParameter): Name = "Packaging"; Value = "Tape and Reel"; VariantName = "[No Variations]"
Change component parameters (AddParameter): Name = "Power Rating"; Value = "62.5mW"; VariantName = "[No Variations]"
Change component parameters (AddParameter): Name = "Resistance"; Value = "10kR"; VariantName = "[No Variations]"
Change component parameters (AddParameter): Name = "Resistance Tolerance"; Value = "5%"; VariantName = "[No Variations]"
Change component parameters (AddParameter): Name = "Resistor Type"; Value = "Thick Film"; VariantName = "[No Variations]"
Change component parameters (AddParameter): Name = "RoHS Compliant"; Value = "Yes"; VariantName = "[No Variations]"
Change component parameters (AddParameter): Name = "Series"; Value = "RC"; VariantName = "[No Variations]"
Change component parameters (AddParameter): Name = "Size Code"; Value = "0402"; VariantName = "[No Variations]"
Change component parameters (AddParameter): Name = "Temperature Coefficient"; Value = "100ppm/°C"; VariantName = "[No Variations]"
Change component parameters (AddParameter): Name = "Termination"; Value = "SMD/SMT"; VariantName = "[No Variations]"
Change component parameters (AddParameter): Name = "Tolerance"; Value = "5%"; VariantName = "[No Variations]"
Change component parameters (AddParameter): Name = "Voltage Rating"; Value = "50V"; VariantName = "[No Variations]"
Change component parameters (AddParameter): Name = "Width"; Value = "0.02inch"; VariantName = "[No Variations]"
Change component parameters: Designator = "R3" ("R3"); Footprint = "FP-RC0603-0_55-IPC_C"; UniqueID = "\RKPXSDFL" ("\RKPXSDFL")
Change component parameters (AddParameter): Name = "Case Code (Imperial)"; Value = "0603"; VariantName = "[No Variations]"
Change component parameters (AddParameter): Name = "Case Code (Metric)"; Value = "1608"; VariantName = "[No Variations]"
Change component parameters (AddParameter): Name = "Case/Package"; Value = "0603"; VariantName = "[No Variations]"
Change component parameters (AddParameter): Name = "Construction"; Value = "Rectangular"; VariantName = "[No Variations]"
Change component parameters (AddParameter): Name = "Contact Plating"; Value = "Tin"; VariantName = "[No Variations]"
Change component parameters (AddParameter): Name = "Depth"; Value = "0.8mm"; VariantName = "[No Variations]"
Change component parameters (AddParameter): Name = "Features"; Value = "Moisture Resistant"; VariantName = "[No Variations]"
Change component parameters (AddParameter): Name = "Height"; Value = "0.45mm"; VariantName = "[No Variations]"
Change component parameters (AddParameter): Name = "Lead Free"; Value = "Lead Free"; VariantName = "[No Variations]"
Change component parameters (AddParameter): Name = "Length"; Value = "1.6mm"; VariantName = "[No Variations]"
Change component parameters (AddParameter): Name = "Max Operating Temperature"; Value = "155°C"; VariantName = "[No Variations]"
Change component parameters (AddParameter): Name = "Max Power Dissipation"; Value = "100mW"; VariantName = "[No Variations]"
Change component parameters (AddParameter): Name = "Military Standard"; Value = "Not"; VariantName = "[No Variations]"
Change component parameters (AddParameter): Name = "Min Operating Temperature"; Value = "-55°C"; VariantName = "[No Variations]"
Change component parameters (AddParameter): Name = "Number of Terminations"; Value = "2"; VariantName = "[No Variations]"
Change component parameters (AddParameter): Name = "Packaging"; Value = "Tape and Reel"; VariantName = "[No Variations]"
Change component parameters (AddParameter): Name = "Power Rating"; Value = "100mW"; VariantName = "[No Variations]"
Change component parameters (AddParameter): Name = "Radiation Hardening"; Value = "No"; VariantName = "[No Variations]"
Change component parameters (AddParameter): Name = "REACH SVHC"; Value = "No SVHC"; VariantName = "[No Variations]"
Change component parameters (AddParameter): Name = "Resistance"; Value = "1kR"; VariantName = "[No Variations]"
Change component parameters (AddParameter): Name = "Resistance Tolerance"; Value = "1%"; VariantName = "[No Variations]"
Change component parameters (AddParameter): Name = "Resistor Type"; Value = "Thick Film"; VariantName = "[No Variations]"
Change component parameters (AddParameter): Name = "RoHS Compliant"; Value = "Yes"; VariantName = "[No Variations]"
Change component parameters (AddParameter): Name = "Series"; Value = "RC"; VariantName = "[No Variations]"
Change component parameters (AddParameter): Name = "Size Code"; Value = "0603"; VariantName = "[No Variations]"
Change component parameters (AddParameter): Name = "Technology"; Value = "THICK FILM"; VariantName = "[No Variations]"
Change component parameters (AddParameter): Name = "Temperature Coefficient"; Value = "100ppm/°C"; VariantName = "[No Variations]"
Change component parameters (AddParameter): Name = "Termination"; Value = "SMD/SMT"; VariantName = "[No Variations]"
Change component parameters (AddParameter): Name = "Tolerance"; Value = "1%"; VariantName = "[No Variations]"
Change component parameters (AddParameter): Name = "Voltage Rating"; Value = "50V"; VariantName = "[No Variations]"
Change component parameters: Designator = "R5" ("R5"); Footprint = "FP-RMCF1206-MFG"; UniqueID = "\LVIUZGZT" ("\LVIUZGZT")
Change component parameters (AddParameter): Name = "Case Code (Imperial)"; Value = "1206"; VariantName = "[No Variations]"
Change component parameters (AddParameter): Name = "Case Code (Metric)"; Value = "3216"; VariantName = "[No Variations]"
Change component parameters (AddParameter): Name = "Case/Package"; Value = "1206"; VariantName = "[No Variations]"
Change component parameters (AddParameter): Name = "Construction"; Value = "Rectangular"; VariantName = "[No Variations]"
Change component parameters (AddParameter): Name = "Contact Plating"; Value = "Tin"; VariantName = "[No Variations]"
Change component parameters (AddParameter): Name = "Depth"; Value = "1.6mm"; VariantName = "[No Variations]"
Change component parameters (AddParameter): Name = "Features"; Value = "Automotive AEC-Q200"; VariantName = "[No Variations]"
Change component parameters (AddParameter): Name = "Height"; Value = "0.028inch"; VariantName = "[No Variations]"
Change component parameters (AddParameter): Name = "Lead Free"; Value = "Lead Free"; VariantName = "[No Variations]"
Change component parameters (AddParameter): Name = "Length"; Value = "0.126inch"; VariantName = "[No Variations]"
Change component parameters (AddParameter): Name = "Max Operating Temperature"; Value = "155°C"; VariantName = "[No Variations]"
Change component parameters (AddParameter): Name = "Max Power Dissipation"; Value = "250mW"; VariantName = "[No Variations]"
Change component parameters (AddParameter): Name = "Military Standard"; Value = "Not"; VariantName = "[No Variations]"
Change component parameters (AddParameter): Name = "Min Operating Temperature"; Value = "-55°C"; VariantName = "[No Variations]"
Change component parameters (AddParameter): Name = "Mount"; Value = "Surface Mount"; VariantName = "[No Variations]"
Change component parameters (AddParameter): Name = "Number of Terminations"; Value = "2"; VariantName = "[No Variations]"
Change component parameters (AddParameter): Name = "Packaging"; Value = "Tape and Reel"; VariantName = "[No Variations]"
Change component parameters (AddParameter): Name = "Power Rating"; Value = "250mW"; VariantName = "[No Variations]"
Change component parameters (AddParameter): Name = "Radiation Hardening"; Value = "No"; VariantName = "[No Variations]"
Change component parameters (AddParameter): Name = "Resistance"; Value = "56kR"; VariantName = "[No Variations]"
Change component parameters (AddParameter): Name = "Resistor Type"; Value = "Thick Film"; VariantName = "[No Variations]"
Change component parameters (AddParameter): Name = "RoHS Compliant"; Value = "Yes"; VariantName = "[No Variations]"
Change component parameters (AddParameter): Name = "Series"; Value = "RMCF"; VariantName = "[No Variations]"
Change component parameters (AddParameter): Name = "Size Code"; Value = "1206"; VariantName = "[No Variations]"
Change component parameters (AddParameter): Name = "Temperature Coefficient"; Value = "200ppm/°C"; VariantName = "[No Variations]"
Change component parameters (AddParameter): Name = "Tolerance"; Value = "5%"; VariantName = "[No Variations]"
Change component parameters (AddParameter): Name = "Width"; Value = "0.063inch"; VariantName = "[No Variations]"
Change component parameters: Designator = "R6" ("R6"); Footprint = "FP-RMCF1206-MFG"; UniqueID = "\BDDUULWK" ("\BDDUULWK")
Change component parameters (AddParameter): Name = "Case Code (Imperial)"; Value = "1206"; VariantName = "[No Variations]"
Change component parameters (AddParameter): Name = "Case Code (Metric)"; Value = "3216"; VariantName = "[No Variations]"
Change component parameters (AddParameter): Name = "Case/Package"; Value = "1206"; VariantName = "[No Variations]"
Change component parameters (AddParameter): Name = "Construction"; Value = "Rectangular"; VariantName = "[No Variations]"
Change component parameters (AddParameter): Name = "Contact Plating"; Value = "Tin"; VariantName = "[No Variations]"
Change component parameters (AddParameter): Name = "Depth"; Value = "1.6mm"; VariantName = "[No Variations]"
Change component parameters (AddParameter): Name = "Features"; Value = "Automotive AEC-Q200"; VariantName = "[No Variations]"
Change component parameters (AddParameter): Name = "Height"; Value = "0.028inch"; VariantName = "[No Variations]"
Change component parameters (AddParameter): Name = "Lead Free"; Value = "Lead Free"; VariantName = "[No Variations]"
Change component parameters (AddParameter): Name = "Length"; Value = "0.126inch"; VariantName = "[No Variations]"
Change component parameters (AddParameter): Name = "Max Operating Temperature"; Value = "155°C"; VariantName = "[No Variations]"
Change component parameters (AddParameter): Name = "Max Power Dissipation"; Value = "250mW"; VariantName = "[No Variations]"
Change component parameters (AddParameter): Name = "Military Standard"; Value = "Not"; VariantName = "[No Variations]"
Change component parameters (AddParameter): Name = "Min Operating Temperature"; Value = "-55°C"; VariantName = "[No Variations]"
Change component parameters (AddParameter): Name = "Mount"; Value = "Surface Mount"; VariantName = "[No Variations]"
Change component parameters (AddParameter): Name = "Number of Terminations"; Value = "2"; VariantName = "[No Variations]"
Change component parameters (AddParameter): Name = "Packaging"; Value = "Tape and Reel"; VariantName = "[No Variations]"
Change component parameters (AddParameter): Name = "Power Rating"; Value = "250mW"; VariantName = "[No Variations]"
Change component parameters (AddParameter): Name = "Radiation Hardening"; Value = "No"; VariantName = "[No Variations]"
Change component parameters (AddParameter): Name = "Resistance"; Value = "56kR"; VariantName = "[No Variations]"
Change component parameters (AddParameter): Name = "Resistor Type"; Value = "Thick Film"; VariantName = "[No Variations]"
Change component parameters (AddParameter): Name = "RoHS Compliant"; Value = "Yes"; VariantName = "[No Variations]"
Change component parameters (AddParameter): Name = "Series"; Value = "RMCF"; VariantName = "[No Variations]"
Change component parameters (AddParameter): Name = "Size Code"; Value = "1206"; VariantName = "[No Variations]"
Change component parameters (AddParameter): Name = "Temperature Coefficient"; Value = "200ppm/°C"; VariantName = "[No Variations]"
Change component parameters (AddParameter): Name = "Tolerance"; Value = "5%"; VariantName = "[No Variations]"
Change component parameters (AddParameter): Name = "Width"; Value = "0.063inch"; VariantName = "[No Variations]"
Change component parameters: Designator = "R7" ("R7"); Footprint = "FP-RC0402-0_4-IPC_C"; UniqueID = "\FWNCCSOI" ("\FWNCCSOI")
Change component parameters (AddParameter): Name = "Case Code (Imperial)"; Value = "0402"; VariantName = "[No Variations]"
Change component parameters (AddParameter): Name = "Case Code (Metric)"; Value = "1005"; VariantName = "[No Variations]"
Change component parameters (AddParameter): Name = "Case/Package"; Value = "0402"; VariantName = "[No Variations]"
Change component parameters (AddParameter): Name = "Construction"; Value = "Rectangular"; VariantName = "[No Variations]"
Change component parameters (AddParameter): Name = "Depth"; Value = "0.5mm"; VariantName = "[No Variations]"
Change component parameters (AddParameter): Name = "Features"; Value = "Moisture Resistant"; VariantName = "[No Variations]"
Change component parameters (AddParameter): Name = "Height"; Value = "0.016inch"; VariantName = "[No Variations]"
Change component parameters (AddParameter): Name = "Lead Free"; Value = "Lead Free"; VariantName = "[No Variations]"
Change component parameters (AddParameter): Name = "Length"; Value = "0.039inch"; VariantName = "[No Variations]"
Change component parameters (AddParameter): Name = "Max Operating Temperature"; Value = "155°C"; VariantName = "[No Variations]"
Change component parameters (AddParameter): Name = "Max Power Dissipation"; Value = "63mW"; VariantName = "[No Variations]"
Change component parameters (AddParameter): Name = "Military Standard"; Value = "Not"; VariantName = "[No Variations]"
Change component parameters (AddParameter): Name = "Min Operating Temperature"; Value = "-55°C"; VariantName = "[No Variations]"
Change component parameters (AddParameter): Name = "Number of Terminations"; Value = "2"; VariantName = "[No Variations]"
Change component parameters (AddParameter): Name = "Package Quantity"; Value = "1"; VariantName = "[No Variations]"
Change component parameters (AddParameter): Name = "Packaging"; Value = "Tape and Reel"; VariantName = "[No Variations]"
Change component parameters (AddParameter): Name = "Power Rating"; Value = "62.5mW"; VariantName = "[No Variations]"
Change component parameters (AddParameter): Name = "Resistance"; Value = "10kR"; VariantName = "[No Variations]"
Change component parameters (AddParameter): Name = "Resistance Tolerance"; Value = "5%"; VariantName = "[No Variations]"
Change component parameters (AddParameter): Name = "Resistor Type"; Value = "Thick Film"; VariantName = "[No Variations]"
Change component parameters (AddParameter): Name = "RoHS Compliant"; Value = "Yes"; VariantName = "[No Variations]"
Change component parameters (AddParameter): Name = "Series"; Value = "RC"; VariantName = "[No Variations]"
Change component parameters (AddParameter): Name = "Size Code"; Value = "0402"; VariantName = "[No Variations]"
Change component parameters (AddParameter): Name = "Temperature Coefficient"; Value = "100ppm/°C"; VariantName = "[No Variations]"
Change component parameters (AddParameter): Name = "Termination"; Value = "SMD/SMT"; VariantName = "[No Variations]"
Change component parameters (AddParameter): Name = "Tolerance"; Value = "5%"; VariantName = "[No Variations]"
Change component parameters (AddParameter): Name = "Voltage Rating"; Value = "50V"; VariantName = "[No Variations]"
Change component parameters (AddParameter): Name = "Width"; Value = "0.02inch"; VariantName = "[No Variations]"
Change component parameters: Designator = "R8" ("R8"); Footprint = "FP-RC0603-0_55-IPC_C"; UniqueID = "\XXLRAMNT" ("\XXLRAMNT")
Change component parameters (AddParameter): Name = "Case Code (Imperial)"; Value = "0603"; VariantName = "[No Variations]"
Change component parameters (AddParameter): Name = "Case Code (Metric)"; Value = "1608"; VariantName = "[No Variations]"
Change component parameters (AddParameter): Name = "Case/Package"; Value = "0603"; VariantName = "[No Variations]"
Change component parameters (AddParameter): Name = "Construction"; Value = "Rectangular"; VariantName = "[No Variations]"
Change component parameters (AddParameter): Name = "Contact Plating"; Value = "Tin"; VariantName = "[No Variations]"
Change component parameters (AddParameter): Name = "Depth"; Value = "0.8mm"; VariantName = "[No Variations]"
Change component parameters (AddParameter): Name = "Features"; Value = "Moisture Resistant"; VariantName = "[No Variations]"
Change component parameters (AddParameter): Name = "Height"; Value = "0.45mm"; VariantName = "[No Variations]"
Change component parameters (AddParameter): Name = "Lead Free"; Value = "Lead Free"; VariantName = "[No Variations]"
Change component parameters (AddParameter): Name = "Length"; Value = "1.6mm"; VariantName = "[No Variations]"
Change component parameters (AddParameter): Name = "Max Operating Temperature"; Value = "155°C"; VariantName = "[No Variations]"
Change component parameters (AddParameter): Name = "Max Power Dissipation"; Value = "100mW"; VariantName = "[No Variations]"
Change component parameters (AddParameter): Name = "Military Standard"; Value = "Not"; VariantName = "[No Variations]"
Change component parameters (AddParameter): Name = "Min Operating Temperature"; Value = "-55°C"; VariantName = "[No Variations]"
Change component parameters (AddParameter): Name = "Number of Terminations"; Value = "2"; VariantName = "[No Variations]"
Change component parameters (AddParameter): Name = "Packaging"; Value = "Tape and Reel"; VariantName = "[No Variations]"
Change component parameters (AddParameter): Name = "Power Rating"; Value = "100mW"; VariantName = "[No Variations]"
Change component parameters (AddParameter): Name = "Radiation Hardening"; Value = "No"; VariantName = "[No Variations]"
Change component parameters (AddParameter): Name = "REACH SVHC"; Value = "No SVHC"; VariantName = "[No Variations]"
Change component parameters (AddParameter): Name = "Resistance"; Value = "1kR"; VariantName = "[No Variations]"
Change component parameters (AddParameter): Name = "Resistance Tolerance"; Value = "1%"; VariantName = "[No Variations]"
Change component parameters (AddParameter): Name = "Resistor Type"; Value = "Thick Film"; VariantName = "[No Variations]"
Change component parameters (AddParameter): Name = "RoHS Compliant"; Value = "Yes"; VariantName = "[No Variations]"
Change component parameters (AddParameter): Name = "Series"; Value = "RC"; VariantName = "[No Variations]"
Change component parameters (AddParameter): Name = "Size Code"; Value = "0603"; VariantName = "[No Variations]"
Change component parameters (AddParameter): Name = "Technology"; Value = "THICK FILM"; VariantName = "[No Variations]"
Change component parameters (AddParameter): Name = "Temperature Coefficient"; Value = "100ppm/°C"; VariantName = "[No Variations]"
Change component parameters (AddParameter): Name = "Termination"; Value = "SMD/SMT"; VariantName = "[No Variations]"
Change component parameters (AddParameter): Name = "Tolerance"; Value = "1%"; VariantName = "[No Variations]"
Change component parameters (AddParameter): Name = "Voltage Rating"; Value = "50V"; VariantName = "[No Variations]"
Change component parameters: Designator = "R9" ("R9"); Footprint = "FP-RC0402-0_4-IPC_C"; UniqueID = "\RWCMHKZG\GCXGTGZI" ("\RWCMHKZG\GCXGTGZI")
Change component parameters (AddParameter): Name = "Case Code (Imperial)"; Value = "0402"; VariantName = "[No Variations]"
Change component parameters (AddParameter): Name = "Case Code (Metric)"; Value = "1005"; VariantName = "[No Variations]"
Change component parameters (AddParameter): Name = "Case/Package"; Value = "0402"; VariantName = "[No Variations]"
Change component parameters (AddParameter): Name = "Construction"; Value = "Rectangular"; VariantName = "[No Variations]"
Change component parameters (AddParameter): Name = "Depth"; Value = "0.5mm"; VariantName = "[No Variations]"
Change component parameters (AddParameter): Name = "Features"; Value = "Moisture Resistant"; VariantName = "[No Variations]"
Change component parameters (AddParameter): Name = "Height"; Value = "0.016inch"; VariantName = "[No Variations]"
Change component parameters (AddParameter): Name = "Lead Free"; Value = "Lead Free"; VariantName = "[No Variations]"
Change component parameters (AddParameter): Name = "Length"; Value = "0.039inch"; VariantName = "[No Variations]"
Change component parameters (AddParameter): Name = "Max Operating Temperature"; Value = "155°C"; VariantName = "[No Variations]"
Change component parameters (AddParameter): Name = "Max Power Dissipation"; Value = "63mW"; VariantName = "[No Variations]"
Change component parameters (AddParameter): Name = "Military Standard"; Value = "Not"; VariantName = "[No Variations]"
Change component parameters (AddParameter): Name = "Min Operating Temperature"; Value = "-55°C"; VariantName = "[No Variations]"
Change component parameters (AddParameter): Name = "Number of Terminations"; Value = "2"; VariantName = "[No Variations]"
Change component parameters (AddParameter): Name = "Package Quantity"; Value = "1"; VariantName = "[No Variations]"
Change component parameters (AddParameter): Name = "Packaging"; Value = "Tape and Reel"; VariantName = "[No Variations]"
Change component parameters (AddParameter): Name = "Power Rating"; Value = "62.5mW"; VariantName = "[No Variations]"
Change component parameters (AddParameter): Name = "Resistance"; Value = "10kR"; VariantName = "[No Variations]"
Change component parameters (AddParameter): Name = "Resistance Tolerance"; Value = "5%"; VariantName = "[No Variations]"
Change component parameters (AddParameter): Name = "Resistor Type"; Value = "Thick Film"; VariantName = "[No Variations]"
Change component parameters (AddParameter): Name = "RoHS Compliant"; Value = "Yes"; VariantName = "[No Variations]"
Change component parameters (AddParameter): Name = "Series"; Value = "RC"; VariantName = "[No Variations]"
Change component parameters (AddParameter): Name = "Size Code"; Value = "0402"; VariantName = "[No Variations]"
Change component parameters (AddParameter): Name = "Temperature Coefficient"; Value = "100ppm/°C"; VariantName = "[No Variations]"
Change component parameters (AddParameter): Name = "Termination"; Value = "SMD/SMT"; VariantName = "[No Variations]"
Change component parameters (AddParameter): Name = "Tolerance"; Value = "5%"; VariantName = "[No Variations]"
Change component parameters (AddParameter): Name = "Voltage Rating"; Value = "50V"; VariantName = "[No Variations]"
Change component parameters (AddParameter): Name = "Width"; Value = "0.02inch"; VariantName = "[No Variations]"
Change component parameters: Designator = "R10" ("R10"); Footprint = "FP-RC0402-0_4-IPC_C"; UniqueID = "\RWCMHKZG\QLKLKLWB" ("\RWCMHKZG\QLKLKLWB")
Change component parameters (AddParameter): Name = "Case Code (Imperial)"; Value = "0402"; VariantName = "[No Variations]"
Change component parameters (AddParameter): Name = "Case Code (Metric)"; Value = "1005"; VariantName = "[No Variations]"
Change component parameters (AddParameter): Name = "Case/Package"; Value = "0402"; VariantName = "[No Variations]"
Change component parameters (AddParameter): Name = "Construction"; Value = "Rectangular"; VariantName = "[No Variations]"
Change component parameters (AddParameter): Name = "Depth"; Value = "0.5mm"; VariantName = "[No Variations]"
Change component parameters (AddParameter): Name = "Features"; Value = "Moisture Resistant"; VariantName = "[No Variations]"
Change component parameters (AddParameter): Name = "Height"; Value = "0.016inch"; VariantName = "[No Variations]"
Change component parameters (AddParameter): Name = "Lead Free"; Value = "Lead Free"; VariantName = "[No Variations]"
Change component parameters (AddParameter): Name = "Length"; Value = "0.039inch"; VariantName = "[No Variations]"
Change component parameters (AddParameter): Name = "Max Operating Temperature"; Value = "155°C"; VariantName = "[No Variations]"
Change component parameters (AddParameter): Name = "Max Power Dissipation"; Value = "63mW"; VariantName = "[No Variations]"
Change component parameters (AddParameter): Name = "Military Standard"; Value = "Not"; VariantName = "[No Variations]"
Change component parameters (AddParameter): Name = "Min Operating Temperature"; Value = "-55°C"; VariantName = "[No Variations]"
Change component parameters (AddParameter): Name = "Number of Terminations"; Value = "2"; VariantName = "[No Variations]"
Change component parameters (AddParameter): Name = "Package Quantity"; Value = "1"; VariantName = "[No Variations]"
Change component parameters (AddParameter): Name = "Packaging"; Value = "Tape and Reel"; VariantName = "[No Variations]"
Change component parameters (AddParameter): Name = "Power Rating"; Value = "62.5mW"; VariantName = "[No Variations]"
Change component parameters (AddParameter): Name = "Resistance"; Value = "10kR"; VariantName = "[No Variations]"
Change component parameters (AddParameter): Name = "Resistance Tolerance"; Value = "5%"; VariantName = "[No Variations]"
Change component parameters (AddParameter): Name = "Resistor Type"; Value = "Thick Film"; VariantName = "[No Variations]"
Change component parameters (AddParameter): Name = "RoHS Compliant"; Value = "Yes"; VariantName = "[No Variations]"
Change component parameters (AddParameter): Name = "Series"; Value = "RC"; VariantName = "[No Variations]"
Change component parameters (AddParameter): Name = "Size Code"; Value = "0402"; VariantName = "[No Variations]"
Change component parameters (AddParameter): Name = "Temperature Coefficient"; Value = "100ppm/°C"; VariantName = "[No Variations]"
Change component parameters (AddParameter): Name = "Termination"; Value = "SMD/SMT"; VariantName = "[No Variations]"
Change component parameters (AddParameter): Name = "Tolerance"; Value = "5%"; VariantName = "[No Variations]"
Change component parameters (AddParameter): Name = "Voltage Rating"; Value = "50V"; VariantName = "[No Variations]"
Change component parameters (AddParameter): Name = "Width"; Value = "0.02inch"; VariantName = "[No Variations]"
Added Component: Designator=SW1(CherryMX-Footprint-1)
Add component (AddParameter): Name = "Design Item ID"; Value = "CherryMX"; VariantName = "[No Variations]"
Add component (AddParameter): Name = "Source"; Value = "CherryMX.SchLib"; VariantName = "[No Variations]"
Add component (AddParameter): Name = "Value"; Value = "CherryMX"; VariantName = "[No Variations]"
Added Component: Designator=SW2(CherryMX-Footprint-1)
Add component (AddParameter): Name = "Design Item ID"; Value = "CherryMX"; VariantName = "[No Variations]"
Add component (AddParameter): Name = "Source"; Value = "CherryMX.SchLib"; VariantName = "[No Variations]"
Add component (AddParameter): Name = "Value"; Value = "CherryMX"; VariantName = "[No Variations]"
Added Component: Designator=SW3(CherryMX-Footprint-1)
Add component (AddParameter): Name = "Design Item ID"; Value = "CherryMX"; VariantName = "[No Variations]"
Add component (AddParameter): Name = "Source"; Value = "CherryMX.SchLib"; VariantName = "[No Variations]"
Add component (AddParameter): Name = "Value"; Value = "CherryMX"; VariantName = "[No Variations]"
Added Component: Designator=SW4(CherryMX-Footprint-1)
Add component (AddParameter): Name = "Design Item ID"; Value = "CherryMX"; VariantName = "[No Variations]"
Add component (AddParameter): Name = "Source"; Value = "CherryMX.SchLib"; VariantName = "[No Variations]"
Add component (AddParameter): Name = "Value"; Value = "CherryMX"; VariantName = "[No Variations]"
Added Component: Designator=SW5(CherryMX-Footprint-1)
Add component (AddParameter): Name = "Design Item ID"; Value = "CherryMX"; VariantName = "[No Variations]"
Add component (AddParameter): Name = "Source"; Value = "CherryMX.SchLib"; VariantName = "[No Variations]"
Add component (AddParameter): Name = "Value"; Value = "CherryMX"; VariantName = "[No Variations]"
Added Component: Designator=SW6(CherryMX-Footprint-1)
Add component (AddParameter): Name = "Design Item ID"; Value = "CherryMX"; VariantName = "[No Variations]"
Add component (AddParameter): Name = "Source"; Value = "CherryMX.SchLib"; VariantName = "[No Variations]"
Add component (AddParameter): Name = "Value"; Value = "CherryMX"; VariantName = "[No Variations]"
Added Component: Designator=SW7(CherryMX-Footprint-1)
Add component (AddParameter): Name = "Design Item ID"; Value = "CherryMX"; VariantName = "[No Variations]"
Add component (AddParameter): Name = "Source"; Value = "CherryMX.SchLib"; VariantName = "[No Variations]"
Add component (AddParameter): Name = "Value"; Value = "CherryMX"; VariantName = "[No Variations]"
Added Component: Designator=SW8(CherryMX-Footprint-1)
Add component (AddParameter): Name = "Design Item ID"; Value = "CherryMX"; VariantName = "[No Variations]"
Add component (AddParameter): Name = "Source"; Value = "CherryMX.SchLib"; VariantName = "[No Variations]"
Add component (AddParameter): Name = "Value"; Value = "CherryMX"; VariantName = "[No Variations]"
Added Component: Designator=SW9(CherryMX-Footprint-1)
Add component (AddParameter): Name = "Design Item ID"; Value = "CherryMX"; VariantName = "[No Variations]"
Add component (AddParameter): Name = "Source"; Value = "CherryMX.SchLib"; VariantName = "[No Variations]"
Add component (AddParameter): Name = "Value"; Value = "CherryMX"; VariantName = "[No Variations]"
Added Component: Designator=SW10(CherryMX-Footprint-1)
Add component (AddParameter): Name = "Design Item ID"; Value = "CherryMX"; VariantName = "[No Variations]"
Add component (AddParameter): Name = "Source"; Value = "CherryMX.SchLib"; VariantName = "[No Variations]"
Add component (AddParameter): Name = "Value"; Value = "CherryMX"; VariantName = "[No Variations]"
Added Component: Designator=SW11(CherryMX-Footprint-1)
Add component (AddParameter): Name = "Design Item ID"; Value = "CherryMX"; VariantName = "[No Variations]"
Add component (AddParameter): Name = "Source"; Value = "CherryMX.SchLib"; VariantName = "[No Variations]"
Add component (AddParameter): Name = "Value"; Value = "CherryMX"; VariantName = "[No Variations]"
Added Component: Designator=SW12(CherryMX-Footprint-1)
Add component (AddParameter): Name = "Design Item ID"; Value = "CherryMX"; VariantName = "[No Variations]"
Add component (AddParameter): Name = "Source"; Value = "CherryMX.SchLib"; VariantName = "[No Variations]"
Add component (AddParameter): Name = "Value"; Value = "CherryMX"; VariantName = "[No Variations]"
Added Component: Designator=SW14(CherryMX-Footprint-1)
Add component (AddParameter): Name = "Design Item ID"; Value = "CherryMX"; VariantName = "[No Variations]"
Add component (AddParameter): Name = "Source"; Value = "CherryMX.SchLib"; VariantName = "[No Variations]"
Add component (AddParameter): Name = "Value"; Value = "CherryMX"; VariantName = "[No Variations]"
Added Component: Designator=SW15(CherryMX-Footprint-1)
Add component (AddParameter): Name = "Design Item ID"; Value = "CherryMX"; VariantName = "[No Variations]"
Add component (AddParameter): Name = "Source"; Value = "CherryMX.SchLib"; VariantName = "[No Variations]"
Add component (AddParameter): Name = "Value"; Value = "CherryMX"; VariantName = "[No Variations]"
Added Component: Designator=SW16(CherryMX-Footprint-1)
Add component (AddParameter): Name = "Design Item ID"; Value = "CherryMX"; VariantName = "[No Variations]"
Add component (AddParameter): Name = "Source"; Value = "CherryMX.SchLib"; VariantName = "[No Variations]"
Add component (AddParameter): Name = "Value"; Value = "CherryMX"; VariantName = "[No Variations]"
Added Component: Designator=SW17(CherryMX-Footprint-1)
Add component (AddParameter): Name = "Design Item ID"; Value = "CherryMX"; VariantName = "[No Variations]"
Add component (AddParameter): Name = "Source"; Value = "CherryMX.SchLib"; VariantName = "[No Variations]"
Add component (AddParameter): Name = "Value"; Value = "CherryMX"; VariantName = "[No Variations]"
Added Component: Designator=SW18(CherryMX-Footprint-1)
Add component (AddParameter): Name = "Design Item ID"; Value = "CherryMX"; VariantName = "[No Variations]"
Add component (AddParameter): Name = "Source"; Value = "CherryMX.SchLib"; VariantName = "[No Variations]"
Add component (AddParameter): Name = "Value"; Value = "CherryMX"; VariantName = "[No Variations]"
Added Component: Designator=SW19(CherryMX-Footprint-1)
Add component (AddParameter): Name = "Design Item ID"; Value = "CherryMX"; VariantName = "[No Variations]"
Add component (AddParameter): Name = "Source"; Value = "CherryMX.SchLib"; VariantName = "[No Variations]"
Add component (AddParameter): Name = "Value"; Value = "CherryMX"; VariantName = "[No Variations]"
Added Component: Designator=SW20(CherryMX-Footprint-1)
Add component (AddParameter): Name = "Design Item ID"; Value = "CherryMX"; VariantName = "[No Variations]"
Add component (AddParameter): Name = "Source"; Value = "CherryMX.SchLib"; VariantName = "[No Variations]"
Add component (AddParameter): Name = "Value"; Value = "CherryMX"; VariantName = "[No Variations]"
Added Component: Designator=SW21(CherryMX-Footprint-1)
Add component (AddParameter): Name = "Design Item ID"; Value = "CherryMX"; VariantName = "[No Variations]"
Add component (AddParameter): Name = "Source"; Value = "CherryMX.SchLib"; VariantName = "[No Variations]"
Add component (AddParameter): Name = "Value"; Value = "CherryMX"; VariantName = "[No Variations]"
Added Component: Designator=SW22(CherryMX-Footprint-1)
Add component (AddParameter): Name = "Design Item ID"; Value = "CherryMX"; VariantName = "[No Variations]"
Add component (AddParameter): Name = "Source"; Value = "CherryMX.SchLib"; VariantName = "[No Variations]"
Add component (AddParameter): Name = "Value"; Value = "CherryMX"; VariantName = "[No Variations]"
Added Component: Designator=SW23(CherryMX-Footprint-1)
Add component (AddParameter): Name = "Design Item ID"; Value = "CherryMX"; VariantName = "[No Variations]"
Add component (AddParameter): Name = "Source"; Value = "CherryMX.SchLib"; VariantName = "[No Variations]"
Add component (AddParameter): Name = "Value"; Value = "CherryMX"; VariantName = "[No Variations]"
Added Component: Designator=SW24(CherryMX-Footprint-1)
Add component (AddParameter): Name = "Design Item ID"; Value = "CherryMX"; VariantName = "[No Variations]"
Add component (AddParameter): Name = "Source"; Value = "CherryMX.SchLib"; VariantName = "[No Variations]"
Add component (AddParameter): Name = "Value"; Value = "CherryMX"; VariantName = "[No Variations]"
Added Component: Designator=SW25(CherryMX-Footprint-1)
Add component (AddParameter): Name = "Design Item ID"; Value = "CherryMX"; VariantName = "[No Variations]"
Add component (AddParameter): Name = "Source"; Value = "CherryMX.SchLib"; VariantName = "[No Variations]"
Add component (AddParameter): Name = "Value"; Value = "CherryMX"; VariantName = "[No Variations]"
Added Component: Designator=SW26(CherryMX-Footprint-1)
Add component (AddParameter): Name = "Design Item ID"; Value = "CherryMX"; VariantName = "[No Variations]"
Add component (AddParameter): Name = "Source"; Value = "CherryMX.SchLib"; VariantName = "[No Variations]"
Add component (AddParameter): Name = "Value"; Value = "CherryMX"; VariantName = "[No Variations]"
Added Component: Designator=SW27(CherryMX-Footprint-1)
Add component (AddParameter): Name = "Design Item ID"; Value = "CherryMX"; VariantName = "[No Variations]"
Add component (AddParameter): Name = "Source"; Value = "CherryMX.SchLib"; VariantName = "[No Variations]"
Add component (AddParameter): Name = "Value"; Value = "CherryMX"; VariantName = "[No Variations]"
Added Component: Designator=SW28(CherryMX-Footprint-1)
Add component (AddParameter): Name = "Design Item ID"; Value = "CherryMX"; VariantName = "[No Variations]"
Add component (AddParameter): Name = "Source"; Value = "CherryMX.SchLib"; VariantName = "[No Variations]"
Add component (AddParameter): Name = "Value"; Value = "CherryMX"; VariantName = "[No Variations]"
Added Component: Designator=SW29(CherryMX-Footprint-1)
Add component (AddParameter): Name = "Design Item ID"; Value = "CherryMX"; VariantName = "[No Variations]"
Add component (AddParameter): Name = "Source"; Value = "CherryMX.SchLib"; VariantName = "[No Variations]"
Add component (AddParameter): Name = "Value"; Value = "CherryMX"; VariantName = "[No Variations]"
Added Component: Designator=SW30(CherryMX-Footprint-1)
Add component (AddParameter): Name = "Design Item ID"; Value = "CherryMX"; VariantName = "[No Variations]"
Add component (AddParameter): Name = "Source"; Value = "CherryMX.SchLib"; VariantName = "[No Variations]"
Add component (AddParameter): Name = "Value"; Value = "CherryMX"; VariantName = "[No Variations]"
Added Component: Designator=SW31(CherryMX-Footprint-1)
Add component (AddParameter): Name = "Design Item ID"; Value = "CherryMX"; VariantName = "[No Variations]"
Add component (AddParameter): Name = "Source"; Value = "CherryMX.SchLib"; VariantName = "[No Variations]"
Add component (AddParameter): Name = "Value"; Value = "CherryMX"; VariantName = "[No Variations]"
Added Component: Designator=SW32(CherryMX-Footprint-1)
Add component (AddParameter): Name = "Design Item ID"; Value = "CherryMX"; VariantName = "[No Variations]"
Add component (AddParameter): Name = "Source"; Value = "CherryMX.SchLib"; VariantName = "[No Variations]"
Add component (AddParameter): Name = "Value"; Value = "CherryMX"; VariantName = "[No Variations]"
Added Component: Designator=SW33(CherryMX-Footprint-1)
Add component (AddParameter): Name = "Design Item ID"; Value = "CherryMX"; VariantName = "[No Variations]"
Add component (AddParameter): Name = "Source"; Value = "CherryMX.SchLib"; VariantName = "[No Variations]"
Add component (AddParameter): Name = "Value"; Value = "CherryMX"; VariantName = "[No Variations]"
Added Component: Designator=SW34(CherryMX-Footprint-1)
Add component (AddParameter): Name = "Design Item ID"; Value = "CherryMX"; VariantName = "[No Variations]"
Add component (AddParameter): Name = "Source"; Value = "CherryMX.SchLib"; VariantName = "[No Variations]"
Add component (AddParameter): Name = "Value"; Value = "CherryMX"; VariantName = "[No Variations]"
Added Component: Designator=SW35(CherryMX-Footprint-1)
Add component (AddParameter): Name = "Design Item ID"; Value = "CherryMX"; VariantName = "[No Variations]"
Add component (AddParameter): Name = "Source"; Value = "CherryMX.SchLib"; VariantName = "[No Variations]"
Add component (AddParameter): Name = "Value"; Value = "CherryMX"; VariantName = "[No Variations]"
Added Component: Designator=SW36(CherryMX-Footprint-1)
Add component (AddParameter): Name = "Design Item ID"; Value = "CherryMX"; VariantName = "[No Variations]"
Add component (AddParameter): Name = "Source"; Value = "CherryMX.SchLib"; VariantName = "[No Variations]"
Add component (AddParameter): Name = "Value"; Value = "CherryMX"; VariantName = "[No Variations]"
Added Component: Designator=SW37(CherryMX-Footprint-1)
Add component (AddParameter): Name = "Design Item ID"; Value = "CherryMX"; VariantName = "[No Variations]"
Add component (AddParameter): Name = "Source"; Value = "CherryMX.SchLib"; VariantName = "[No Variations]"
Add component (AddParameter): Name = "Value"; Value = "CherryMX"; VariantName = "[No Variations]"
Added Component: Designator=SW38(CherryMX-Footprint-1)
Add component (AddParameter): Name = "Design Item ID"; Value = "CherryMX"; VariantName = "[No Variations]"
Add component (AddParameter): Name = "Source"; Value = "CherryMX.SchLib"; VariantName = "[No Variations]"
Add component (AddParameter): Name = "Value"; Value = "CherryMX"; VariantName = "[No Variations]"
Added Component: Designator=SW39(CherryMX-Footprint-1)
Add component (AddParameter): Name = "Design Item ID"; Value = "CherryMX"; VariantName = "[No Variations]"
Add component (AddParameter): Name = "Source"; Value = "CherryMX.SchLib"; VariantName = "[No Variations]"
Add component (AddParameter): Name = "Value"; Value = "CherryMX"; VariantName = "[No Variations]"
Added Component: Designator=SW40(CherryMX-Footprint-1)
Add component (AddParameter): Name = "Design Item ID"; Value = "CherryMX"; VariantName = "[No Variations]"
Add component (AddParameter): Name = "Source"; Value = "CherryMX.SchLib"; VariantName = "[No Variations]"
Add component (AddParameter): Name = "Value"; Value = "CherryMX"; VariantName = "[No Variations]"
Added Component: Designator=SW41(CherryMX-Footprint-1)
Add component (AddParameter): Name = "Design Item ID"; Value = "CherryMX"; VariantName = "[No Variations]"
Add component (AddParameter): Name = "Source"; Value = "CherryMX.SchLib"; VariantName = "[No Variations]"
Add component (AddParameter): Name = "Value"; Value = "CherryMX"; VariantName = "[No Variations]"
Added Component: Designator=SW42(CherryMX-Footprint-1)
Add component (AddParameter): Name = "Design Item ID"; Value = "CherryMX"; VariantName = "[No Variations]"
Add component (AddParameter): Name = "Source"; Value = "CherryMX.SchLib"; VariantName = "[No Variations]"
Add component (AddParameter): Name = "Value"; Value = "CherryMX"; VariantName = "[No Variations]"
Added Component: Designator=SW43(CherryMX-Footprint-1)
Add component (AddParameter): Name = "Design Item ID"; Value = "CherryMX"; VariantName = "[No Variations]"
Add component (AddParameter): Name = "Source"; Value = "CherryMX.SchLib"; VariantName = "[No Variations]"
Add component (AddParameter): Name = "Value"; Value = "CherryMX"; VariantName = "[No Variations]"
Added Component: Designator=SW44(CherryMX-Footprint-1)
Add component (AddParameter): Name = "Design Item ID"; Value = "CherryMX"; VariantName = "[No Variations]"
Add component (AddParameter): Name = "Source"; Value = "CherryMX.SchLib"; VariantName = "[No Variations]"
Add component (AddParameter): Name = "Value"; Value = "CherryMX"; VariantName = "[No Variations]"
Added Component: Designator=SW45(CherryMX-Footprint-1)
Add component (AddParameter): Name = "Design Item ID"; Value = "CherryMX"; VariantName = "[No Variations]"
Add component (AddParameter): Name = "Source"; Value = "CherryMX.SchLib"; VariantName = "[No Variations]"
Add component (AddParameter): Name = "Value"; Value = "CherryMX"; VariantName = "[No Variations]"
Added Component: Designator=SW46(CherryMX-Footprint-1)
Add component (AddParameter): Name = "Design Item ID"; Value = "CherryMX"; VariantName = "[No Variations]"
Add component (AddParameter): Name = "Source"; Value = "CherryMX.SchLib"; VariantName = "[No Variations]"
Add component (AddParameter): Name = "Value"; Value = "CherryMX"; VariantName = "[No Variations]"
Added Component: Designator=SW47(CherryMX-Footprint-1)
Add component (AddParameter): Name = "Design Item ID"; Value = "CherryMX"; VariantName = "[No Variations]"
Add component (AddParameter): Name = "Source"; Value = "CherryMX.SchLib"; VariantName = "[No Variations]"
Add component (AddParameter): Name = "Value"; Value = "CherryMX"; VariantName = "[No Variations]"
Added Component: Designator=SW48(CherryMX-Footprint-1)
Add component (AddParameter): Name = "Design Item ID"; Value = "CherryMX"; VariantName = "[No Variations]"
Add component (AddParameter): Name = "Source"; Value = "CherryMX.SchLib"; VariantName = "[No Variations]"
Add component (AddParameter): Name = "Value"; Value = "CherryMX"; VariantName = "[No Variations]"
Added Component: Designator=SW49(CherryMX-Footprint-1)
Add component (AddParameter): Name = "Design Item ID"; Value = "CherryMX"; VariantName = "[No Variations]"
Add component (AddParameter): Name = "Source"; Value = "CherryMX.SchLib"; VariantName = "[No Variations]"
Add component (AddParameter): Name = "Value"; Value = "CherryMX"; VariantName = "[No Variations]"
Added Component: Designator=SW50(CherryMX-Footprint-1)
Add component (AddParameter): Name = "Design Item ID"; Value = "CherryMX"; VariantName = "[No Variations]"
Add component (AddParameter): Name = "Source"; Value = "CherryMX.SchLib"; VariantName = "[No Variations]"
Add component (AddParameter): Name = "Value"; Value = "CherryMX"; VariantName = "[No Variations]"
Added Component: Designator=SW51(CherryMX-Footprint-1)
Add component (AddParameter): Name = "Design Item ID"; Value = "CherryMX"; VariantName = "[No Variations]"
Add component (AddParameter): Name = "Source"; Value = "CherryMX.SchLib"; VariantName = "[No Variations]"
Add component (AddParameter): Name = "Value"; Value = "CherryMX"; VariantName = "[No Variations]"
Added Component: Designator=SW52(CherryMX-Footprint-1)
Add component (AddParameter): Name = "Design Item ID"; Value = "CherryMX"; VariantName = "[No Variations]"
Add component (AddParameter): Name = "Source"; Value = "CherryMX.SchLib"; VariantName = "[No Variations]"
Add component (AddParameter): Name = "Value"; Value = "CherryMX"; VariantName = "[No Variations]"
Added Component: Designator=SW53(CherryMX-Footprint-1)
Add component (AddParameter): Name = "Design Item ID"; Value = "CherryMX"; VariantName = "[No Variations]"
Add component (AddParameter): Name = "Source"; Value = "CherryMX.SchLib"; VariantName = "[No Variations]"
Add component (AddParameter): Name = "Value"; Value = "CherryMX"; VariantName = "[No Variations]"
Added Component: Designator=SW54(CherryMX-Footprint-1)
Add component (AddParameter): Name = "Design Item ID"; Value = "CherryMX"; VariantName = "[No Variations]"
Add component (AddParameter): Name = "Source"; Value = "CherryMX.SchLib"; VariantName = "[No Variations]"
Add component (AddParameter): Name = "Value"; Value = "CherryMX"; VariantName = "[No Variations]"
Added Component: Designator=SW55(CherryMX-Footprint-1)
Add component (AddParameter): Name = "Design Item ID"; Value = "CherryMX"; VariantName = "[No Variations]"
Add component (AddParameter): Name = "Source"; Value = "CherryMX.SchLib"; VariantName = "[No Variations]"
Add component (AddParameter): Name = "Value"; Value = "CherryMX"; VariantName = "[No Variations]"
Added Component: Designator=SW56(CherryMX-Footprint-1)
Add component (AddParameter): Name = "Design Item ID"; Value = "CherryMX"; VariantName = "[No Variations]"
Add component (AddParameter): Name = "Source"; Value = "CherryMX.SchLib"; VariantName = "[No Variations]"
Add component (AddParameter): Name = "Value"; Value = "CherryMX"; VariantName = "[No Variations]"
Added Component: Designator=SW57(CherryMX-Footprint-1)
Add component (AddParameter): Name = "Design Item ID"; Value = "CherryMX"; VariantName = "[No Variations]"
Add component (AddParameter): Name = "Source"; Value = "CherryMX.SchLib"; VariantName = "[No Variations]"
Add component (AddParameter): Name = "Value"; Value = "CherryMX"; VariantName = "[No Variations]"
Added Component: Designator=SW58(CherryMX-Footprint-1)
Add component (AddParameter): Name = "Design Item ID"; Value = "CherryMX"; VariantName = "[No Variations]"
Add component (AddParameter): Name = "Source"; Value = "CherryMX.SchLib"; VariantName = "[No Variations]"
Add component (AddParameter): Name = "Value"; Value = "CherryMX"; VariantName = "[No Variations]"
Added Component: Designator=SW59(CherryMX-Footprint-1)
Add component (AddParameter): Name = "Design Item ID"; Value = "CherryMX"; VariantName = "[No Variations]"
Add component (AddParameter): Name = "Source"; Value = "CherryMX.SchLib"; VariantName = "[No Variations]"
Add component (AddParameter): Name = "Value"; Value = "CherryMX"; VariantName = "[No Variations]"
Added Component: Designator=SW60(CherryMX-Footprint-1)
Add component (AddParameter): Name = "Design Item ID"; Value = "CherryMX"; VariantName = "[No Variations]"
Add component (AddParameter): Name = "Source"; Value = "CherryMX.SchLib"; VariantName = "[No Variations]"
Add component (AddParameter): Name = "Value"; Value = "CherryMX"; VariantName = "[No Variations]"
Added Component: Designator=SW61(CherryMX-Footprint-1)
Add component (AddParameter): Name = "Design Item ID"; Value = "CherryMX"; VariantName = "[No Variations]"
Add component (AddParameter): Name = "Source"; Value = "CherryMX.SchLib"; VariantName = "[No Variations]"
Add component (AddParameter): Name = "Value"; Value = "CherryMX"; VariantName = "[No Variations]"
Added Component: Designator=SW62(CherryMX-Footprint-1)
Add component (AddParameter): Name = "Design Item ID"; Value = "CherryMX"; VariantName = "[No Variations]"
Add component (AddParameter): Name = "Source"; Value = "CherryMX.SchLib"; VariantName = "[No Variations]"
Add component (AddParameter): Name = "Value"; Value = "CherryMX"; VariantName = "[No Variations]"
Added Component: Designator=SW63(CherryMX-Footprint-1)
Add component (AddParameter): Name = "Design Item ID"; Value = "CherryMX"; VariantName = "[No Variations]"
Add component (AddParameter): Name = "Source"; Value = "CherryMX.SchLib"; VariantName = "[No Variations]"
Add component (AddParameter): Name = "Value"; Value = "CherryMX"; VariantName = "[No Variations]"
Added Component: Designator=SW64(CherryMX-Footprint-1)
Add component (AddParameter): Name = "Design Item ID"; Value = "CherryMX"; VariantName = "[No Variations]"
Add component (AddParameter): Name = "Source"; Value = "CherryMX.SchLib"; VariantName = "[No Variations]"
Add component (AddParameter): Name = "Value"; Value = "CherryMX"; VariantName = "[No Variations]"
Added Component: Designator=SW65(CherryMX-Footprint-1)
Add component (AddParameter): Name = "Design Item ID"; Value = "CherryMX"; VariantName = "[No Variations]"
Add component (AddParameter): Name = "Source"; Value = "CherryMX.SchLib"; VariantName = "[No Variations]"
Add component (AddParameter): Name = "Value"; Value = "CherryMX"; VariantName = "[No Variations]"
Added Component: Designator=SW66(CherryMX-Footprint-1)
Add component (AddParameter): Name = "Design Item ID"; Value = "CherryMX"; VariantName = "[No Variations]"
Add component (AddParameter): Name = "Source"; Value = "CherryMX.SchLib"; VariantName = "[No Variations]"
Add component (AddParameter): Name = "Value"; Value = "CherryMX"; VariantName = "[No Variations]"
Added Component: Designator=SW(CherryMX-Footprint-1)
Add component (AddParameter): Name = "Design Item ID"; Value = "CherryMX"; VariantName = "[No Variations]"
Add component (AddParameter): Name = "Source"; Value = "CherryMX.SchLib"; VariantName = "[No Variations]"
Add component (AddParameter): Name = "Value"; Value = "CherryMX"; VariantName = "[No Variations]"
Add Pin To Net: Unknown Pin: Pin SW1-1
Add Pin To Net: Unknown Pin: Pin SW1-2
Add Pin To Net: Unknown Pin: Pin SW2-1
Add Pin To Net: Unknown Pin: Pin SW2-2
Add Pin To Net: Unknown Pin: Pin SW3-1
Add Pin To Net: Unknown Pin: Pin SW3-2
Add Pin To Net: Unknown Pin: Pin SW4-1
Add Pin To Net: Unknown Pin: Pin SW4-2
Add Pin To Net: Unknown Pin: Pin SW5-1
Add Pin To Net: Unknown Pin: Pin SW5-2
Add Pin To Net: Unknown Pin: Pin SW6-1
Add Pin To Net: Unknown Pin: Pin SW6-2
Add Pin To Net: Unknown Pin: Pin SW7-1
Add Pin To Net: Unknown Pin: Pin SW7-2
Add Pin To Net: Unknown Pin: Pin SW8-1
Add Pin To Net: Unknown Pin: Pin SW8-2
Add Pin To Net: Unknown Pin: Pin SW9-1
Add Pin To Net: Unknown Pin: Pin SW9-2
Add Pin To Net: Unknown Pin: Pin SW10-1
Add Pin To Net: Unknown Pin: Pin SW10-2
Add Pin To Net: Unknown Pin: Pin SW11-1
Add Pin To Net: Unknown Pin: Pin SW11-2
Add Pin To Net: Unknown Pin: Pin SW12-1
Add Pin To Net: Unknown Pin: Pin SW12-2
Add Pin To Net: Unknown Pin: Pin SW13-1
Add Pin To Net: Unknown Pin: Pin SW13-2
Add Pin To Net: Unknown Pin: Pin SW14-1
Add Pin To Net: Unknown Pin: Pin SW14-2
Add Pin To Net: Unknown Pin: Pin SW15-1
Add Pin To Net: Unknown Pin: Pin SW15-2
Add Pin To Net: Unknown Pin: Pin SW16-1
Add Pin To Net: Unknown Pin: Pin SW16-2
Add Pin To Net: Unknown Pin: Pin SW17-1
Add Pin To Net: Unknown Pin: Pin SW17-2
Add Pin To Net: Unknown Pin: Pin SW18-1
Add Pin To Net: Unknown Pin: Pin SW18-2
Add Pin To Net: Unknown Pin: Pin SW19-1
Add Pin To Net: Unknown Pin: Pin SW19-2
Add Pin To Net: Unknown Pin: Pin SW20-1
Add Pin To Net: Unknown Pin: Pin SW20-2
Add Pin To Net: Unknown Pin: Pin SW21-1
Add Pin To Net: Unknown Pin: Pin SW21-2
Add Pin To Net: Unknown Pin: Pin SW22-1
Add Pin To Net: Unknown Pin: Pin SW22-2
Add Pin To Net: Unknown Pin: Pin SW23-1
Add Pin To Net: Unknown Pin: Pin SW23-2
Add Pin To Net: Unknown Pin: Pin SW24-1
Add Pin To Net: Unknown Pin: Pin SW24-2
Add Pin To Net: Unknown Pin: Pin SW25-1
Add Pin To Net: Unknown Pin: Pin SW25-2
Add Pin To Net: Unknown Pin: Pin SW26-1
Add Pin To Net: Unknown Pin: Pin SW26-2
Add Pin To Net: Unknown Pin: Pin SW27-1
Add Pin To Net: Unknown Pin: Pin SW27-2
Add Pin To Net: Unknown Pin: Pin SW28-1
Add Pin To Net: Unknown Pin: Pin SW28-2
Add Pin To Net: Unknown Pin: Pin SW29-1
Add Pin To Net: Unknown Pin: Pin SW29-2
Add Pin To Net: Unknown Pin: Pin SW30-1
Add Pin To Net: Unknown Pin: Pin SW30-2
Add Pin To Net: Unknown Pin: Pin SW31-1
Add Pin To Net: Unknown Pin: Pin SW31-2
Add Pin To Net: Unknown Pin: Pin SW32-1
Add Pin To Net: Unknown Pin: Pin SW32-2
Add Pin To Net: Unknown Pin: Pin SW33-1
Add Pin To Net: Unknown Pin: Pin SW33-2
Add Pin To Net: Unknown Pin: Pin SW34-1
Add Pin To Net: Unknown Pin: Pin SW34-2
Add Pin To Net: Unknown Pin: Pin SW35-1
Add Pin To Net: Unknown Pin: Pin SW35-2
Add Pin To Net: Unknown Pin: Pin SW36-1
Add Pin To Net: Unknown Pin: Pin SW36-2
Add Pin To Net: Unknown Pin: Pin SW37-1
Add Pin To Net: Unknown Pin: Pin SW37-2
Add Pin To Net: Unknown Pin: Pin SW38-1
Add Pin To Net: Unknown Pin: Pin SW38-2
Add Pin To Net: Unknown Pin: Pin SW39-1
Add Pin To Net: Unknown Pin: Pin SW39-2
Add Pin To Net: Unknown Pin: Pin SW40-1
Add Pin To Net: Unknown Pin: Pin SW40-2
Add Pin To Net: Unknown Pin: Pin SW41-1
Add Pin To Net: Unknown Pin: Pin SW41-2
Add Pin To Net: Unknown Pin: Pin SW42-1
Add Pin To Net: Unknown Pin: Pin SW42-2
Add Pin To Net: Unknown Pin: Pin SW43-1
Add Pin To Net: Unknown Pin: Pin SW43-2
Add Pin To Net: Unknown Pin: Pin SW44-1
Add Pin To Net: Unknown Pin: Pin SW44-2
Add Pin To Net: Unknown Pin: Pin SW45-1
Add Pin To Net: Unknown Pin: Pin SW45-2
Add Pin To Net: Unknown Pin: Pin SW46-1
Add Pin To Net: Unknown Pin: Pin SW46-2
Add Pin To Net: Unknown Pin: Pin SW47-1
Add Pin To Net: Unknown Pin: Pin SW47-2
Add Pin To Net: Unknown Pin: Pin SW48-1
Add Pin To Net: Unknown Pin: Pin SW48-2
Add Pin To Net: Unknown Pin: Pin SW49-1
Add Pin To Net: Unknown Pin: Pin SW49-2
Add Pin To Net: Unknown Pin: Pin SW50-1
Add Pin To Net: Unknown Pin: Pin SW50-2
Add Pin To Net: Unknown Pin: Pin SW51-1
Add Pin To Net: Unknown Pin: Pin SW51-2
Add Pin To Net: Unknown Pin: Pin SW52-1
Add Pin To Net: Unknown Pin: Pin SW52-2
Add Pin To Net: Unknown Pin: Pin SW53-1
Add Pin To Net: Unknown Pin: Pin SW53-2
Add Pin To Net: Unknown Pin: Pin SW54-1
Add Pin To Net: Unknown Pin: Pin SW54-2
Add Pin To Net: Unknown Pin: Pin SW55-1
Add Pin To Net: Unknown Pin: Pin SW55-2
Add Pin To Net: Unknown Pin: Pin SW56-1
Add Pin To Net: Unknown Pin: Pin SW56-2
Add Pin To Net: Unknown Pin: Pin SW57-1
Add Pin To Net: Unknown Pin: Pin SW57-2
Add Pin To Net: Unknown Pin: Pin SW58-1
Add Pin To Net: Unknown Pin: Pin SW58-2
Add Pin To Net: Unknown Pin: Pin SW59-1
Add Pin To Net: Unknown Pin: Pin SW59-2
Add Pin To Net: Unknown Pin: Pin SW60-1
Add Pin To Net: Unknown Pin: Pin SW60-2
Add Pin To Net: Unknown Pin: Pin SW61-1
Add Pin To Net: Unknown Pin: Pin SW61-2
Add Pin To Net: Unknown Pin: Pin SW62-1
Add Pin To Net: Unknown Pin: Pin SW62-2
Add Pin To Net: Unknown Pin: Pin SW63-1
Add Pin To Net: Unknown Pin: Pin SW63-2
Add Pin To Net: Unknown Pin: Pin SW64-1
Add Pin To Net: Unknown Pin: Pin SW64-2
Add Pin To Net: Unknown Pin: Pin SW65-1
Add Pin To Net: Unknown Pin: Pin SW65-2
Add Pin To Net: Unknown Pin: Pin SW66-1
Add Pin To Net: Unknown Pin: Pin SW66-2
Add Pin To Net: Unknown Pin: Pin SW-1
Add Pin To Net: Unknown Pin: Pin SW-2
Change Net Name : Old Net Name=GPIO19 New Net Name=COL_15
Added Pin To Net: NetName=GPIO20 Pin=C21-2
Added Pin To Net: NetName=GPIO20 Pin=R10-2
Added Pin To Net: NetName=GPIO20 Pin=U2-31
Added Net: Name=GPIO20
Added Pin To Net: NetName=GPIO21 Pin=C20-1
Added Pin To Net: NetName=GPIO21 Pin=R9-2
Added Pin To Net: NetName=GPIO21 Pin=U2-32
Added Net: Name=GPIO21
Added Member To Class: ClassName=Designator Member=Component SW1 CherryMX
Added Member To Class: ClassName=Designator Member=Component SW2 CherryMX
Added Member To Class: ClassName=Designator Member=Component SW3 CherryMX
Added Member To Class: ClassName=Designator Member=Component SW4 CherryMX
Added Member To Class: ClassName=Designator Member=Component SW5 CherryMX
Added Member To Class: ClassName=Designator Member=Component SW6 CherryMX
Added Member To Class: ClassName=Designator Member=Component SW7 CherryMX
Added Member To Class: ClassName=Designator Member=Component SW8 CherryMX
Added Member To Class: ClassName=Designator Member=Component SW9 CherryMX
Added Member To Class: ClassName=Designator Member=Component SW10 CherryMX
Added Member To Class: ClassName=Designator Member=Component SW11 CherryMX
Added Member To Class: ClassName=Designator Member=Component SW12 CherryMX
Added Member To Class: ClassName=Designator Member=Component SW14 CherryMX
Added Member To Class: ClassName=Designator Member=Component SW15 CherryMX
Added Member To Class: ClassName=Designator Member=Component SW16 CherryMX
Added Member To Class: ClassName=Designator Member=Component SW17 CherryMX
Added Member To Class: ClassName=Designator Member=Component SW18 CherryMX
Added Member To Class: ClassName=Designator Member=Component SW19 CherryMX
Added Member To Class: ClassName=Designator Member=Component SW20 CherryMX
Added Member To Class: ClassName=Designator Member=Component SW21 CherryMX
Added Member To Class: ClassName=Designator Member=Component SW22 CherryMX
Added Member To Class: ClassName=Designator Member=Component SW23 CherryMX
Added Member To Class: ClassName=Designator Member=Component SW24 CherryMX
Added Member To Class: ClassName=Designator Member=Component SW25 CherryMX
Added Member To Class: ClassName=Designator Member=Component SW26 CherryMX
Added Member To Class: ClassName=Designator Member=Component SW27 CherryMX
Added Member To Class: ClassName=Designator Member=Component SW28 CherryMX
Added Member To Class: ClassName=Designator Member=Component SW29 CherryMX
Added Member To Class: ClassName=Designator Member=Component SW30 CherryMX
Added Member To Class: ClassName=Designator Member=Component SW31 CherryMX
Added Member To Class: ClassName=Designator Member=Component SW32 CherryMX
Added Member To Class: ClassName=Designator Member=Component SW33 CherryMX
Added Member To Class: ClassName=Designator Member=Component SW34 CherryMX
Added Member To Class: ClassName=Designator Member=Component SW35 CherryMX
Added Member To Class: ClassName=Designator Member=Component SW36 CherryMX
Added Member To Class: ClassName=Designator Member=Component SW37 CherryMX
Added Member To Class: ClassName=Designator Member=Component SW38 CherryMX
Added Member To Class: ClassName=Designator Member=Component SW39 CherryMX
Added Member To Class: ClassName=Designator Member=Component SW40 CherryMX
Added Member To Class: ClassName=Designator Member=Component SW41 CherryMX
Added Member To Class: ClassName=Designator Member=Component SW42 CherryMX
Added Member To Class: ClassName=Designator Member=Component SW43 CherryMX
Added Member To Class: ClassName=Designator Member=Component SW44 CherryMX
Added Member To Class: ClassName=Designator Member=Component SW45 CherryMX
Added Member To Class: ClassName=Designator Member=Component SW46 CherryMX
Added Member To Class: ClassName=Designator Member=Component SW47 CherryMX
Added Member To Class: ClassName=Designator Member=Component SW48 CherryMX
Added Member To Class: ClassName=Designator Member=Component SW49 CherryMX
Added Member To Class: ClassName=Designator Member=Component SW50 CherryMX
Added Member To Class: ClassName=Designator Member=Component SW51 CherryMX
Added Member To Class: ClassName=Designator Member=Component SW52 CherryMX
Added Member To Class: ClassName=Designator Member=Component SW53 CherryMX
Added Member To Class: ClassName=Designator Member=Component SW54 CherryMX
Added Member To Class: ClassName=Designator Member=Component SW55 CherryMX
Added Member To Class: ClassName=Designator Member=Component SW56 CherryMX
Added Member To Class: ClassName=Designator Member=Component SW57 CherryMX
Added Member To Class: ClassName=Designator Member=Component SW58 CherryMX
Added Member To Class: ClassName=Designator Member=Component SW59 CherryMX
Added Member To Class: ClassName=Designator Member=Component SW60 CherryMX
Added Member To Class: ClassName=Designator Member=Component SW61 CherryMX
Added Member To Class: ClassName=Designator Member=Component SW62 CherryMX
Added Member To Class: ClassName=Designator Member=Component SW63 CherryMX
Added Member To Class: ClassName=Designator Member=Component SW64 CherryMX
Added Member To Class: ClassName=Designator Member=Component SW65 CherryMX
Added Member To Class: ClassName=Designator Member=Component SW66 CherryMX
Added Member To Class: ClassName=Designator Member=Component SW CherryMX
