Change Component DesignItemId : Designator=SW1 Old DesignItemId=CMP-037-000000-3 New DesignItemId=CMP-037-000000-4
Change Component DesignItemId : Designator=SW2 Old DesignItemId=CMP-037-000000-3 New DesignItemId=CMP-037-000000-4
Change Component DesignItemId : Designator=SW3 Old DesignItemId=CMP-037-000000-3 New DesignItemId=CMP-037-000000-4
Change Component DesignItemId : Designator=SW4 Old DesignItemId=CMP-037-000000-3 New DesignItemId=CMP-037-000000-4
Change Component DesignItemId : Designator=SW5 Old DesignItemId=CMP-037-000000-3 New DesignItemId=CMP-037-000000-4
Change Component DesignItemId : Designator=SW6 Old DesignItemId=CMP-037-000000-3 New DesignItemId=CMP-037-000000-4
Change Component DesignItemId : Designator=SW7 Old DesignItemId=CMP-037-000000-3 New DesignItemId=CMP-037-000000-4
Change Component DesignItemId : Designator=SW8 Old DesignItemId=CMP-037-000000-3 New DesignItemId=CMP-037-000000-4
Change Component DesignItemId : Designator=SW9 Old DesignItemId=CMP-037-000000-3 New DesignItemId=CMP-037-000000-4
Change Component DesignItemId : Designator=SW10 Old DesignItemId=CMP-037-000000-3 New DesignItemId=CMP-037-000000-4
Change Component DesignItemId : Designator=SW11 Old DesignItemId=CMP-037-000000-3 New DesignItemId=CMP-037-000000-4
Change Component DesignItemId : Designator=SW12 Old DesignItemId=CMP-037-000000-3 New DesignItemId=CMP-037-000000-4
Change Component DesignItemId : Designator=SW13 Old DesignItemId=CMP-037-000000-3 New DesignItemId=CMP-037-000000-4
Change Component DesignItemId : Designator=SW14 Old DesignItemId=CMP-037-000000-3 New DesignItemId=CMP-037-000000-4
Change Component DesignItemId : Designator=SW15 Old DesignItemId=CMP-037-000000-3 New DesignItemId=CMP-037-000000-4
Change Component DesignItemId : Designator=SW16 Old DesignItemId=CMP-037-000000-3 New DesignItemId=CMP-037-000000-4
Change Component DesignItemId : Designator=SW17 Old DesignItemId=CMP-037-000000-3 New DesignItemId=CMP-037-000000-4
Change Component DesignItemId : Designator=SW18 Old DesignItemId=CMP-037-000000-3 New DesignItemId=CMP-037-000000-4
Change Component DesignItemId : Designator=SW19 Old DesignItemId=CMP-037-000000-3 New DesignItemId=CMP-037-000000-4
Change Component DesignItemId : Designator=SW20 Old DesignItemId=CMP-037-000000-3 New DesignItemId=CMP-037-000000-4
Change Component DesignItemId : Designator=SW21 Old DesignItemId=CMP-037-000000-3 New DesignItemId=CMP-037-000000-4
Change Component DesignItemId : Designator=SW22 Old DesignItemId=CMP-037-000000-3 New DesignItemId=CMP-037-000000-4
Change Component DesignItemId : Designator=SW23 Old DesignItemId=CMP-037-000000-3 New DesignItemId=CMP-037-000000-4
Change Component DesignItemId : Designator=SW24 Old DesignItemId=CMP-037-000000-3 New DesignItemId=CMP-037-000000-4
Change Component DesignItemId : Designator=SW25 Old DesignItemId=CMP-037-000000-3 New DesignItemId=CMP-037-000000-4
Change Component DesignItemId : Designator=SW26 Old DesignItemId=CMP-037-000000-3 New DesignItemId=CMP-037-000000-4
Change Component DesignItemId : Designator=SW27 Old DesignItemId=CMP-037-000000-3 New DesignItemId=CMP-037-000000-4
Change Component DesignItemId : Designator=SW28 Old DesignItemId=CMP-037-000000-3 New DesignItemId=CMP-037-000000-4
Change Component DesignItemId : Designator=SW29 Old DesignItemId=CMP-037-000000-3 New DesignItemId=CMP-037-000000-4
Change Component DesignItemId : Designator=SW30 Old DesignItemId=CMP-037-000000-3 New DesignItemId=CMP-037-000000-4
Change Component DesignItemId : Designator=SW31 Old DesignItemId=CMP-037-000000-3 New DesignItemId=CMP-037-000000-4
Change Component DesignItemId : Designator=SW32 Old DesignItemId=CMP-037-000000-3 New DesignItemId=CMP-037-000000-4
Change Component DesignItemId : Designator=SW33 Old DesignItemId=CMP-037-000000-3 New DesignItemId=CMP-037-000000-4
Change Component DesignItemId : Designator=SW34 Old DesignItemId=CMP-037-000000-3 New DesignItemId=CMP-037-000000-4
Change Component DesignItemId : Designator=SW35 Old DesignItemId=CMP-037-000000-3 New DesignItemId=CMP-037-000000-4
Change Component DesignItemId : Designator=SW36 Old DesignItemId=CMP-037-000000-3 New DesignItemId=CMP-037-000000-4
Change Component DesignItemId : Designator=SW37 Old DesignItemId=CMP-037-000000-3 New DesignItemId=CMP-037-000000-4
Change Component DesignItemId : Designator=SW38 Old DesignItemId=CMP-037-000000-3 New DesignItemId=CMP-037-000000-4
Change Component DesignItemId : Designator=SW39 Old DesignItemId=CMP-037-000000-3 New DesignItemId=CMP-037-000000-4
Change Component DesignItemId : Designator=SW40 Old DesignItemId=CMP-037-000000-3 New DesignItemId=CMP-037-000000-4
Change Component DesignItemId : Designator=SW41 Old DesignItemId=CMP-037-000000-3 New DesignItemId=CMP-037-000000-4
Change Component DesignItemId : Designator=SW42 Old DesignItemId=CMP-037-000000-3 New DesignItemId=CMP-037-000000-4
Change Component DesignItemId : Designator=SW43 Old DesignItemId=CMP-037-000000-3 New DesignItemId=CMP-037-000000-4
Change Component DesignItemId : Designator=SW44 Old DesignItemId=CMP-037-000000-3 New DesignItemId=CMP-037-000000-4
Change Component DesignItemId : Designator=SW45 Old DesignItemId=CMP-037-000000-3 New DesignItemId=CMP-037-000000-4
Change Component DesignItemId : Designator=SW46 Old DesignItemId=CMP-037-000000-3 New DesignItemId=CMP-037-000000-4
Change Component DesignItemId : Designator=SW47 Old DesignItemId=CMP-037-000000-3 New DesignItemId=CMP-037-000000-4
Change Component DesignItemId : Designator=SW48 Old DesignItemId=CMP-037-000000-3 New DesignItemId=CMP-037-000000-4
Change Component DesignItemId : Designator=SW49 Old DesignItemId=CMP-037-000000-3 New DesignItemId=CMP-037-000000-4
Change Component DesignItemId : Designator=SW50 Old DesignItemId=CMP-037-000000-3 New DesignItemId=CMP-037-000000-4
Change Component DesignItemId : Designator=SW51 Old DesignItemId=CMP-037-000000-3 New DesignItemId=CMP-037-000000-4
Change Component DesignItemId : Designator=SW52 Old DesignItemId=CMP-037-000000-3 New DesignItemId=CMP-037-000000-4
Change Component DesignItemId : Designator=SW53 Old DesignItemId=CMP-037-000000-3 New DesignItemId=CMP-037-000000-4
Change Component DesignItemId : Designator=SW54 Old DesignItemId=CMP-037-000000-3 New DesignItemId=CMP-037-000000-4
Change Component DesignItemId : Designator=SW55 Old DesignItemId=CMP-037-000000-3 New DesignItemId=CMP-037-000000-4
Change Component DesignItemId : Designator=SW56 Old DesignItemId=CMP-037-000000-3 New DesignItemId=CMP-037-000000-4
Change Component DesignItemId : Designator=SW57 Old DesignItemId=CMP-037-000000-3 New DesignItemId=CMP-037-000000-4
Change Component DesignItemId : Designator=SW58 Old DesignItemId=CMP-037-000000-3 New DesignItemId=CMP-037-000000-4
Change Component DesignItemId : Designator=SW59 Old DesignItemId=CMP-037-000000-3 New DesignItemId=CMP-037-000000-4
Change Component DesignItemId : Designator=SW60 Old DesignItemId=CMP-037-000000-3 New DesignItemId=CMP-037-000000-4
Change Component DesignItemId : Designator=SW61 Old DesignItemId=CMP-037-000000-3 New DesignItemId=CMP-037-000000-4
Change Component DesignItemId : Designator=SW62 Old DesignItemId=CMP-037-000000-3 New DesignItemId=CMP-037-000000-4
Change Component DesignItemId : Designator=SW63 Old DesignItemId=CMP-037-000000-3 New DesignItemId=CMP-037-000000-4
Change Component DesignItemId : Designator=SW64 Old DesignItemId=CMP-037-000000-3 New DesignItemId=CMP-037-000000-4
Change Component DesignItemId : Designator=SW65 Old DesignItemId=CMP-037-000000-3 New DesignItemId=CMP-037-000000-4
Change Component DesignItemId : Designator=SW66 Old DesignItemId=CMP-037-000000-3 New DesignItemId=CMP-037-000000-4
Change Component DesignItemId : Designator=SW Old DesignItemId=CMP-037-000000-3 New DesignItemId=CMP-037-000000-4
Change Component Footprint: Designator=SW1 Old Footprint=CherryMX-Footprint-1 New Footprint=CherryMX-Footprint-1
Change Component Footprint: Designator=SW2 Old Footprint=CherryMX-Footprint-1 New Footprint=CherryMX-Footprint-1
Change Component Footprint: Designator=SW3 Old Footprint=CherryMX-Footprint-1 New Footprint=CherryMX-Footprint-1
Change Component Footprint: Designator=SW4 Old Footprint=CherryMX-Footprint-1 New Footprint=CherryMX-Footprint-1
Change Component Footprint: Designator=SW5 Old Footprint=CherryMX-Footprint-1 New Footprint=CherryMX-Footprint-1
Change Component Footprint: Designator=SW6 Old Footprint=CherryMX-Footprint-1 New Footprint=CherryMX-Footprint-1
Change Component Footprint: Designator=SW7 Old Footprint=CherryMX-Footprint-1 New Footprint=CherryMX-Footprint-1
Change Component Footprint: Designator=SW8 Old Footprint=CherryMX-Footprint-1 New Footprint=CherryMX-Footprint-1
Change Component Footprint: Designator=SW9 Old Footprint=CherryMX-Footprint-1 New Footprint=CherryMX-Footprint-1
Change Component Footprint: Designator=SW10 Old Footprint=CherryMX-Footprint-1 New Footprint=CherryMX-Footprint-1
Change Component Footprint: Designator=SW11 Old Footprint=CherryMX-Footprint-1 New Footprint=CherryMX-Footprint-1
Change Component Footprint: Designator=SW12 Old Footprint=CherryMX-Footprint-1 New Footprint=CherryMX-Footprint-1
Change Component Footprint: Designator=SW13 Old Footprint=CherryMX-Footprint-1 New Footprint=CherryMX-Footprint-1
Change Component Footprint: Designator=SW14 Old Footprint=CherryMX-Footprint-1 New Footprint=CherryMX-Footprint-1
Change Component Footprint: Designator=SW15 Old Footprint=CherryMX-Footprint-1 New Footprint=CherryMX-Footprint-1
Change Component Footprint: Designator=SW16 Old Footprint=CherryMX-Footprint-1 New Footprint=CherryMX-Footprint-1
Change Component Footprint: Designator=SW17 Old Footprint=CherryMX-Footprint-1 New Footprint=CherryMX-Footprint-1
Change Component Footprint: Designator=SW18 Old Footprint=CherryMX-Footprint-1 New Footprint=CherryMX-Footprint-1
Change Component Footprint: Designator=SW19 Old Footprint=CherryMX-Footprint-1 New Footprint=CherryMX-Footprint-1
Change Component Footprint: Designator=SW20 Old Footprint=CherryMX-Footprint-1 New Footprint=CherryMX-Footprint-1
Change Component Footprint: Designator=SW21 Old Footprint=CherryMX-Footprint-1 New Footprint=CherryMX-Footprint-1
Change Component Footprint: Designator=SW22 Old Footprint=CherryMX-Footprint-1 New Footprint=CherryMX-Footprint-1
Change Component Footprint: Designator=SW23 Old Footprint=CherryMX-Footprint-1 New Footprint=CherryMX-Footprint-1
Change Component Footprint: Designator=SW24 Old Footprint=CherryMX-Footprint-1 New Footprint=CherryMX-Footprint-1
Change Component Footprint: Designator=SW25 Old Footprint=CherryMX-Footprint-1 New Footprint=CherryMX-Footprint-1
Change Component Footprint: Designator=SW26 Old Footprint=CherryMX-Footprint-1 New Footprint=CherryMX-Footprint-1
Change Component Footprint: Designator=SW27 Old Footprint=CherryMX-Footprint-1 New Footprint=CherryMX-Footprint-1
Change Component Footprint: Designator=SW28 Old Footprint=CherryMX-Footprint-1 New Footprint=CherryMX-Footprint-1
Change Component Footprint: Designator=SW29 Old Footprint=CherryMX-Footprint-1 New Footprint=CherryMX-Footprint-1
Change Component Footprint: Designator=SW30 Old Footprint=CherryMX-Footprint-1 New Footprint=CherryMX-Footprint-1
Change Component Footprint: Designator=SW31 Old Footprint=CherryMX-Footprint-1 New Footprint=CherryMX-Footprint-1
Change Component Footprint: Designator=SW32 Old Footprint=CherryMX-Footprint-1 New Footprint=CherryMX-Footprint-1
Change Component Footprint: Designator=SW33 Old Footprint=CherryMX-Footprint-1 New Footprint=CherryMX-Footprint-1
Change Component Footprint: Designator=SW34 Old Footprint=CherryMX-Footprint-1 New Footprint=CherryMX-Footprint-1
Change Component Footprint: Designator=SW35 Old Footprint=CherryMX-Footprint-1 New Footprint=CherryMX-Footprint-1
Change Component Footprint: Designator=SW36 Old Footprint=CherryMX-Footprint-1 New Footprint=CherryMX-Footprint-1
Change Component Footprint: Designator=SW37 Old Footprint=CherryMX-Footprint-1 New Footprint=CherryMX-Footprint-1
Change Component Footprint: Designator=SW38 Old Footprint=CherryMX-Footprint-1 New Footprint=CherryMX-Footprint-1
Change Component Footprint: Designator=SW39 Old Footprint=CherryMX-Footprint-1 New Footprint=CherryMX-Footprint-1
Change Component Footprint: Designator=SW40 Old Footprint=CherryMX-Footprint-1 New Footprint=CherryMX-Footprint-1
Change Component Footprint: Designator=SW41 Old Footprint=CherryMX-Footprint-1 New Footprint=CherryMX-Footprint-1
Change Component Footprint: Designator=SW42 Old Footprint=CherryMX-Footprint-1 New Footprint=CherryMX-Footprint-1
Change Component Footprint: Designator=SW43 Old Footprint=CherryMX-Footprint-1 New Footprint=CherryMX-Footprint-1
Change Component Footprint: Designator=SW44 Old Footprint=CherryMX-Footprint-1 New Footprint=CherryMX-Footprint-1
Change Component Footprint: Designator=SW45 Old Footprint=CherryMX-Footprint-1 New Footprint=CherryMX-Footprint-1
Change Component Footprint: Designator=SW46 Old Footprint=CherryMX-Footprint-1 New Footprint=CherryMX-Footprint-1
Change Component Footprint: Designator=SW47 Old Footprint=CherryMX-Footprint-1 New Footprint=CherryMX-Footprint-1
Change Component Footprint: Designator=SW48 Old Footprint=CherryMX-Footprint-1 New Footprint=CherryMX-Footprint-1
Change Component Footprint: Designator=SW49 Old Footprint=CherryMX-Footprint-1 New Footprint=CherryMX-Footprint-1
Change Component Footprint: Designator=SW50 Old Footprint=CherryMX-Footprint-1 New Footprint=CherryMX-Footprint-1
Change Component Footprint: Designator=SW51 Old Footprint=CherryMX-Footprint-1 New Footprint=CherryMX-Footprint-1
Change Component Footprint: Designator=SW52 Old Footprint=CherryMX-Footprint-1 New Footprint=CherryMX-Footprint-1
Change Component Footprint: Designator=SW53 Old Footprint=CherryMX-Footprint-1 New Footprint=CherryMX-Footprint-1
Change Component Footprint: Designator=SW54 Old Footprint=CherryMX-Footprint-1 New Footprint=CherryMX-Footprint-1
Change Component Footprint: Designator=SW55 Old Footprint=CherryMX-Footprint-1 New Footprint=CherryMX-Footprint-1
Change Component Footprint: Designator=SW56 Old Footprint=CherryMX-Footprint-1 New Footprint=CherryMX-Footprint-1
Change Component Footprint: Designator=SW57 Old Footprint=CherryMX-Footprint-1 New Footprint=CherryMX-Footprint-1
Change Component Footprint: Designator=SW58 Old Footprint=CherryMX-Footprint-1 New Footprint=CherryMX-Footprint-1
Change Component Footprint: Designator=SW59 Old Footprint=CherryMX-Footprint-1 New Footprint=CherryMX-Footprint-1
Change Component Footprint: Designator=SW60 Old Footprint=CherryMX-Footprint-1 New Footprint=CherryMX-Footprint-1
Change Component Footprint: Designator=SW61 Old Footprint=CherryMX-Footprint-1 New Footprint=CherryMX-Footprint-1
Change Component Footprint: Designator=SW62 Old Footprint=CherryMX-Footprint-1 New Footprint=CherryMX-Footprint-1
Change Component Footprint: Designator=SW63 Old Footprint=CherryMX-Footprint-1 New Footprint=CherryMX-Footprint-1
Change Component Footprint: Designator=SW64 Old Footprint=CherryMX-Footprint-1 New Footprint=CherryMX-Footprint-1
Change Component Footprint: Designator=SW65 Old Footprint=CherryMX-Footprint-1 New Footprint=CherryMX-Footprint-1
Change Component Footprint: Designator=SW66 Old Footprint=CherryMX-Footprint-1 New Footprint=CherryMX-Footprint-1
Change Component Footprint: Designator=SW Old Footprint=CherryMX-Footprint-1 New Footprint=CherryMX-Footprint-1
Change Managed Component Library Link : Designator=SW1 Old VaultGUID=442246F4-344D-46DA-B693-00018615103C New VaultGUID=442246F4-344D-46DA-B693-00018615103C Old ItemGUID=18B14F15-237E-4ABD-B0CC-383D6027A885 New ItemGUID=18B14F15-237E-4ABD-B0CC-383D6027A885 Old RevisionGUID=8a9292a4-4515-4d2c-826b-18d9e539efd3 New RevisionGUID=4a46f325-c864-4584-a531-bcb8bc5f6f15
Change Managed Component Library Link : Designator=SW2 Old VaultGUID=442246F4-344D-46DA-B693-00018615103C New VaultGUID=442246F4-344D-46DA-B693-00018615103C Old ItemGUID=18B14F15-237E-4ABD-B0CC-383D6027A885 New ItemGUID=18B14F15-237E-4ABD-B0CC-383D6027A885 Old RevisionGUID=8a9292a4-4515-4d2c-826b-18d9e539efd3 New RevisionGUID=4a46f325-c864-4584-a531-bcb8bc5f6f15
Change Managed Component Library Link : Designator=SW3 Old VaultGUID=442246F4-344D-46DA-B693-00018615103C New VaultGUID=442246F4-344D-46DA-B693-00018615103C Old ItemGUID=18B14F15-237E-4ABD-B0CC-383D6027A885 New ItemGUID=18B14F15-237E-4ABD-B0CC-383D6027A885 Old RevisionGUID=8a9292a4-4515-4d2c-826b-18d9e539efd3 New RevisionGUID=4a46f325-c864-4584-a531-bcb8bc5f6f15
Change Managed Component Library Link : Designator=SW4 Old VaultGUID=442246F4-344D-46DA-B693-00018615103C New VaultGUID=442246F4-344D-46DA-B693-00018615103C Old ItemGUID=18B14F15-237E-4ABD-B0CC-383D6027A885 New ItemGUID=18B14F15-237E-4ABD-B0CC-383D6027A885 Old RevisionGUID=8a9292a4-4515-4d2c-826b-18d9e539efd3 New RevisionGUID=4a46f325-c864-4584-a531-bcb8bc5f6f15
Change Managed Component Library Link : Designator=SW5 Old VaultGUID=442246F4-344D-46DA-B693-00018615103C New VaultGUID=442246F4-344D-46DA-B693-00018615103C Old ItemGUID=18B14F15-237E-4ABD-B0CC-383D6027A885 New ItemGUID=18B14F15-237E-4ABD-B0CC-383D6027A885 Old RevisionGUID=8a9292a4-4515-4d2c-826b-18d9e539efd3 New RevisionGUID=4a46f325-c864-4584-a531-bcb8bc5f6f15
Change Managed Component Library Link : Designator=SW6 Old VaultGUID=442246F4-344D-46DA-B693-00018615103C New VaultGUID=442246F4-344D-46DA-B693-00018615103C Old ItemGUID=18B14F15-237E-4ABD-B0CC-383D6027A885 New ItemGUID=18B14F15-237E-4ABD-B0CC-383D6027A885 Old RevisionGUID=8a9292a4-4515-4d2c-826b-18d9e539efd3 New RevisionGUID=4a46f325-c864-4584-a531-bcb8bc5f6f15
Change Managed Component Library Link : Designator=SW7 Old VaultGUID=442246F4-344D-46DA-B693-00018615103C New VaultGUID=442246F4-344D-46DA-B693-00018615103C Old ItemGUID=18B14F15-237E-4ABD-B0CC-383D6027A885 New ItemGUID=18B14F15-237E-4ABD-B0CC-383D6027A885 Old RevisionGUID=8a9292a4-4515-4d2c-826b-18d9e539efd3 New RevisionGUID=4a46f325-c864-4584-a531-bcb8bc5f6f15
Change Managed Component Library Link : Designator=SW8 Old VaultGUID=442246F4-344D-46DA-B693-00018615103C New VaultGUID=442246F4-344D-46DA-B693-00018615103C Old ItemGUID=18B14F15-237E-4ABD-B0CC-383D6027A885 New ItemGUID=18B14F15-237E-4ABD-B0CC-383D6027A885 Old RevisionGUID=8a9292a4-4515-4d2c-826b-18d9e539efd3 New RevisionGUID=4a46f325-c864-4584-a531-bcb8bc5f6f15
Change Managed Component Library Link : Designator=SW9 Old VaultGUID=442246F4-344D-46DA-B693-00018615103C New VaultGUID=442246F4-344D-46DA-B693-00018615103C Old ItemGUID=18B14F15-237E-4ABD-B0CC-383D6027A885 New ItemGUID=18B14F15-237E-4ABD-B0CC-383D6027A885 Old RevisionGUID=8a9292a4-4515-4d2c-826b-18d9e539efd3 New RevisionGUID=4a46f325-c864-4584-a531-bcb8bc5f6f15
Change Managed Component Library Link : Designator=SW10 Old VaultGUID=442246F4-344D-46DA-B693-00018615103C New VaultGUID=442246F4-344D-46DA-B693-00018615103C Old ItemGUID=18B14F15-237E-4ABD-B0CC-383D6027A885 New ItemGUID=18B14F15-237E-4ABD-B0CC-383D6027A885 Old RevisionGUID=8a9292a4-4515-4d2c-826b-18d9e539efd3 New RevisionGUID=4a46f325-c864-4584-a531-bcb8bc5f6f15
Change Managed Component Library Link : Designator=SW11 Old VaultGUID=442246F4-344D-46DA-B693-00018615103C New VaultGUID=442246F4-344D-46DA-B693-00018615103C Old ItemGUID=18B14F15-237E-4ABD-B0CC-383D6027A885 New ItemGUID=18B14F15-237E-4ABD-B0CC-383D6027A885 Old RevisionGUID=8a9292a4-4515-4d2c-826b-18d9e539efd3 New RevisionGUID=4a46f325-c864-4584-a531-bcb8bc5f6f15
Change Managed Component Library Link : Designator=SW12 Old VaultGUID=442246F4-344D-46DA-B693-00018615103C New VaultGUID=442246F4-344D-46DA-B693-00018615103C Old ItemGUID=18B14F15-237E-4ABD-B0CC-383D6027A885 New ItemGUID=18B14F15-237E-4ABD-B0CC-383D6027A885 Old RevisionGUID=8a9292a4-4515-4d2c-826b-18d9e539efd3 New RevisionGUID=4a46f325-c864-4584-a531-bcb8bc5f6f15
Change Managed Component Library Link : Designator=SW13 Old VaultGUID=442246F4-344D-46DA-B693-00018615103C New VaultGUID=442246F4-344D-46DA-B693-00018615103C Old ItemGUID=18B14F15-237E-4ABD-B0CC-383D6027A885 New ItemGUID=18B14F15-237E-4ABD-B0CC-383D6027A885 Old RevisionGUID=8a9292a4-4515-4d2c-826b-18d9e539efd3 New RevisionGUID=4a46f325-c864-4584-a531-bcb8bc5f6f15
Change Managed Component Library Link : Designator=SW14 Old VaultGUID=442246F4-344D-46DA-B693-00018615103C New VaultGUID=442246F4-344D-46DA-B693-00018615103C Old ItemGUID=18B14F15-237E-4ABD-B0CC-383D6027A885 New ItemGUID=18B14F15-237E-4ABD-B0CC-383D6027A885 Old RevisionGUID=8a9292a4-4515-4d2c-826b-18d9e539efd3 New RevisionGUID=4a46f325-c864-4584-a531-bcb8bc5f6f15
Change Managed Component Library Link : Designator=SW15 Old VaultGUID=442246F4-344D-46DA-B693-00018615103C New VaultGUID=442246F4-344D-46DA-B693-00018615103C Old ItemGUID=18B14F15-237E-4ABD-B0CC-383D6027A885 New ItemGUID=18B14F15-237E-4ABD-B0CC-383D6027A885 Old RevisionGUID=8a9292a4-4515-4d2c-826b-18d9e539efd3 New RevisionGUID=4a46f325-c864-4584-a531-bcb8bc5f6f15
Change Managed Component Library Link : Designator=SW16 Old VaultGUID=442246F4-344D-46DA-B693-00018615103C New VaultGUID=442246F4-344D-46DA-B693-00018615103C Old ItemGUID=18B14F15-237E-4ABD-B0CC-383D6027A885 New ItemGUID=18B14F15-237E-4ABD-B0CC-383D6027A885 Old RevisionGUID=8a9292a4-4515-4d2c-826b-18d9e539efd3 New RevisionGUID=4a46f325-c864-4584-a531-bcb8bc5f6f15
Change Managed Component Library Link : Designator=SW17 Old VaultGUID=442246F4-344D-46DA-B693-00018615103C New VaultGUID=442246F4-344D-46DA-B693-00018615103C Old ItemGUID=18B14F15-237E-4ABD-B0CC-383D6027A885 New ItemGUID=18B14F15-237E-4ABD-B0CC-383D6027A885 Old RevisionGUID=8a9292a4-4515-4d2c-826b-18d9e539efd3 New RevisionGUID=4a46f325-c864-4584-a531-bcb8bc5f6f15
Change Managed Component Library Link : Designator=SW18 Old VaultGUID=442246F4-344D-46DA-B693-00018615103C New VaultGUID=442246F4-344D-46DA-B693-00018615103C Old ItemGUID=18B14F15-237E-4ABD-B0CC-383D6027A885 New ItemGUID=18B14F15-237E-4ABD-B0CC-383D6027A885 Old RevisionGUID=8a9292a4-4515-4d2c-826b-18d9e539efd3 New RevisionGUID=4a46f325-c864-4584-a531-bcb8bc5f6f15
Change Managed Component Library Link : Designator=SW19 Old VaultGUID=442246F4-344D-46DA-B693-00018615103C New VaultGUID=442246F4-344D-46DA-B693-00018615103C Old ItemGUID=18B14F15-237E-4ABD-B0CC-383D6027A885 New ItemGUID=18B14F15-237E-4ABD-B0CC-383D6027A885 Old RevisionGUID=8a9292a4-4515-4d2c-826b-18d9e539efd3 New RevisionGUID=4a46f325-c864-4584-a531-bcb8bc5f6f15
Change Managed Component Library Link : Designator=SW20 Old VaultGUID=442246F4-344D-46DA-B693-00018615103C New VaultGUID=442246F4-344D-46DA-B693-00018615103C Old ItemGUID=18B14F15-237E-4ABD-B0CC-383D6027A885 New ItemGUID=18B14F15-237E-4ABD-B0CC-383D6027A885 Old RevisionGUID=8a9292a4-4515-4d2c-826b-18d9e539efd3 New RevisionGUID=4a46f325-c864-4584-a531-bcb8bc5f6f15
Change Managed Component Library Link : Designator=SW21 Old VaultGUID=442246F4-344D-46DA-B693-00018615103C New VaultGUID=442246F4-344D-46DA-B693-00018615103C Old ItemGUID=18B14F15-237E-4ABD-B0CC-383D6027A885 New ItemGUID=18B14F15-237E-4ABD-B0CC-383D6027A885 Old RevisionGUID=8a9292a4-4515-4d2c-826b-18d9e539efd3 New RevisionGUID=4a46f325-c864-4584-a531-bcb8bc5f6f15
Change Managed Component Library Link : Designator=SW22 Old VaultGUID=442246F4-344D-46DA-B693-00018615103C New VaultGUID=442246F4-344D-46DA-B693-00018615103C Old ItemGUID=18B14F15-237E-4ABD-B0CC-383D6027A885 New ItemGUID=18B14F15-237E-4ABD-B0CC-383D6027A885 Old RevisionGUID=8a9292a4-4515-4d2c-826b-18d9e539efd3 New RevisionGUID=4a46f325-c864-4584-a531-bcb8bc5f6f15
Change Managed Component Library Link : Designator=SW23 Old VaultGUID=442246F4-344D-46DA-B693-00018615103C New VaultGUID=442246F4-344D-46DA-B693-00018615103C Old ItemGUID=18B14F15-237E-4ABD-B0CC-383D6027A885 New ItemGUID=18B14F15-237E-4ABD-B0CC-383D6027A885 Old RevisionGUID=8a9292a4-4515-4d2c-826b-18d9e539efd3 New RevisionGUID=4a46f325-c864-4584-a531-bcb8bc5f6f15
Change Managed Component Library Link : Designator=SW24 Old VaultGUID=442246F4-344D-46DA-B693-00018615103C New VaultGUID=442246F4-344D-46DA-B693-00018615103C Old ItemGUID=18B14F15-237E-4ABD-B0CC-383D6027A885 New ItemGUID=18B14F15-237E-4ABD-B0CC-383D6027A885 Old RevisionGUID=8a9292a4-4515-4d2c-826b-18d9e539efd3 New RevisionGUID=4a46f325-c864-4584-a531-bcb8bc5f6f15
Change Managed Component Library Link : Designator=SW25 Old VaultGUID=442246F4-344D-46DA-B693-00018615103C New VaultGUID=442246F4-344D-46DA-B693-00018615103C Old ItemGUID=18B14F15-237E-4ABD-B0CC-383D6027A885 New ItemGUID=18B14F15-237E-4ABD-B0CC-383D6027A885 Old RevisionGUID=8a9292a4-4515-4d2c-826b-18d9e539efd3 New RevisionGUID=4a46f325-c864-4584-a531-bcb8bc5f6f15
Change Managed Component Library Link : Designator=SW26 Old VaultGUID=442246F4-344D-46DA-B693-00018615103C New VaultGUID=442246F4-344D-46DA-B693-00018615103C Old ItemGUID=18B14F15-237E-4ABD-B0CC-383D6027A885 New ItemGUID=18B14F15-237E-4ABD-B0CC-383D6027A885 Old RevisionGUID=8a9292a4-4515-4d2c-826b-18d9e539efd3 New RevisionGUID=4a46f325-c864-4584-a531-bcb8bc5f6f15
Change Managed Component Library Link : Designator=SW27 Old VaultGUID=442246F4-344D-46DA-B693-00018615103C New VaultGUID=442246F4-344D-46DA-B693-00018615103C Old ItemGUID=18B14F15-237E-4ABD-B0CC-383D6027A885 New ItemGUID=18B14F15-237E-4ABD-B0CC-383D6027A885 Old RevisionGUID=8a9292a4-4515-4d2c-826b-18d9e539efd3 New RevisionGUID=4a46f325-c864-4584-a531-bcb8bc5f6f15
Change Managed Component Library Link : Designator=SW28 Old VaultGUID=442246F4-344D-46DA-B693-00018615103C New VaultGUID=442246F4-344D-46DA-B693-00018615103C Old ItemGUID=18B14F15-237E-4ABD-B0CC-383D6027A885 New ItemGUID=18B14F15-237E-4ABD-B0CC-383D6027A885 Old RevisionGUID=8a9292a4-4515-4d2c-826b-18d9e539efd3 New RevisionGUID=4a46f325-c864-4584-a531-bcb8bc5f6f15
Change Managed Component Library Link : Designator=SW29 Old VaultGUID=442246F4-344D-46DA-B693-00018615103C New VaultGUID=442246F4-344D-46DA-B693-00018615103C Old ItemGUID=18B14F15-237E-4ABD-B0CC-383D6027A885 New ItemGUID=18B14F15-237E-4ABD-B0CC-383D6027A885 Old RevisionGUID=8a9292a4-4515-4d2c-826b-18d9e539efd3 New RevisionGUID=4a46f325-c864-4584-a531-bcb8bc5f6f15
Change Managed Component Library Link : Designator=SW30 Old VaultGUID=442246F4-344D-46DA-B693-00018615103C New VaultGUID=442246F4-344D-46DA-B693-00018615103C Old ItemGUID=18B14F15-237E-4ABD-B0CC-383D6027A885 New ItemGUID=18B14F15-237E-4ABD-B0CC-383D6027A885 Old RevisionGUID=8a9292a4-4515-4d2c-826b-18d9e539efd3 New RevisionGUID=4a46f325-c864-4584-a531-bcb8bc5f6f15
Change Managed Component Library Link : Designator=SW31 Old VaultGUID=442246F4-344D-46DA-B693-00018615103C New VaultGUID=442246F4-344D-46DA-B693-00018615103C Old ItemGUID=18B14F15-237E-4ABD-B0CC-383D6027A885 New ItemGUID=18B14F15-237E-4ABD-B0CC-383D6027A885 Old RevisionGUID=8a9292a4-4515-4d2c-826b-18d9e539efd3 New RevisionGUID=4a46f325-c864-4584-a531-bcb8bc5f6f15
Change Managed Component Library Link : Designator=SW32 Old VaultGUID=442246F4-344D-46DA-B693-00018615103C New VaultGUID=442246F4-344D-46DA-B693-00018615103C Old ItemGUID=18B14F15-237E-4ABD-B0CC-383D6027A885 New ItemGUID=18B14F15-237E-4ABD-B0CC-383D6027A885 Old RevisionGUID=8a9292a4-4515-4d2c-826b-18d9e539efd3 New RevisionGUID=4a46f325-c864-4584-a531-bcb8bc5f6f15
Change Managed Component Library Link : Designator=SW33 Old VaultGUID=442246F4-344D-46DA-B693-00018615103C New VaultGUID=442246F4-344D-46DA-B693-00018615103C Old ItemGUID=18B14F15-237E-4ABD-B0CC-383D6027A885 New ItemGUID=18B14F15-237E-4ABD-B0CC-383D6027A885 Old RevisionGUID=8a9292a4-4515-4d2c-826b-18d9e539efd3 New RevisionGUID=4a46f325-c864-4584-a531-bcb8bc5f6f15
Change Managed Component Library Link : Designator=SW34 Old VaultGUID=442246F4-344D-46DA-B693-00018615103C New VaultGUID=442246F4-344D-46DA-B693-00018615103C Old ItemGUID=18B14F15-237E-4ABD-B0CC-383D6027A885 New ItemGUID=18B14F15-237E-4ABD-B0CC-383D6027A885 Old RevisionGUID=8a9292a4-4515-4d2c-826b-18d9e539efd3 New RevisionGUID=4a46f325-c864-4584-a531-bcb8bc5f6f15
Change Managed Component Library Link : Designator=SW35 Old VaultGUID=442246F4-344D-46DA-B693-00018615103C New VaultGUID=442246F4-344D-46DA-B693-00018615103C Old ItemGUID=18B14F15-237E-4ABD-B0CC-383D6027A885 New ItemGUID=18B14F15-237E-4ABD-B0CC-383D6027A885 Old RevisionGUID=8a9292a4-4515-4d2c-826b-18d9e539efd3 New RevisionGUID=4a46f325-c864-4584-a531-bcb8bc5f6f15
Change Managed Component Library Link : Designator=SW36 Old VaultGUID=442246F4-344D-46DA-B693-00018615103C New VaultGUID=442246F4-344D-46DA-B693-00018615103C Old ItemGUID=18B14F15-237E-4ABD-B0CC-383D6027A885 New ItemGUID=18B14F15-237E-4ABD-B0CC-383D6027A885 Old RevisionGUID=8a9292a4-4515-4d2c-826b-18d9e539efd3 New RevisionGUID=4a46f325-c864-4584-a531-bcb8bc5f6f15
Change Managed Component Library Link : Designator=SW37 Old VaultGUID=442246F4-344D-46DA-B693-00018615103C New VaultGUID=442246F4-344D-46DA-B693-00018615103C Old ItemGUID=18B14F15-237E-4ABD-B0CC-383D6027A885 New ItemGUID=18B14F15-237E-4ABD-B0CC-383D6027A885 Old RevisionGUID=8a9292a4-4515-4d2c-826b-18d9e539efd3 New RevisionGUID=4a46f325-c864-4584-a531-bcb8bc5f6f15
Change Managed Component Library Link : Designator=SW38 Old VaultGUID=442246F4-344D-46DA-B693-00018615103C New VaultGUID=442246F4-344D-46DA-B693-00018615103C Old ItemGUID=18B14F15-237E-4ABD-B0CC-383D6027A885 New ItemGUID=18B14F15-237E-4ABD-B0CC-383D6027A885 Old RevisionGUID=8a9292a4-4515-4d2c-826b-18d9e539efd3 New RevisionGUID=4a46f325-c864-4584-a531-bcb8bc5f6f15
Change Managed Component Library Link : Designator=SW39 Old VaultGUID=442246F4-344D-46DA-B693-00018615103C New VaultGUID=442246F4-344D-46DA-B693-00018615103C Old ItemGUID=18B14F15-237E-4ABD-B0CC-383D6027A885 New ItemGUID=18B14F15-237E-4ABD-B0CC-383D6027A885 Old RevisionGUID=8a9292a4-4515-4d2c-826b-18d9e539efd3 New RevisionGUID=4a46f325-c864-4584-a531-bcb8bc5f6f15
Change Managed Component Library Link : Designator=SW40 Old VaultGUID=442246F4-344D-46DA-B693-00018615103C New VaultGUID=442246F4-344D-46DA-B693-00018615103C Old ItemGUID=18B14F15-237E-4ABD-B0CC-383D6027A885 New ItemGUID=18B14F15-237E-4ABD-B0CC-383D6027A885 Old RevisionGUID=8a9292a4-4515-4d2c-826b-18d9e539efd3 New RevisionGUID=4a46f325-c864-4584-a531-bcb8bc5f6f15
Change Managed Component Library Link : Designator=SW41 Old VaultGUID=442246F4-344D-46DA-B693-00018615103C New VaultGUID=442246F4-344D-46DA-B693-00018615103C Old ItemGUID=18B14F15-237E-4ABD-B0CC-383D6027A885 New ItemGUID=18B14F15-237E-4ABD-B0CC-383D6027A885 Old RevisionGUID=8a9292a4-4515-4d2c-826b-18d9e539efd3 New RevisionGUID=4a46f325-c864-4584-a531-bcb8bc5f6f15
Change Managed Component Library Link : Designator=SW42 Old VaultGUID=442246F4-344D-46DA-B693-00018615103C New VaultGUID=442246F4-344D-46DA-B693-00018615103C Old ItemGUID=18B14F15-237E-4ABD-B0CC-383D6027A885 New ItemGUID=18B14F15-237E-4ABD-B0CC-383D6027A885 Old RevisionGUID=8a9292a4-4515-4d2c-826b-18d9e539efd3 New RevisionGUID=4a46f325-c864-4584-a531-bcb8bc5f6f15
Change Managed Component Library Link : Designator=SW43 Old VaultGUID=442246F4-344D-46DA-B693-00018615103C New VaultGUID=442246F4-344D-46DA-B693-00018615103C Old ItemGUID=18B14F15-237E-4ABD-B0CC-383D6027A885 New ItemGUID=18B14F15-237E-4ABD-B0CC-383D6027A885 Old RevisionGUID=8a9292a4-4515-4d2c-826b-18d9e539efd3 New RevisionGUID=4a46f325-c864-4584-a531-bcb8bc5f6f15
Change Managed Component Library Link : Designator=SW44 Old VaultGUID=442246F4-344D-46DA-B693-00018615103C New VaultGUID=442246F4-344D-46DA-B693-00018615103C Old ItemGUID=18B14F15-237E-4ABD-B0CC-383D6027A885 New ItemGUID=18B14F15-237E-4ABD-B0CC-383D6027A885 Old RevisionGUID=8a9292a4-4515-4d2c-826b-18d9e539efd3 New RevisionGUID=4a46f325-c864-4584-a531-bcb8bc5f6f15
Change Managed Component Library Link : Designator=SW45 Old VaultGUID=442246F4-344D-46DA-B693-00018615103C New VaultGUID=442246F4-344D-46DA-B693-00018615103C Old ItemGUID=18B14F15-237E-4ABD-B0CC-383D6027A885 New ItemGUID=18B14F15-237E-4ABD-B0CC-383D6027A885 Old RevisionGUID=8a9292a4-4515-4d2c-826b-18d9e539efd3 New RevisionGUID=4a46f325-c864-4584-a531-bcb8bc5f6f15
Change Managed Component Library Link : Designator=SW46 Old VaultGUID=442246F4-344D-46DA-B693-00018615103C New VaultGUID=442246F4-344D-46DA-B693-00018615103C Old ItemGUID=18B14F15-237E-4ABD-B0CC-383D6027A885 New ItemGUID=18B14F15-237E-4ABD-B0CC-383D6027A885 Old RevisionGUID=8a9292a4-4515-4d2c-826b-18d9e539efd3 New RevisionGUID=4a46f325-c864-4584-a531-bcb8bc5f6f15
Change Managed Component Library Link : Designator=SW47 Old VaultGUID=442246F4-344D-46DA-B693-00018615103C New VaultGUID=442246F4-344D-46DA-B693-00018615103C Old ItemGUID=18B14F15-237E-4ABD-B0CC-383D6027A885 New ItemGUID=18B14F15-237E-4ABD-B0CC-383D6027A885 Old RevisionGUID=8a9292a4-4515-4d2c-826b-18d9e539efd3 New RevisionGUID=4a46f325-c864-4584-a531-bcb8bc5f6f15
Change Managed Component Library Link : Designator=SW48 Old VaultGUID=442246F4-344D-46DA-B693-00018615103C New VaultGUID=442246F4-344D-46DA-B693-00018615103C Old ItemGUID=18B14F15-237E-4ABD-B0CC-383D6027A885 New ItemGUID=18B14F15-237E-4ABD-B0CC-383D6027A885 Old RevisionGUID=8a9292a4-4515-4d2c-826b-18d9e539efd3 New RevisionGUID=4a46f325-c864-4584-a531-bcb8bc5f6f15
Change Managed Component Library Link : Designator=SW49 Old VaultGUID=442246F4-344D-46DA-B693-00018615103C New VaultGUID=442246F4-344D-46DA-B693-00018615103C Old ItemGUID=18B14F15-237E-4ABD-B0CC-383D6027A885 New ItemGUID=18B14F15-237E-4ABD-B0CC-383D6027A885 Old RevisionGUID=8a9292a4-4515-4d2c-826b-18d9e539efd3 New RevisionGUID=4a46f325-c864-4584-a531-bcb8bc5f6f15
Change Managed Component Library Link : Designator=SW50 Old VaultGUID=442246F4-344D-46DA-B693-00018615103C New VaultGUID=442246F4-344D-46DA-B693-00018615103C Old ItemGUID=18B14F15-237E-4ABD-B0CC-383D6027A885 New ItemGUID=18B14F15-237E-4ABD-B0CC-383D6027A885 Old RevisionGUID=8a9292a4-4515-4d2c-826b-18d9e539efd3 New RevisionGUID=4a46f325-c864-4584-a531-bcb8bc5f6f15
Change Managed Component Library Link : Designator=SW51 Old VaultGUID=442246F4-344D-46DA-B693-00018615103C New VaultGUID=442246F4-344D-46DA-B693-00018615103C Old ItemGUID=18B14F15-237E-4ABD-B0CC-383D6027A885 New ItemGUID=18B14F15-237E-4ABD-B0CC-383D6027A885 Old RevisionGUID=8a9292a4-4515-4d2c-826b-18d9e539efd3 New RevisionGUID=4a46f325-c864-4584-a531-bcb8bc5f6f15
Change Managed Component Library Link : Designator=SW52 Old VaultGUID=442246F4-344D-46DA-B693-00018615103C New VaultGUID=442246F4-344D-46DA-B693-00018615103C Old ItemGUID=18B14F15-237E-4ABD-B0CC-383D6027A885 New ItemGUID=18B14F15-237E-4ABD-B0CC-383D6027A885 Old RevisionGUID=8a9292a4-4515-4d2c-826b-18d9e539efd3 New RevisionGUID=4a46f325-c864-4584-a531-bcb8bc5f6f15
Change Managed Component Library Link : Designator=SW53 Old VaultGUID=442246F4-344D-46DA-B693-00018615103C New VaultGUID=442246F4-344D-46DA-B693-00018615103C Old ItemGUID=18B14F15-237E-4ABD-B0CC-383D6027A885 New ItemGUID=18B14F15-237E-4ABD-B0CC-383D6027A885 Old RevisionGUID=8a9292a4-4515-4d2c-826b-18d9e539efd3 New RevisionGUID=4a46f325-c864-4584-a531-bcb8bc5f6f15
Change Managed Component Library Link : Designator=SW54 Old VaultGUID=442246F4-344D-46DA-B693-00018615103C New VaultGUID=442246F4-344D-46DA-B693-00018615103C Old ItemGUID=18B14F15-237E-4ABD-B0CC-383D6027A885 New ItemGUID=18B14F15-237E-4ABD-B0CC-383D6027A885 Old RevisionGUID=8a9292a4-4515-4d2c-826b-18d9e539efd3 New RevisionGUID=4a46f325-c864-4584-a531-bcb8bc5f6f15
Change Managed Component Library Link : Designator=SW55 Old VaultGUID=442246F4-344D-46DA-B693-00018615103C New VaultGUID=442246F4-344D-46DA-B693-00018615103C Old ItemGUID=18B14F15-237E-4ABD-B0CC-383D6027A885 New ItemGUID=18B14F15-237E-4ABD-B0CC-383D6027A885 Old RevisionGUID=8a9292a4-4515-4d2c-826b-18d9e539efd3 New RevisionGUID=4a46f325-c864-4584-a531-bcb8bc5f6f15
Change Managed Component Library Link : Designator=SW56 Old VaultGUID=442246F4-344D-46DA-B693-00018615103C New VaultGUID=442246F4-344D-46DA-B693-00018615103C Old ItemGUID=18B14F15-237E-4ABD-B0CC-383D6027A885 New ItemGUID=18B14F15-237E-4ABD-B0CC-383D6027A885 Old RevisionGUID=8a9292a4-4515-4d2c-826b-18d9e539efd3 New RevisionGUID=4a46f325-c864-4584-a531-bcb8bc5f6f15
Change Managed Component Library Link : Designator=SW57 Old VaultGUID=442246F4-344D-46DA-B693-00018615103C New VaultGUID=442246F4-344D-46DA-B693-00018615103C Old ItemGUID=18B14F15-237E-4ABD-B0CC-383D6027A885 New ItemGUID=18B14F15-237E-4ABD-B0CC-383D6027A885 Old RevisionGUID=8a9292a4-4515-4d2c-826b-18d9e539efd3 New RevisionGUID=4a46f325-c864-4584-a531-bcb8bc5f6f15
Change Managed Component Library Link : Designator=SW58 Old VaultGUID=442246F4-344D-46DA-B693-00018615103C New VaultGUID=442246F4-344D-46DA-B693-00018615103C Old ItemGUID=18B14F15-237E-4ABD-B0CC-383D6027A885 New ItemGUID=18B14F15-237E-4ABD-B0CC-383D6027A885 Old RevisionGUID=8a9292a4-4515-4d2c-826b-18d9e539efd3 New RevisionGUID=4a46f325-c864-4584-a531-bcb8bc5f6f15
Change Managed Component Library Link : Designator=SW59 Old VaultGUID=442246F4-344D-46DA-B693-00018615103C New VaultGUID=442246F4-344D-46DA-B693-00018615103C Old ItemGUID=18B14F15-237E-4ABD-B0CC-383D6027A885 New ItemGUID=18B14F15-237E-4ABD-B0CC-383D6027A885 Old RevisionGUID=8a9292a4-4515-4d2c-826b-18d9e539efd3 New RevisionGUID=4a46f325-c864-4584-a531-bcb8bc5f6f15
Change Managed Component Library Link : Designator=SW60 Old VaultGUID=442246F4-344D-46DA-B693-00018615103C New VaultGUID=442246F4-344D-46DA-B693-00018615103C Old ItemGUID=18B14F15-237E-4ABD-B0CC-383D6027A885 New ItemGUID=18B14F15-237E-4ABD-B0CC-383D6027A885 Old RevisionGUID=8a9292a4-4515-4d2c-826b-18d9e539efd3 New RevisionGUID=4a46f325-c864-4584-a531-bcb8bc5f6f15
Change Managed Component Library Link : Designator=SW61 Old VaultGUID=442246F4-344D-46DA-B693-00018615103C New VaultGUID=442246F4-344D-46DA-B693-00018615103C Old ItemGUID=18B14F15-237E-4ABD-B0CC-383D6027A885 New ItemGUID=18B14F15-237E-4ABD-B0CC-383D6027A885 Old RevisionGUID=8a9292a4-4515-4d2c-826b-18d9e539efd3 New RevisionGUID=4a46f325-c864-4584-a531-bcb8bc5f6f15
Change Managed Component Library Link : Designator=SW62 Old VaultGUID=442246F4-344D-46DA-B693-00018615103C New VaultGUID=442246F4-344D-46DA-B693-00018615103C Old ItemGUID=18B14F15-237E-4ABD-B0CC-383D6027A885 New ItemGUID=18B14F15-237E-4ABD-B0CC-383D6027A885 Old RevisionGUID=8a9292a4-4515-4d2c-826b-18d9e539efd3 New RevisionGUID=4a46f325-c864-4584-a531-bcb8bc5f6f15
Change Managed Component Library Link : Designator=SW63 Old VaultGUID=442246F4-344D-46DA-B693-00018615103C New VaultGUID=442246F4-344D-46DA-B693-00018615103C Old ItemGUID=18B14F15-237E-4ABD-B0CC-383D6027A885 New ItemGUID=18B14F15-237E-4ABD-B0CC-383D6027A885 Old RevisionGUID=8a9292a4-4515-4d2c-826b-18d9e539efd3 New RevisionGUID=4a46f325-c864-4584-a531-bcb8bc5f6f15
Change Managed Component Library Link : Designator=SW64 Old VaultGUID=442246F4-344D-46DA-B693-00018615103C New VaultGUID=442246F4-344D-46DA-B693-00018615103C Old ItemGUID=18B14F15-237E-4ABD-B0CC-383D6027A885 New ItemGUID=18B14F15-237E-4ABD-B0CC-383D6027A885 Old RevisionGUID=8a9292a4-4515-4d2c-826b-18d9e539efd3 New RevisionGUID=4a46f325-c864-4584-a531-bcb8bc5f6f15
Change Managed Component Library Link : Designator=SW65 Old VaultGUID=442246F4-344D-46DA-B693-00018615103C New VaultGUID=442246F4-344D-46DA-B693-00018615103C Old ItemGUID=18B14F15-237E-4ABD-B0CC-383D6027A885 New ItemGUID=18B14F15-237E-4ABD-B0CC-383D6027A885 Old RevisionGUID=8a9292a4-4515-4d2c-826b-18d9e539efd3 New RevisionGUID=4a46f325-c864-4584-a531-bcb8bc5f6f15
Change Managed Component Library Link : Designator=SW66 Old VaultGUID=442246F4-344D-46DA-B693-00018615103C New VaultGUID=442246F4-344D-46DA-B693-00018615103C Old ItemGUID=18B14F15-237E-4ABD-B0CC-383D6027A885 New ItemGUID=18B14F15-237E-4ABD-B0CC-383D6027A885 Old RevisionGUID=8a9292a4-4515-4d2c-826b-18d9e539efd3 New RevisionGUID=4a46f325-c864-4584-a531-bcb8bc5f6f15
Change Managed Component Library Link : Designator=SW Old VaultGUID=442246F4-344D-46DA-B693-00018615103C New VaultGUID=442246F4-344D-46DA-B693-00018615103C Old ItemGUID=18B14F15-237E-4ABD-B0CC-383D6027A885 New ItemGUID=18B14F15-237E-4ABD-B0CC-383D6027A885 Old RevisionGUID=8a9292a4-4515-4d2c-826b-18d9e539efd3 New RevisionGUID=4a46f325-c864-4584-a531-bcb8bc5f6f15
