Update Managed Component C20 From CMP-2100-03600-2[CC0603KRX7R9BB103] To CMP-2100-03600-2[CC0603KRX7R9BB103] in Matrix.SchDoc
Update Managed Component C21 From CMP-2100-03600-2[CC0603KRX7R9BB103] To CMP-2100-03600-2[CC0603KRX7R9BB103] in Matrix.SchDoc
Update Managed Component D2 From CMP-2000-04993-2[1N4148W-TP] To CMP-2000-04993-2[1N4148W-TP] in Matrix.SchDoc
Update Managed Component D3 From CMP-2000-04993-2[1N4148W-TP] To CMP-2000-04993-2[1N4148W-TP] in Matrix.SchDoc
Update Managed Component D4 From CMP-2000-04993-2[1N4148W-TP] To CMP-2000-04993-2[1N4148W-TP] in Matrix.SchDoc
Update Managed Component D5 From CMP-2000-04993-2[1N4148W-TP] To CMP-2000-04993-2[1N4148W-TP] in Matrix.SchDoc
Update Managed Component D6 From CMP-2000-04993-2[1N4148W-TP] To CMP-2000-04993-2[1N4148W-TP] in Matrix.SchDoc
Update Managed Component D7 From CMP-2000-04993-2[1N4148W-TP] To CMP-2000-04993-2[1N4148W-TP] in Matrix.SchDoc
Update Managed Component D8 From CMP-2000-04993-2[1N4148W-TP] To CMP-2000-04993-2[1N4148W-TP] in Matrix.SchDoc
Update Managed Component D9 From CMP-2000-04993-2[1N4148W-TP] To CMP-2000-04993-2[1N4148W-TP] in Matrix.SchDoc
Update Managed Component D10 From CMP-2000-04993-2[1N4148W-TP] To CMP-2000-04993-2[1N4148W-TP] in Matrix.SchDoc
Update Managed Component D11 From CMP-2000-04993-2[1N4148W-TP] To CMP-2000-04993-2[1N4148W-TP] in Matrix.SchDoc
Update Managed Component D12 From CMP-2000-04993-2[1N4148W-TP] To CMP-2000-04993-2[1N4148W-TP] in Matrix.SchDoc
Update Managed Component D13 From CMP-2000-04993-2[1N4148W-TP] To CMP-2000-04993-2[1N4148W-TP] in Matrix.SchDoc
Update Managed Component D14 From CMP-2000-04993-2[1N4148W-TP] To CMP-2000-04993-2[1N4148W-TP] in Matrix.SchDoc
Update Managed Component D15 From CMP-2000-04993-2[1N4148W-TP] To CMP-2000-04993-2[1N4148W-TP] in Matrix.SchDoc
Update Managed Component D16 From CMP-2000-04993-2[1N4148W-TP] To CMP-2000-04993-2[1N4148W-TP] in Matrix.SchDoc
Update Managed Component D17 From CMP-2000-04993-2[1N4148W-TP] To CMP-2000-04993-2[1N4148W-TP] in Matrix.SchDoc
Update Managed Component D18 From CMP-2000-04993-2[1N4148W-TP] To CMP-2000-04993-2[1N4148W-TP] in Matrix.SchDoc
Update Managed Component D19 From CMP-2000-04993-2[1N4148W-TP] To CMP-2000-04993-2[1N4148W-TP] in Matrix.SchDoc
Update Managed Component D20 From CMP-2000-04993-2[1N4148W-TP] To CMP-2000-04993-2[1N4148W-TP] in Matrix.SchDoc
Update Managed Component D21 From CMP-2000-04993-2[1N4148W-TP] To CMP-2000-04993-2[1N4148W-TP] in Matrix.SchDoc
Update Managed Component D22 From CMP-2000-04993-2[1N4148W-TP] To CMP-2000-04993-2[1N4148W-TP] in Matrix.SchDoc
Update Managed Component D23 From CMP-2000-04993-2[1N4148W-TP] To CMP-2000-04993-2[1N4148W-TP] in Matrix.SchDoc
Update Managed Component D24 From CMP-2000-04993-2[1N4148W-TP] To CMP-2000-04993-2[1N4148W-TP] in Matrix.SchDoc
Update Managed Component D25 From CMP-2000-04993-2[1N4148W-TP] To CMP-2000-04993-2[1N4148W-TP] in Matrix.SchDoc
Update Managed Component D26 From CMP-2000-04993-2[1N4148W-TP] To CMP-2000-04993-2[1N4148W-TP] in Matrix.SchDoc
Update Managed Component D27 From CMP-2000-04993-2[1N4148W-TP] To CMP-2000-04993-2[1N4148W-TP] in Matrix.SchDoc
Update Managed Component D28 From CMP-2000-04993-2[1N4148W-TP] To CMP-2000-04993-2[1N4148W-TP] in Matrix.SchDoc
Update Managed Component D29 From CMP-2000-04993-2[1N4148W-TP] To CMP-2000-04993-2[1N4148W-TP] in Matrix.SchDoc
Update Managed Component D30 From CMP-2000-04993-2[1N4148W-TP] To CMP-2000-04993-2[1N4148W-TP] in Matrix.SchDoc
Update Managed Component D31 From CMP-2000-04993-2[1N4148W-TP] To CMP-2000-04993-2[1N4148W-TP] in Matrix.SchDoc
Update Managed Component D32 From CMP-2000-04993-2[1N4148W-TP] To CMP-2000-04993-2[1N4148W-TP] in Matrix.SchDoc
Update Managed Component D33 From CMP-2000-04993-2[1N4148W-TP] To CMP-2000-04993-2[1N4148W-TP] in Matrix.SchDoc
Update Managed Component D34 From CMP-2000-04993-2[1N4148W-TP] To CMP-2000-04993-2[1N4148W-TP] in Matrix.SchDoc
Update Managed Component D35 From CMP-2000-04993-2[1N4148W-TP] To CMP-2000-04993-2[1N4148W-TP] in Matrix.SchDoc
Update Managed Component D36 From CMP-2000-04993-2[1N4148W-TP] To CMP-2000-04993-2[1N4148W-TP] in Matrix.SchDoc
Update Managed Component D37 From CMP-2000-04993-2[1N4148W-TP] To CMP-2000-04993-2[1N4148W-TP] in Matrix.SchDoc
Update Managed Component D38 From CMP-2000-04993-2[1N4148W-TP] To CMP-2000-04993-2[1N4148W-TP] in Matrix.SchDoc
Update Managed Component D39 From CMP-2000-04993-2[1N4148W-TP] To CMP-2000-04993-2[1N4148W-TP] in Matrix.SchDoc
Update Managed Component D40 From CMP-2000-04993-2[1N4148W-TP] To CMP-2000-04993-2[1N4148W-TP] in Matrix.SchDoc
Update Managed Component D41 From CMP-2000-04993-2[1N4148W-TP] To CMP-2000-04993-2[1N4148W-TP] in Matrix.SchDoc
Update Managed Component D42 From CMP-2000-04993-2[1N4148W-TP] To CMP-2000-04993-2[1N4148W-TP] in Matrix.SchDoc
Update Managed Component D43 From CMP-2000-04993-2[1N4148W-TP] To CMP-2000-04993-2[1N4148W-TP] in Matrix.SchDoc
Update Managed Component D44 From CMP-2000-04993-2[1N4148W-TP] To CMP-2000-04993-2[1N4148W-TP] in Matrix.SchDoc
Update Managed Component D45 From CMP-2000-04993-2[1N4148W-TP] To CMP-2000-04993-2[1N4148W-TP] in Matrix.SchDoc
Update Managed Component D46 From CMP-2000-04993-2[1N4148W-TP] To CMP-2000-04993-2[1N4148W-TP] in Matrix.SchDoc
Update Managed Component D47 From CMP-2000-04993-2[1N4148W-TP] To CMP-2000-04993-2[1N4148W-TP] in Matrix.SchDoc
Update Managed Component D48 From CMP-2000-04993-2[1N4148W-TP] To CMP-2000-04993-2[1N4148W-TP] in Matrix.SchDoc
Update Managed Component D49 From CMP-2000-04993-2[1N4148W-TP] To CMP-2000-04993-2[1N4148W-TP] in Matrix.SchDoc
Update Managed Component D50 From CMP-2000-04993-2[1N4148W-TP] To CMP-2000-04993-2[1N4148W-TP] in Matrix.SchDoc
Update Managed Component D51 From CMP-2000-04993-2[1N4148W-TP] To CMP-2000-04993-2[1N4148W-TP] in Matrix.SchDoc
Update Managed Component D52 From CMP-2000-04993-2[1N4148W-TP] To CMP-2000-04993-2[1N4148W-TP] in Matrix.SchDoc
Update Managed Component D53 From CMP-2000-04993-2[1N4148W-TP] To CMP-2000-04993-2[1N4148W-TP] in Matrix.SchDoc
Update Managed Component D54 From CMP-2000-04993-2[1N4148W-TP] To CMP-2000-04993-2[1N4148W-TP] in Matrix.SchDoc
Update Managed Component D55 From CMP-2000-04993-2[1N4148W-TP] To CMP-2000-04993-2[1N4148W-TP] in Matrix.SchDoc
Update Managed Component D56 From CMP-2000-04993-2[1N4148W-TP] To CMP-2000-04993-2[1N4148W-TP] in Matrix.SchDoc
Update Managed Component D57 From CMP-2000-04993-2[1N4148W-TP] To CMP-2000-04993-2[1N4148W-TP] in Matrix.SchDoc
Update Managed Component D58 From CMP-2000-04993-2[1N4148W-TP] To CMP-2000-04993-2[1N4148W-TP] in Matrix.SchDoc
Update Managed Component D59 From CMP-2000-04993-2[1N4148W-TP] To CMP-2000-04993-2[1N4148W-TP] in Matrix.SchDoc
Update Managed Component D60 From CMP-2000-04993-2[1N4148W-TP] To CMP-2000-04993-2[1N4148W-TP] in Matrix.SchDoc
Update Managed Component D61 From CMP-2000-04993-2[1N4148W-TP] To CMP-2000-04993-2[1N4148W-TP] in Matrix.SchDoc
Update Managed Component D62 From CMP-2000-04993-2[1N4148W-TP] To CMP-2000-04993-2[1N4148W-TP] in Matrix.SchDoc
Update Managed Component D63 From CMP-2000-04993-2[1N4148W-TP] To CMP-2000-04993-2[1N4148W-TP] in Matrix.SchDoc
Update Managed Component D64 From CMP-2000-04993-2[1N4148W-TP] To CMP-2000-04993-2[1N4148W-TP] in Matrix.SchDoc
Update Managed Component D65 From CMP-2000-04993-2[1N4148W-TP] To CMP-2000-04993-2[1N4148W-TP] in Matrix.SchDoc
Update Managed Component D66 From CMP-2000-04993-2[1N4148W-TP] To CMP-2000-04993-2[1N4148W-TP] in Matrix.SchDoc
Update Managed Component D67 From CMP-2000-04993-2[1N4148W-TP] To CMP-2000-04993-2[1N4148W-TP] in Matrix.SchDoc
Update Managed Component D68 From CMP-2000-04993-2[1N4148W-TP] To CMP-2000-04993-2[1N4148W-TP] in Matrix.SchDoc
Update Managed Component D69 From CMP-2000-04993-2[1N4148W-TP] To CMP-2000-04993-2[1N4148W-TP] in Matrix.SchDoc
Update Managed Component ENC1 From CMP-07421-000041-1[PEC12R-4225F-S0024] To CMP-07421-000041-1[PEC12R-4225F-S0024] in Matrix.SchDoc
Update Managed Component R9 From CMP-2002-07915-3[RC0402JR-0710KL] To CMP-2002-07915-3[RC0402JR-0710KL] in Matrix.SchDoc
Update Managed Component R10 From CMP-2002-07915-3[RC0402JR-0710KL] To CMP-2002-07915-3[RC0402JR-0710KL] in Matrix.SchDoc
Update Managed Component SW From CMP-037-000000-4[CherryMX] To CMP-037-000000-4[CherryMX] in Matrix.SchDoc
Update Managed Component SW1 From CMP-037-000000-4[CherryMX] To CMP-037-000000-4[CherryMX] in Matrix.SchDoc
Update Managed Component SW2 From CMP-037-000000-4[CherryMX] To CMP-037-000000-4[CherryMX] in Matrix.SchDoc
Update Managed Component SW3 From CMP-037-000000-4[CherryMX] To CMP-037-000000-4[CherryMX] in Matrix.SchDoc
Update Managed Component SW4 From CMP-037-000000-4[CherryMX] To CMP-037-000000-4[CherryMX] in Matrix.SchDoc
Update Managed Component SW5 From CMP-037-000000-4[CherryMX] To CMP-037-000000-4[CherryMX] in Matrix.SchDoc
Update Managed Component SW6 From CMP-037-000000-4[CherryMX] To CMP-037-000000-4[CherryMX] in Matrix.SchDoc
Update Managed Component SW7 From CMP-037-000000-4[CherryMX] To CMP-037-000000-4[CherryMX] in Matrix.SchDoc
Update Managed Component SW8 From CMP-037-000000-4[CherryMX] To CMP-037-000000-4[CherryMX] in Matrix.SchDoc
Update Managed Component SW9 From CMP-037-000000-4[CherryMX] To CMP-037-000000-4[CherryMX] in Matrix.SchDoc
Update Managed Component SW10 From CMP-037-000000-4[CherryMX] To CMP-037-000000-4[CherryMX] in Matrix.SchDoc
Update Managed Component SW11 From CMP-037-000000-4[CherryMX] To CMP-037-000000-4[CherryMX] in Matrix.SchDoc
Update Managed Component SW12 From CMP-037-000000-4[CherryMX] To CMP-037-000000-4[CherryMX] in Matrix.SchDoc
Update Managed Component SW13 From CMP-037-000000-4[CherryMX] To CMP-037-000000-4[CherryMX] in Matrix.SchDoc
Update Managed Component SW14 From CMP-037-000000-4[CherryMX] To CMP-037-000000-4[CherryMX] in Matrix.SchDoc
Update Managed Component SW15 From CMP-037-000000-4[CherryMX] To CMP-037-000000-4[CherryMX] in Matrix.SchDoc
Update Managed Component SW16 From CMP-037-000000-4[CherryMX] To CMP-037-000000-4[CherryMX] in Matrix.SchDoc
Update Managed Component SW17 From CMP-037-000000-4[CherryMX] To CMP-037-000000-4[CherryMX] in Matrix.SchDoc
Update Managed Component SW18 From CMP-037-000000-4[CherryMX] To CMP-037-000000-4[CherryMX] in Matrix.SchDoc
Update Managed Component SW19 From CMP-037-000000-4[CherryMX] To CMP-037-000000-4[CherryMX] in Matrix.SchDoc
Update Managed Component SW20 From CMP-037-000000-4[CherryMX] To CMP-037-000000-4[CherryMX] in Matrix.SchDoc
Update Managed Component SW21 From CMP-037-000000-4[CherryMX] To CMP-037-000000-4[CherryMX] in Matrix.SchDoc
Update Managed Component SW22 From CMP-037-000000-4[CherryMX] To CMP-037-000000-4[CherryMX] in Matrix.SchDoc
Update Managed Component SW23 From CMP-037-000000-4[CherryMX] To CMP-037-000000-4[CherryMX] in Matrix.SchDoc
Update Managed Component SW24 From CMP-037-000000-4[CherryMX] To CMP-037-000000-4[CherryMX] in Matrix.SchDoc
Update Managed Component SW25 From CMP-037-000000-4[CherryMX] To CMP-037-000000-4[CherryMX] in Matrix.SchDoc
Update Managed Component SW26 From CMP-037-000000-4[CherryMX] To CMP-037-000000-4[CherryMX] in Matrix.SchDoc
Update Managed Component SW27 From CMP-037-000000-4[CherryMX] To CMP-037-000000-4[CherryMX] in Matrix.SchDoc
Update Managed Component SW28 From CMP-037-000000-4[CherryMX] To CMP-037-000000-4[CherryMX] in Matrix.SchDoc
Update Managed Component SW29 From CMP-037-000000-4[CherryMX] To CMP-037-000000-4[CherryMX] in Matrix.SchDoc
Update Managed Component SW30 From CMP-037-000000-4[CherryMX] To CMP-037-000000-4[CherryMX] in Matrix.SchDoc
Update Managed Component SW31 From CMP-037-000000-4[CherryMX] To CMP-037-000000-4[CherryMX] in Matrix.SchDoc
Update Managed Component SW32 From CMP-037-000000-4[CherryMX] To CMP-037-000000-4[CherryMX] in Matrix.SchDoc
Update Managed Component SW33 From CMP-037-000000-4[CherryMX] To CMP-037-000000-4[CherryMX] in Matrix.SchDoc
Update Managed Component SW34 From CMP-037-000000-4[CherryMX] To CMP-037-000000-4[CherryMX] in Matrix.SchDoc
Update Managed Component SW35 From CMP-037-000000-4[CherryMX] To CMP-037-000000-4[CherryMX] in Matrix.SchDoc
Update Managed Component SW36 From CMP-037-000000-4[CherryMX] To CMP-037-000000-4[CherryMX] in Matrix.SchDoc
Update Managed Component SW37 From CMP-037-000000-4[CherryMX] To CMP-037-000000-4[CherryMX] in Matrix.SchDoc
Update Managed Component SW38 From CMP-037-000000-4[CherryMX] To CMP-037-000000-4[CherryMX] in Matrix.SchDoc
Update Managed Component SW39 From CMP-037-000000-4[CherryMX] To CMP-037-000000-4[CherryMX] in Matrix.SchDoc
Update Managed Component SW40 From CMP-037-000000-4[CherryMX] To CMP-037-000000-4[CherryMX] in Matrix.SchDoc
Update Managed Component SW41 From CMP-037-000000-4[CherryMX] To CMP-037-000000-4[CherryMX] in Matrix.SchDoc
Update Managed Component SW42 From CMP-037-000000-4[CherryMX] To CMP-037-000000-4[CherryMX] in Matrix.SchDoc
Update Managed Component SW43 From CMP-037-000000-4[CherryMX] To CMP-037-000000-4[CherryMX] in Matrix.SchDoc
Update Managed Component SW44 From CMP-037-000000-4[CherryMX] To CMP-037-000000-4[CherryMX] in Matrix.SchDoc
Update Managed Component SW45 From CMP-037-000000-4[CherryMX] To CMP-037-000000-4[CherryMX] in Matrix.SchDoc
Update Managed Component SW46 From CMP-037-000000-4[CherryMX] To CMP-037-000000-4[CherryMX] in Matrix.SchDoc
Update Managed Component SW47 From CMP-037-000000-4[CherryMX] To CMP-037-000000-4[CherryMX] in Matrix.SchDoc
Update Managed Component SW48 From CMP-037-000000-4[CherryMX] To CMP-037-000000-4[CherryMX] in Matrix.SchDoc
Update Managed Component SW49 From CMP-037-000000-4[CherryMX] To CMP-037-000000-4[CherryMX] in Matrix.SchDoc
Update Managed Component SW50 From CMP-037-000000-4[CherryMX] To CMP-037-000000-4[CherryMX] in Matrix.SchDoc
Update Managed Component SW51 From CMP-037-000000-4[CherryMX] To CMP-037-000000-4[CherryMX] in Matrix.SchDoc
Update Managed Component SW52 From CMP-037-000000-4[CherryMX] To CMP-037-000000-4[CherryMX] in Matrix.SchDoc
Update Managed Component SW53 From CMP-037-000000-4[CherryMX] To CMP-037-000000-4[CherryMX] in Matrix.SchDoc
Update Managed Component SW54 From CMP-037-000000-4[CherryMX] To CMP-037-000000-4[CherryMX] in Matrix.SchDoc
Update Managed Component SW55 From CMP-037-000000-4[CherryMX] To CMP-037-000000-4[CherryMX] in Matrix.SchDoc
Update Managed Component SW56 From CMP-037-000000-4[CherryMX] To CMP-037-000000-4[CherryMX] in Matrix.SchDoc
Update Managed Component SW57 From CMP-037-000000-4[CherryMX] To CMP-037-000000-4[CherryMX] in Matrix.SchDoc
Update Managed Component SW58 From CMP-037-000000-4[CherryMX] To CMP-037-000000-4[CherryMX] in Matrix.SchDoc
Update Managed Component SW59 From CMP-037-000000-4[CherryMX] To CMP-037-000000-4[CherryMX] in Matrix.SchDoc
Update Managed Component SW60 From CMP-037-000000-4[CherryMX] To CMP-037-000000-4[CherryMX] in Matrix.SchDoc
Update Managed Component SW61 From CMP-037-000000-4[CherryMX] To CMP-037-000000-4[CherryMX] in Matrix.SchDoc
Update Managed Component SW62 From CMP-037-000000-4[CherryMX] To CMP-037-000000-4[CherryMX] in Matrix.SchDoc
Update Managed Component SW63 From CMP-037-000000-4[CherryMX] To CMP-037-000000-4[CherryMX] in Matrix.SchDoc
Update Managed Component SW64 From CMP-037-000000-4[CherryMX] To CMP-037-000000-4[CherryMX] in Matrix.SchDoc
Update Managed Component SW65 From CMP-037-000000-4[CherryMX] To CMP-037-000000-4[CherryMX] in Matrix.SchDoc
Update Managed Component SW66 From CMP-037-000000-4[CherryMX] To CMP-037-000000-4[CherryMX] in Matrix.SchDoc
