Removed Pin From Net: NetName=GPIO3 Pin=SW3-2
Removed Pin From Net: NetName=GPIO3 Pin=SW4-2
Removed Pin From Net: NetName=GPIO3 Pin=SW5-2
Removed Pin From Net: NetName=GPIO3 Pin=SW17-2
Removed Pin From Net: NetName=GPIO3 Pin=SW18-2
Removed Pin From Net: NetName=GPIO3 Pin=SW19-2
Removed Pin From Net: NetName=GPIO3 Pin=SW32-2
Removed Pin From Net: NetName=GPIO3 Pin=SW33-2
Removed Pin From Net: NetName=GPIO3 Pin=SW34-2
Removed Pin From Net: NetName=GPIO3 Pin=SW46-2
Removed Pin From Net: NetName=GPIO3 Pin=SW47-2
Removed Pin From Net: NetName=GPIO3 Pin=SW48-2
Removed Pin From Net: NetName=GPIO3 Pin=U2-11
Removed Pin From Net: NetName=GPIO3 Pin=U2-12
Removed Pin From Net: NetName=GPIO3 Pin=U2-13
Added Pin To Net: NetName=GPIO8 Pin=SW3-2
Added Pin To Net: NetName=GPIO8 Pin=SW17-2
Added Pin To Net: NetName=GPIO8 Pin=SW32-2
Added Pin To Net: NetName=GPIO8 Pin=SW46-2
Added Pin To Net: NetName=GPIO8 Pin=U2-11
Added Net: Name=GPIO8
Added Pin To Net: NetName=GPIO9 Pin=SW4-2
Added Pin To Net: NetName=GPIO9 Pin=SW18-2
Added Pin To Net: NetName=GPIO9 Pin=SW33-2
Added Pin To Net: NetName=GPIO9 Pin=SW47-2
Added Pin To Net: NetName=GPIO9 Pin=U2-12
Added Net: Name=GPIO9
Added Pin To Net: NetName=GPIO10 Pin=SW5-2
Added Pin To Net: NetName=GPIO10 Pin=SW19-2
Added Pin To Net: NetName=GPIO10 Pin=SW34-2
Added Pin To Net: NetName=GPIO10 Pin=SW48-2
Added Pin To Net: NetName=GPIO10 Pin=U2-13
Added Net: Name=GPIO10
