Change Component DesignItemId : Designator=SW1 Old DesignItemId=CMP-037-000000-2 New DesignItemId=CMP-037-000000-3
Change Component DesignItemId : Designator=SW2 Old DesignItemId=CMP-037-000000-2 New DesignItemId=CMP-037-000000-3
Change Component DesignItemId : Designator=SW3 Old DesignItemId=CMP-037-000000-2 New DesignItemId=CMP-037-000000-3
Change Component DesignItemId : Designator=SW4 Old DesignItemId=CMP-037-000000-2 New DesignItemId=CMP-037-000000-3
Change Component DesignItemId : Designator=SW5 Old DesignItemId=CMP-037-000000-2 New DesignItemId=CMP-037-000000-3
Change Component DesignItemId : Designator=SW6 Old DesignItemId=CMP-037-000000-2 New DesignItemId=CMP-037-000000-3
Change Component DesignItemId : Designator=SW7 Old DesignItemId=CMP-037-000000-2 New DesignItemId=CMP-037-000000-3
Change Component DesignItemId : Designator=SW8 Old DesignItemId=CMP-037-000000-2 New DesignItemId=CMP-037-000000-3
Change Component DesignItemId : Designator=SW9 Old DesignItemId=CMP-037-000000-2 New DesignItemId=CMP-037-000000-3
Change Component DesignItemId : Designator=SW10 Old DesignItemId=CMP-037-000000-2 New DesignItemId=CMP-037-000000-3
Change Component DesignItemId : Designator=SW11 Old DesignItemId=CMP-037-000000-2 New DesignItemId=CMP-037-000000-3
Change Component DesignItemId : Designator=SW12 Old DesignItemId=CMP-037-000000-2 New DesignItemId=CMP-037-000000-3
Change Component DesignItemId : Designator=SW13 Old DesignItemId=CMP-037-000000-2 New DesignItemId=CMP-037-000000-3
Change Component DesignItemId : Designator=SW14 Old DesignItemId=CMP-037-000000-2 New DesignItemId=CMP-037-000000-3
Change Component DesignItemId : Designator=SW15 Old DesignItemId=CMP-037-000000-2 New DesignItemId=CMP-037-000000-3
Change Component DesignItemId : Designator=SW16 Old DesignItemId=CMP-037-000000-2 New DesignItemId=CMP-037-000000-3
Change Component DesignItemId : Designator=SW17 Old DesignItemId=CMP-037-000000-2 New DesignItemId=CMP-037-000000-3
Change Component DesignItemId : Designator=SW18 Old DesignItemId=CMP-037-000000-2 New DesignItemId=CMP-037-000000-3
Change Component DesignItemId : Designator=SW19 Old DesignItemId=CMP-037-000000-2 New DesignItemId=CMP-037-000000-3
Change Component DesignItemId : Designator=SW20 Old DesignItemId=CMP-037-000000-2 New DesignItemId=CMP-037-000000-3
Change Component DesignItemId : Designator=SW21 Old DesignItemId=CMP-037-000000-2 New DesignItemId=CMP-037-000000-3
Change Component DesignItemId : Designator=SW22 Old DesignItemId=CMP-037-000000-2 New DesignItemId=CMP-037-000000-3
Change Component DesignItemId : Designator=SW23 Old DesignItemId=CMP-037-000000-2 New DesignItemId=CMP-037-000000-3
Change Component DesignItemId : Designator=SW24 Old DesignItemId=CMP-037-000000-2 New DesignItemId=CMP-037-000000-3
Change Component DesignItemId : Designator=SW25 Old DesignItemId=CMP-037-000000-2 New DesignItemId=CMP-037-000000-3
Change Component DesignItemId : Designator=SW26 Old DesignItemId=CMP-037-000000-2 New DesignItemId=CMP-037-000000-3
Change Component DesignItemId : Designator=SW27 Old DesignItemId=CMP-037-000000-2 New DesignItemId=CMP-037-000000-3
Change Component DesignItemId : Designator=SW28 Old DesignItemId=CMP-037-000000-2 New DesignItemId=CMP-037-000000-3
Change Component DesignItemId : Designator=SW29 Old DesignItemId=CMP-037-000000-2 New DesignItemId=CMP-037-000000-3
Change Component DesignItemId : Designator=SW30 Old DesignItemId=CMP-037-000000-2 New DesignItemId=CMP-037-000000-3
Change Component DesignItemId : Designator=SW31 Old DesignItemId=CMP-037-000000-2 New DesignItemId=CMP-037-000000-3
Change Component DesignItemId : Designator=SW32 Old DesignItemId=CMP-037-000000-2 New DesignItemId=CMP-037-000000-3
Change Component DesignItemId : Designator=SW33 Old DesignItemId=CMP-037-000000-2 New DesignItemId=CMP-037-000000-3
Change Component DesignItemId : Designator=SW34 Old DesignItemId=CMP-037-000000-2 New DesignItemId=CMP-037-000000-3
Change Component DesignItemId : Designator=SW35 Old DesignItemId=CMP-037-000000-2 New DesignItemId=CMP-037-000000-3
Change Component DesignItemId : Designator=SW36 Old DesignItemId=CMP-037-000000-2 New DesignItemId=CMP-037-000000-3
Change Component DesignItemId : Designator=SW37 Old DesignItemId=CMP-037-000000-2 New DesignItemId=CMP-037-000000-3
Change Component DesignItemId : Designator=SW38 Old DesignItemId=CMP-037-000000-2 New DesignItemId=CMP-037-000000-3
Change Component DesignItemId : Designator=SW39 Old DesignItemId=CMP-037-000000-2 New DesignItemId=CMP-037-000000-3
Change Component DesignItemId : Designator=SW40 Old DesignItemId=CMP-037-000000-2 New DesignItemId=CMP-037-000000-3
Change Component DesignItemId : Designator=SW41 Old DesignItemId=CMP-037-000000-2 New DesignItemId=CMP-037-000000-3
Change Component DesignItemId : Designator=SW42 Old DesignItemId=CMP-037-000000-2 New DesignItemId=CMP-037-000000-3
Change Component DesignItemId : Designator=SW43 Old DesignItemId=CMP-037-000000-2 New DesignItemId=CMP-037-000000-3
Change Component DesignItemId : Designator=SW44 Old DesignItemId=CMP-037-000000-2 New DesignItemId=CMP-037-000000-3
Change Component DesignItemId : Designator=SW45 Old DesignItemId=CMP-037-000000-2 New DesignItemId=CMP-037-000000-3
Change Component DesignItemId : Designator=SW46 Old DesignItemId=CMP-037-000000-2 New DesignItemId=CMP-037-000000-3
Change Component DesignItemId : Designator=SW47 Old DesignItemId=CMP-037-000000-2 New DesignItemId=CMP-037-000000-3
Change Component DesignItemId : Designator=SW48 Old DesignItemId=CMP-037-000000-2 New DesignItemId=CMP-037-000000-3
Change Component DesignItemId : Designator=SW49 Old DesignItemId=CMP-037-000000-2 New DesignItemId=CMP-037-000000-3
Change Component DesignItemId : Designator=SW50 Old DesignItemId=CMP-037-000000-2 New DesignItemId=CMP-037-000000-3
Change Component DesignItemId : Designator=SW51 Old DesignItemId=CMP-037-000000-2 New DesignItemId=CMP-037-000000-3
Change Component DesignItemId : Designator=SW52 Old DesignItemId=CMP-037-000000-2 New DesignItemId=CMP-037-000000-3
Change Component DesignItemId : Designator=SW53 Old DesignItemId=CMP-037-000000-2 New DesignItemId=CMP-037-000000-3
Change Component DesignItemId : Designator=SW54 Old DesignItemId=CMP-037-000000-2 New DesignItemId=CMP-037-000000-3
Change Component DesignItemId : Designator=SW55 Old DesignItemId=CMP-037-000000-2 New DesignItemId=CMP-037-000000-3
Change Component DesignItemId : Designator=SW56 Old DesignItemId=CMP-037-000000-2 New DesignItemId=CMP-037-000000-3
Change Component DesignItemId : Designator=SW57 Old DesignItemId=CMP-037-000000-2 New DesignItemId=CMP-037-000000-3
Change Component DesignItemId : Designator=SW58 Old DesignItemId=CMP-037-000000-2 New DesignItemId=CMP-037-000000-3
Change Component DesignItemId : Designator=SW59 Old DesignItemId=CMP-037-000000-2 New DesignItemId=CMP-037-000000-3
Change Component DesignItemId : Designator=SW60 Old DesignItemId=CMP-037-000000-2 New DesignItemId=CMP-037-000000-3
Change Component DesignItemId : Designator=SW61 Old DesignItemId=CMP-037-000000-2 New DesignItemId=CMP-037-000000-3
Change Component DesignItemId : Designator=SW62 Old DesignItemId=CMP-037-000000-2 New DesignItemId=CMP-037-000000-3
Change Component DesignItemId : Designator=SW63 Old DesignItemId=CMP-037-000000-2 New DesignItemId=CMP-037-000000-3
Change Component DesignItemId : Designator=SW64 Old DesignItemId=CMP-037-000000-2 New DesignItemId=CMP-037-000000-3
Change Component DesignItemId : Designator=SW65 Old DesignItemId=CMP-037-000000-2 New DesignItemId=CMP-037-000000-3
Change Component DesignItemId : Designator=SW66 Old DesignItemId=CMP-037-000000-2 New DesignItemId=CMP-037-000000-3
Change Component DesignItemId : Designator=SW Old DesignItemId=CMP-037-000000-2 New DesignItemId=CMP-037-000000-3
Change Component Footprint: Designator=SW1 Old Footprint=CherryMX-Footprint-1 New Footprint=CherryMX-Footprint-1
Change Component Footprint: Designator=SW2 Old Footprint=CherryMX-Footprint-1 New Footprint=CherryMX-Footprint-1
Change Component Footprint: Designator=SW3 Old Footprint=CherryMX-Footprint-1 New Footprint=CherryMX-Footprint-1
Change Component Footprint: Designator=SW4 Old Footprint=CherryMX-Footprint-1 New Footprint=CherryMX-Footprint-1
Change Component Footprint: Designator=SW5 Old Footprint=CherryMX-Footprint-1 New Footprint=CherryMX-Footprint-1
Change Component Footprint: Designator=SW6 Old Footprint=CherryMX-Footprint-1 New Footprint=CherryMX-Footprint-1
Change Component Footprint: Designator=SW7 Old Footprint=CherryMX-Footprint-1 New Footprint=CherryMX-Footprint-1
Change Component Footprint: Designator=SW8 Old Footprint=CherryMX-Footprint-1 New Footprint=CherryMX-Footprint-1
Change Component Footprint: Designator=SW9 Old Footprint=CherryMX-Footprint-1 New Footprint=CherryMX-Footprint-1
Change Component Footprint: Designator=SW10 Old Footprint=CherryMX-Footprint-1 New Footprint=CherryMX-Footprint-1
Change Component Footprint: Designator=SW11 Old Footprint=CherryMX-Footprint-1 New Footprint=CherryMX-Footprint-1
Change Component Footprint: Designator=SW12 Old Footprint=CherryMX-Footprint-1 New Footprint=CherryMX-Footprint-1
Change Component Footprint: Designator=SW13 Old Footprint=CherryMX-Footprint-1 New Footprint=CherryMX-Footprint-1
Change Component Footprint: Designator=SW14 Old Footprint=CherryMX-Footprint-1 New Footprint=CherryMX-Footprint-1
Change Component Footprint: Designator=SW15 Old Footprint=CherryMX-Footprint-1 New Footprint=CherryMX-Footprint-1
Change Component Footprint: Designator=SW16 Old Footprint=CherryMX-Footprint-1 New Footprint=CherryMX-Footprint-1
Change Component Footprint: Designator=SW17 Old Footprint=CherryMX-Footprint-1 New Footprint=CherryMX-Footprint-1
Change Component Footprint: Designator=SW18 Old Footprint=CherryMX-Footprint-1 New Footprint=CherryMX-Footprint-1
Change Component Footprint: Designator=SW19 Old Footprint=CherryMX-Footprint-1 New Footprint=CherryMX-Footprint-1
Change Component Footprint: Designator=SW20 Old Footprint=CherryMX-Footprint-1 New Footprint=CherryMX-Footprint-1
Change Component Footprint: Designator=SW21 Old Footprint=CherryMX-Footprint-1 New Footprint=CherryMX-Footprint-1
Change Component Footprint: Designator=SW22 Old Footprint=CherryMX-Footprint-1 New Footprint=CherryMX-Footprint-1
Change Component Footprint: Designator=SW23 Old Footprint=CherryMX-Footprint-1 New Footprint=CherryMX-Footprint-1
Change Component Footprint: Designator=SW24 Old Footprint=CherryMX-Footprint-1 New Footprint=CherryMX-Footprint-1
Change Component Footprint: Designator=SW25 Old Footprint=CherryMX-Footprint-1 New Footprint=CherryMX-Footprint-1
Change Component Footprint: Designator=SW26 Old Footprint=CherryMX-Footprint-1 New Footprint=CherryMX-Footprint-1
Change Component Footprint: Designator=SW27 Old Footprint=CherryMX-Footprint-1 New Footprint=CherryMX-Footprint-1
Change Component Footprint: Designator=SW28 Old Footprint=CherryMX-Footprint-1 New Footprint=CherryMX-Footprint-1
Change Component Footprint: Designator=SW29 Old Footprint=CherryMX-Footprint-1 New Footprint=CherryMX-Footprint-1
Change Component Footprint: Designator=SW30 Old Footprint=CherryMX-Footprint-1 New Footprint=CherryMX-Footprint-1
Change Component Footprint: Designator=SW31 Old Footprint=CherryMX-Footprint-1 New Footprint=CherryMX-Footprint-1
Change Component Footprint: Designator=SW32 Old Footprint=CherryMX-Footprint-1 New Footprint=CherryMX-Footprint-1
Change Component Footprint: Designator=SW33 Old Footprint=CherryMX-Footprint-1 New Footprint=CherryMX-Footprint-1
Change Component Footprint: Designator=SW34 Old Footprint=CherryMX-Footprint-1 New Footprint=CherryMX-Footprint-1
Change Component Footprint: Designator=SW35 Old Footprint=CherryMX-Footprint-1 New Footprint=CherryMX-Footprint-1
Change Component Footprint: Designator=SW36 Old Footprint=CherryMX-Footprint-1 New Footprint=CherryMX-Footprint-1
Change Component Footprint: Designator=SW37 Old Footprint=CherryMX-Footprint-1 New Footprint=CherryMX-Footprint-1
Change Component Footprint: Designator=SW38 Old Footprint=CherryMX-Footprint-1 New Footprint=CherryMX-Footprint-1
Change Component Footprint: Designator=SW39 Old Footprint=CherryMX-Footprint-1 New Footprint=CherryMX-Footprint-1
Change Component Footprint: Designator=SW40 Old Footprint=CherryMX-Footprint-1 New Footprint=CherryMX-Footprint-1
Change Component Footprint: Designator=SW41 Old Footprint=CherryMX-Footprint-1 New Footprint=CherryMX-Footprint-1
Change Component Footprint: Designator=SW42 Old Footprint=CherryMX-Footprint-1 New Footprint=CherryMX-Footprint-1
Change Component Footprint: Designator=SW43 Old Footprint=CherryMX-Footprint-1 New Footprint=CherryMX-Footprint-1
Change Component Footprint: Designator=SW44 Old Footprint=CherryMX-Footprint-1 New Footprint=CherryMX-Footprint-1
Change Component Footprint: Designator=SW45 Old Footprint=CherryMX-Footprint-1 New Footprint=CherryMX-Footprint-1
Change Component Footprint: Designator=SW46 Old Footprint=CherryMX-Footprint-1 New Footprint=CherryMX-Footprint-1
Change Component Footprint: Designator=SW47 Old Footprint=CherryMX-Footprint-1 New Footprint=CherryMX-Footprint-1
Change Component Footprint: Designator=SW48 Old Footprint=CherryMX-Footprint-1 New Footprint=CherryMX-Footprint-1
Change Component Footprint: Designator=SW49 Old Footprint=CherryMX-Footprint-1 New Footprint=CherryMX-Footprint-1
Change Component Footprint: Designator=SW50 Old Footprint=CherryMX-Footprint-1 New Footprint=CherryMX-Footprint-1
Change Component Footprint: Designator=SW51 Old Footprint=CherryMX-Footprint-1 New Footprint=CherryMX-Footprint-1
Change Component Footprint: Designator=SW52 Old Footprint=CherryMX-Footprint-1 New Footprint=CherryMX-Footprint-1
Change Component Footprint: Designator=SW53 Old Footprint=CherryMX-Footprint-1 New Footprint=CherryMX-Footprint-1
Change Component Footprint: Designator=SW54 Old Footprint=CherryMX-Footprint-1 New Footprint=CherryMX-Footprint-1
Change Component Footprint: Designator=SW55 Old Footprint=CherryMX-Footprint-1 New Footprint=CherryMX-Footprint-1
Change Component Footprint: Designator=SW56 Old Footprint=CherryMX-Footprint-1 New Footprint=CherryMX-Footprint-1
Change Component Footprint: Designator=SW57 Old Footprint=CherryMX-Footprint-1 New Footprint=CherryMX-Footprint-1
Change Component Footprint: Designator=SW58 Old Footprint=CherryMX-Footprint-1 New Footprint=CherryMX-Footprint-1
Change Component Footprint: Designator=SW59 Old Footprint=CherryMX-Footprint-1 New Footprint=CherryMX-Footprint-1
Change Component Footprint: Designator=SW60 Old Footprint=CherryMX-Footprint-1 New Footprint=CherryMX-Footprint-1
Change Component Footprint: Designator=SW61 Old Footprint=CherryMX-Footprint-1 New Footprint=CherryMX-Footprint-1
Change Component Footprint: Designator=SW62 Old Footprint=CherryMX-Footprint-1 New Footprint=CherryMX-Footprint-1
Change Component Footprint: Designator=SW63 Old Footprint=CherryMX-Footprint-1 New Footprint=CherryMX-Footprint-1
Change Component Footprint: Designator=SW64 Old Footprint=CherryMX-Footprint-1 New Footprint=CherryMX-Footprint-1
Change Component Footprint: Designator=SW65 Old Footprint=CherryMX-Footprint-1 New Footprint=CherryMX-Footprint-1
Change Component Footprint: Designator=SW66 Old Footprint=CherryMX-Footprint-1 New Footprint=CherryMX-Footprint-1
Change Component Footprint: Designator=SW Old Footprint=CherryMX-Footprint-1 New Footprint=CherryMX-Footprint-1
Change Component Description : Designator=SW1 Old Description= New Description=Cherry Switch 1U
Change Component Description : Designator=SW2 Old Description= New Description=Cherry Switch 1U
Change Component Description : Designator=SW3 Old Description= New Description=Cherry Switch 1U
Change Component Description : Designator=SW4 Old Description= New Description=Cherry Switch 1U
Change Component Description : Designator=SW5 Old Description= New Description=Cherry Switch 1U
Change Component Description : Designator=SW6 Old Description= New Description=Cherry Switch 1U
Change Component Description : Designator=SW7 Old Description= New Description=Cherry Switch 1U
Change Component Description : Designator=SW8 Old Description= New Description=Cherry Switch 1U
Change Component Description : Designator=SW9 Old Description= New Description=Cherry Switch 1U
Change Component Description : Designator=SW10 Old Description= New Description=Cherry Switch 1U
Change Component Description : Designator=SW11 Old Description= New Description=Cherry Switch 1U
Change Component Description : Designator=SW12 Old Description= New Description=Cherry Switch 1U
Change Component Description : Designator=SW13 Old Description= New Description=Cherry Switch 1U
Change Component Description : Designator=SW14 Old Description= New Description=Cherry Switch 1U
Change Component Description : Designator=SW15 Old Description= New Description=Cherry Switch 1U
Change Component Description : Designator=SW16 Old Description= New Description=Cherry Switch 1U
Change Component Description : Designator=SW17 Old Description= New Description=Cherry Switch 1U
Change Component Description : Designator=SW18 Old Description= New Description=Cherry Switch 1U
Change Component Description : Designator=SW19 Old Description= New Description=Cherry Switch 1U
Change Component Description : Designator=SW20 Old Description= New Description=Cherry Switch 1U
Change Component Description : Designator=SW21 Old Description= New Description=Cherry Switch 1U
Change Component Description : Designator=SW22 Old Description= New Description=Cherry Switch 1U
Change Component Description : Designator=SW23 Old Description= New Description=Cherry Switch 1U
Change Component Description : Designator=SW24 Old Description= New Description=Cherry Switch 1U
Change Component Description : Designator=SW25 Old Description= New Description=Cherry Switch 1U
Change Component Description : Designator=SW26 Old Description= New Description=Cherry Switch 1U
Change Component Description : Designator=SW27 Old Description= New Description=Cherry Switch 1U
Change Component Description : Designator=SW28 Old Description= New Description=Cherry Switch 1U
Change Component Description : Designator=SW29 Old Description= New Description=Cherry Switch 1U
Change Component Description : Designator=SW30 Old Description= New Description=Cherry Switch 1U
Change Component Description : Designator=SW31 Old Description= New Description=Cherry Switch 1U
Change Component Description : Designator=SW32 Old Description= New Description=Cherry Switch 1U
Change Component Description : Designator=SW33 Old Description= New Description=Cherry Switch 1U
Change Component Description : Designator=SW34 Old Description= New Description=Cherry Switch 1U
Change Component Description : Designator=SW35 Old Description= New Description=Cherry Switch 1U
Change Component Description : Designator=SW36 Old Description= New Description=Cherry Switch 1U
Change Component Description : Designator=SW37 Old Description= New Description=Cherry Switch 1U
Change Component Description : Designator=SW38 Old Description= New Description=Cherry Switch 1U
Change Component Description : Designator=SW39 Old Description= New Description=Cherry Switch 1U
Change Component Description : Designator=SW40 Old Description= New Description=Cherry Switch 1U
Change Component Description : Designator=SW41 Old Description= New Description=Cherry Switch 1U
Change Component Description : Designator=SW42 Old Description= New Description=Cherry Switch 1U
Change Component Description : Designator=SW43 Old Description= New Description=Cherry Switch 1U
Change Component Description : Designator=SW44 Old Description= New Description=Cherry Switch 1U
Change Component Description : Designator=SW45 Old Description= New Description=Cherry Switch 1U
Change Component Description : Designator=SW46 Old Description= New Description=Cherry Switch 1U
Change Component Description : Designator=SW47 Old Description= New Description=Cherry Switch 1U
Change Component Description : Designator=SW48 Old Description= New Description=Cherry Switch 1U
Change Component Description : Designator=SW49 Old Description= New Description=Cherry Switch 1U
Change Component Description : Designator=SW50 Old Description= New Description=Cherry Switch 1U
Change Component Description : Designator=SW51 Old Description= New Description=Cherry Switch 1U
Change Component Description : Designator=SW52 Old Description= New Description=Cherry Switch 1U
Change Component Description : Designator=SW53 Old Description= New Description=Cherry Switch 1U
Change Component Description : Designator=SW54 Old Description= New Description=Cherry Switch 1U
Change Component Description : Designator=SW55 Old Description= New Description=Cherry Switch 1U
Change Component Description : Designator=SW56 Old Description= New Description=Cherry Switch 1U
Change Component Description : Designator=SW57 Old Description= New Description=Cherry Switch 1U
Change Component Description : Designator=SW58 Old Description= New Description=Cherry Switch 1U
Change Component Description : Designator=SW59 Old Description= New Description=Cherry Switch 1U
Change Component Description : Designator=SW60 Old Description= New Description=Cherry Switch 1U
Change Component Description : Designator=SW61 Old Description= New Description=Cherry Switch 1U
Change Component Description : Designator=SW62 Old Description= New Description=Cherry Switch 1U
Change Component Description : Designator=SW63 Old Description= New Description=Cherry Switch 1U
Change Component Description : Designator=SW64 Old Description= New Description=Cherry Switch 1U
Change Component Description : Designator=SW65 Old Description= New Description=Cherry Switch 1U
Change Component Description : Designator=SW66 Old Description= New Description=Cherry Switch 1U
Change Component Description : Designator=SW Old Description= New Description=Cherry Switch 1U
Change Managed Component Library Link : Designator=SW1 Old VaultGUID=442246F4-344D-46DA-B693-00018615103C New VaultGUID=442246F4-344D-46DA-B693-00018615103C Old ItemGUID=18B14F15-237E-4ABD-B0CC-383D6027A885 New ItemGUID=18B14F15-237E-4ABD-B0CC-383D6027A885 Old RevisionGUID=8298e3f8-297d-4ced-a46e-3532615b8f6e New RevisionGUID=8a9292a4-4515-4d2c-826b-18d9e539efd3
Change Managed Component Library Link : Designator=SW2 Old VaultGUID=442246F4-344D-46DA-B693-00018615103C New VaultGUID=442246F4-344D-46DA-B693-00018615103C Old ItemGUID=18B14F15-237E-4ABD-B0CC-383D6027A885 New ItemGUID=18B14F15-237E-4ABD-B0CC-383D6027A885 Old RevisionGUID=8298e3f8-297d-4ced-a46e-3532615b8f6e New RevisionGUID=8a9292a4-4515-4d2c-826b-18d9e539efd3
Change Managed Component Library Link : Designator=SW3 Old VaultGUID=442246F4-344D-46DA-B693-00018615103C New VaultGUID=442246F4-344D-46DA-B693-00018615103C Old ItemGUID=18B14F15-237E-4ABD-B0CC-383D6027A885 New ItemGUID=18B14F15-237E-4ABD-B0CC-383D6027A885 Old RevisionGUID=8298e3f8-297d-4ced-a46e-3532615b8f6e New RevisionGUID=8a9292a4-4515-4d2c-826b-18d9e539efd3
Change Managed Component Library Link : Designator=SW4 Old VaultGUID=442246F4-344D-46DA-B693-00018615103C New VaultGUID=442246F4-344D-46DA-B693-00018615103C Old ItemGUID=18B14F15-237E-4ABD-B0CC-383D6027A885 New ItemGUID=18B14F15-237E-4ABD-B0CC-383D6027A885 Old RevisionGUID=8298e3f8-297d-4ced-a46e-3532615b8f6e New RevisionGUID=8a9292a4-4515-4d2c-826b-18d9e539efd3
Change Managed Component Library Link : Designator=SW5 Old VaultGUID=442246F4-344D-46DA-B693-00018615103C New VaultGUID=442246F4-344D-46DA-B693-00018615103C Old ItemGUID=18B14F15-237E-4ABD-B0CC-383D6027A885 New ItemGUID=18B14F15-237E-4ABD-B0CC-383D6027A885 Old RevisionGUID=8298e3f8-297d-4ced-a46e-3532615b8f6e New RevisionGUID=8a9292a4-4515-4d2c-826b-18d9e539efd3
Change Managed Component Library Link : Designator=SW6 Old VaultGUID=442246F4-344D-46DA-B693-00018615103C New VaultGUID=442246F4-344D-46DA-B693-00018615103C Old ItemGUID=18B14F15-237E-4ABD-B0CC-383D6027A885 New ItemGUID=18B14F15-237E-4ABD-B0CC-383D6027A885 Old RevisionGUID=8298e3f8-297d-4ced-a46e-3532615b8f6e New RevisionGUID=8a9292a4-4515-4d2c-826b-18d9e539efd3
Change Managed Component Library Link : Designator=SW7 Old VaultGUID=442246F4-344D-46DA-B693-00018615103C New VaultGUID=442246F4-344D-46DA-B693-00018615103C Old ItemGUID=18B14F15-237E-4ABD-B0CC-383D6027A885 New ItemGUID=18B14F15-237E-4ABD-B0CC-383D6027A885 Old RevisionGUID=8298e3f8-297d-4ced-a46e-3532615b8f6e New RevisionGUID=8a9292a4-4515-4d2c-826b-18d9e539efd3
Change Managed Component Library Link : Designator=SW8 Old VaultGUID=442246F4-344D-46DA-B693-00018615103C New VaultGUID=442246F4-344D-46DA-B693-00018615103C Old ItemGUID=18B14F15-237E-4ABD-B0CC-383D6027A885 New ItemGUID=18B14F15-237E-4ABD-B0CC-383D6027A885 Old RevisionGUID=8298e3f8-297d-4ced-a46e-3532615b8f6e New RevisionGUID=8a9292a4-4515-4d2c-826b-18d9e539efd3
Change Managed Component Library Link : Designator=SW9 Old VaultGUID=442246F4-344D-46DA-B693-00018615103C New VaultGUID=442246F4-344D-46DA-B693-00018615103C Old ItemGUID=18B14F15-237E-4ABD-B0CC-383D6027A885 New ItemGUID=18B14F15-237E-4ABD-B0CC-383D6027A885 Old RevisionGUID=8298e3f8-297d-4ced-a46e-3532615b8f6e New RevisionGUID=8a9292a4-4515-4d2c-826b-18d9e539efd3
Change Managed Component Library Link : Designator=SW10 Old VaultGUID=442246F4-344D-46DA-B693-00018615103C New VaultGUID=442246F4-344D-46DA-B693-00018615103C Old ItemGUID=18B14F15-237E-4ABD-B0CC-383D6027A885 New ItemGUID=18B14F15-237E-4ABD-B0CC-383D6027A885 Old RevisionGUID=8298e3f8-297d-4ced-a46e-3532615b8f6e New RevisionGUID=8a9292a4-4515-4d2c-826b-18d9e539efd3
Change Managed Component Library Link : Designator=SW11 Old VaultGUID=442246F4-344D-46DA-B693-00018615103C New VaultGUID=442246F4-344D-46DA-B693-00018615103C Old ItemGUID=18B14F15-237E-4ABD-B0CC-383D6027A885 New ItemGUID=18B14F15-237E-4ABD-B0CC-383D6027A885 Old RevisionGUID=8298e3f8-297d-4ced-a46e-3532615b8f6e New RevisionGUID=8a9292a4-4515-4d2c-826b-18d9e539efd3
Change Managed Component Library Link : Designator=SW12 Old VaultGUID=442246F4-344D-46DA-B693-00018615103C New VaultGUID=442246F4-344D-46DA-B693-00018615103C Old ItemGUID=18B14F15-237E-4ABD-B0CC-383D6027A885 New ItemGUID=18B14F15-237E-4ABD-B0CC-383D6027A885 Old RevisionGUID=8298e3f8-297d-4ced-a46e-3532615b8f6e New RevisionGUID=8a9292a4-4515-4d2c-826b-18d9e539efd3
Change Managed Component Library Link : Designator=SW13 Old VaultGUID=442246F4-344D-46DA-B693-00018615103C New VaultGUID=442246F4-344D-46DA-B693-00018615103C Old ItemGUID=18B14F15-237E-4ABD-B0CC-383D6027A885 New ItemGUID=18B14F15-237E-4ABD-B0CC-383D6027A885 Old RevisionGUID=8298e3f8-297d-4ced-a46e-3532615b8f6e New RevisionGUID=8a9292a4-4515-4d2c-826b-18d9e539efd3
Change Managed Component Library Link : Designator=SW14 Old VaultGUID=442246F4-344D-46DA-B693-00018615103C New VaultGUID=442246F4-344D-46DA-B693-00018615103C Old ItemGUID=18B14F15-237E-4ABD-B0CC-383D6027A885 New ItemGUID=18B14F15-237E-4ABD-B0CC-383D6027A885 Old RevisionGUID=8298e3f8-297d-4ced-a46e-3532615b8f6e New RevisionGUID=8a9292a4-4515-4d2c-826b-18d9e539efd3
Change Managed Component Library Link : Designator=SW15 Old VaultGUID=442246F4-344D-46DA-B693-00018615103C New VaultGUID=442246F4-344D-46DA-B693-00018615103C Old ItemGUID=18B14F15-237E-4ABD-B0CC-383D6027A885 New ItemGUID=18B14F15-237E-4ABD-B0CC-383D6027A885 Old RevisionGUID=8298e3f8-297d-4ced-a46e-3532615b8f6e New RevisionGUID=8a9292a4-4515-4d2c-826b-18d9e539efd3
Change Managed Component Library Link : Designator=SW16 Old VaultGUID=442246F4-344D-46DA-B693-00018615103C New VaultGUID=442246F4-344D-46DA-B693-00018615103C Old ItemGUID=18B14F15-237E-4ABD-B0CC-383D6027A885 New ItemGUID=18B14F15-237E-4ABD-B0CC-383D6027A885 Old RevisionGUID=8298e3f8-297d-4ced-a46e-3532615b8f6e New RevisionGUID=8a9292a4-4515-4d2c-826b-18d9e539efd3
Change Managed Component Library Link : Designator=SW17 Old VaultGUID=442246F4-344D-46DA-B693-00018615103C New VaultGUID=442246F4-344D-46DA-B693-00018615103C Old ItemGUID=18B14F15-237E-4ABD-B0CC-383D6027A885 New ItemGUID=18B14F15-237E-4ABD-B0CC-383D6027A885 Old RevisionGUID=8298e3f8-297d-4ced-a46e-3532615b8f6e New RevisionGUID=8a9292a4-4515-4d2c-826b-18d9e539efd3
Change Managed Component Library Link : Designator=SW18 Old VaultGUID=442246F4-344D-46DA-B693-00018615103C New VaultGUID=442246F4-344D-46DA-B693-00018615103C Old ItemGUID=18B14F15-237E-4ABD-B0CC-383D6027A885 New ItemGUID=18B14F15-237E-4ABD-B0CC-383D6027A885 Old RevisionGUID=8298e3f8-297d-4ced-a46e-3532615b8f6e New RevisionGUID=8a9292a4-4515-4d2c-826b-18d9e539efd3
Change Managed Component Library Link : Designator=SW19 Old VaultGUID=442246F4-344D-46DA-B693-00018615103C New VaultGUID=442246F4-344D-46DA-B693-00018615103C Old ItemGUID=18B14F15-237E-4ABD-B0CC-383D6027A885 New ItemGUID=18B14F15-237E-4ABD-B0CC-383D6027A885 Old RevisionGUID=8298e3f8-297d-4ced-a46e-3532615b8f6e New RevisionGUID=8a9292a4-4515-4d2c-826b-18d9e539efd3
Change Managed Component Library Link : Designator=SW20 Old VaultGUID=442246F4-344D-46DA-B693-00018615103C New VaultGUID=442246F4-344D-46DA-B693-00018615103C Old ItemGUID=18B14F15-237E-4ABD-B0CC-383D6027A885 New ItemGUID=18B14F15-237E-4ABD-B0CC-383D6027A885 Old RevisionGUID=8298e3f8-297d-4ced-a46e-3532615b8f6e New RevisionGUID=8a9292a4-4515-4d2c-826b-18d9e539efd3
Change Managed Component Library Link : Designator=SW21 Old VaultGUID=442246F4-344D-46DA-B693-00018615103C New VaultGUID=442246F4-344D-46DA-B693-00018615103C Old ItemGUID=18B14F15-237E-4ABD-B0CC-383D6027A885 New ItemGUID=18B14F15-237E-4ABD-B0CC-383D6027A885 Old RevisionGUID=8298e3f8-297d-4ced-a46e-3532615b8f6e New RevisionGUID=8a9292a4-4515-4d2c-826b-18d9e539efd3
Change Managed Component Library Link : Designator=SW22 Old VaultGUID=442246F4-344D-46DA-B693-00018615103C New VaultGUID=442246F4-344D-46DA-B693-00018615103C Old ItemGUID=18B14F15-237E-4ABD-B0CC-383D6027A885 New ItemGUID=18B14F15-237E-4ABD-B0CC-383D6027A885 Old RevisionGUID=8298e3f8-297d-4ced-a46e-3532615b8f6e New RevisionGUID=8a9292a4-4515-4d2c-826b-18d9e539efd3
Change Managed Component Library Link : Designator=SW23 Old VaultGUID=442246F4-344D-46DA-B693-00018615103C New VaultGUID=442246F4-344D-46DA-B693-00018615103C Old ItemGUID=18B14F15-237E-4ABD-B0CC-383D6027A885 New ItemGUID=18B14F15-237E-4ABD-B0CC-383D6027A885 Old RevisionGUID=8298e3f8-297d-4ced-a46e-3532615b8f6e New RevisionGUID=8a9292a4-4515-4d2c-826b-18d9e539efd3
Change Managed Component Library Link : Designator=SW24 Old VaultGUID=442246F4-344D-46DA-B693-00018615103C New VaultGUID=442246F4-344D-46DA-B693-00018615103C Old ItemGUID=18B14F15-237E-4ABD-B0CC-383D6027A885 New ItemGUID=18B14F15-237E-4ABD-B0CC-383D6027A885 Old RevisionGUID=8298e3f8-297d-4ced-a46e-3532615b8f6e New RevisionGUID=8a9292a4-4515-4d2c-826b-18d9e539efd3
Change Managed Component Library Link : Designator=SW25 Old VaultGUID=442246F4-344D-46DA-B693-00018615103C New VaultGUID=442246F4-344D-46DA-B693-00018615103C Old ItemGUID=18B14F15-237E-4ABD-B0CC-383D6027A885 New ItemGUID=18B14F15-237E-4ABD-B0CC-383D6027A885 Old RevisionGUID=8298e3f8-297d-4ced-a46e-3532615b8f6e New RevisionGUID=8a9292a4-4515-4d2c-826b-18d9e539efd3
Change Managed Component Library Link : Designator=SW26 Old VaultGUID=442246F4-344D-46DA-B693-00018615103C New VaultGUID=442246F4-344D-46DA-B693-00018615103C Old ItemGUID=18B14F15-237E-4ABD-B0CC-383D6027A885 New ItemGUID=18B14F15-237E-4ABD-B0CC-383D6027A885 Old RevisionGUID=8298e3f8-297d-4ced-a46e-3532615b8f6e New RevisionGUID=8a9292a4-4515-4d2c-826b-18d9e539efd3
Change Managed Component Library Link : Designator=SW27 Old VaultGUID=442246F4-344D-46DA-B693-00018615103C New VaultGUID=442246F4-344D-46DA-B693-00018615103C Old ItemGUID=18B14F15-237E-4ABD-B0CC-383D6027A885 New ItemGUID=18B14F15-237E-4ABD-B0CC-383D6027A885 Old RevisionGUID=8298e3f8-297d-4ced-a46e-3532615b8f6e New RevisionGUID=8a9292a4-4515-4d2c-826b-18d9e539efd3
Change Managed Component Library Link : Designator=SW28 Old VaultGUID=442246F4-344D-46DA-B693-00018615103C New VaultGUID=442246F4-344D-46DA-B693-00018615103C Old ItemGUID=18B14F15-237E-4ABD-B0CC-383D6027A885 New ItemGUID=18B14F15-237E-4ABD-B0CC-383D6027A885 Old RevisionGUID=8298e3f8-297d-4ced-a46e-3532615b8f6e New RevisionGUID=8a9292a4-4515-4d2c-826b-18d9e539efd3
Change Managed Component Library Link : Designator=SW29 Old VaultGUID=442246F4-344D-46DA-B693-00018615103C New VaultGUID=442246F4-344D-46DA-B693-00018615103C Old ItemGUID=18B14F15-237E-4ABD-B0CC-383D6027A885 New ItemGUID=18B14F15-237E-4ABD-B0CC-383D6027A885 Old RevisionGUID=8298e3f8-297d-4ced-a46e-3532615b8f6e New RevisionGUID=8a9292a4-4515-4d2c-826b-18d9e539efd3
Change Managed Component Library Link : Designator=SW30 Old VaultGUID=442246F4-344D-46DA-B693-00018615103C New VaultGUID=442246F4-344D-46DA-B693-00018615103C Old ItemGUID=18B14F15-237E-4ABD-B0CC-383D6027A885 New ItemGUID=18B14F15-237E-4ABD-B0CC-383D6027A885 Old RevisionGUID=8298e3f8-297d-4ced-a46e-3532615b8f6e New RevisionGUID=8a9292a4-4515-4d2c-826b-18d9e539efd3
Change Managed Component Library Link : Designator=SW31 Old VaultGUID=442246F4-344D-46DA-B693-00018615103C New VaultGUID=442246F4-344D-46DA-B693-00018615103C Old ItemGUID=18B14F15-237E-4ABD-B0CC-383D6027A885 New ItemGUID=18B14F15-237E-4ABD-B0CC-383D6027A885 Old RevisionGUID=8298e3f8-297d-4ced-a46e-3532615b8f6e New RevisionGUID=8a9292a4-4515-4d2c-826b-18d9e539efd3
Change Managed Component Library Link : Designator=SW32 Old VaultGUID=442246F4-344D-46DA-B693-00018615103C New VaultGUID=442246F4-344D-46DA-B693-00018615103C Old ItemGUID=18B14F15-237E-4ABD-B0CC-383D6027A885 New ItemGUID=18B14F15-237E-4ABD-B0CC-383D6027A885 Old RevisionGUID=8298e3f8-297d-4ced-a46e-3532615b8f6e New RevisionGUID=8a9292a4-4515-4d2c-826b-18d9e539efd3
Change Managed Component Library Link : Designator=SW33 Old VaultGUID=442246F4-344D-46DA-B693-00018615103C New VaultGUID=442246F4-344D-46DA-B693-00018615103C Old ItemGUID=18B14F15-237E-4ABD-B0CC-383D6027A885 New ItemGUID=18B14F15-237E-4ABD-B0CC-383D6027A885 Old RevisionGUID=8298e3f8-297d-4ced-a46e-3532615b8f6e New RevisionGUID=8a9292a4-4515-4d2c-826b-18d9e539efd3
Change Managed Component Library Link : Designator=SW34 Old VaultGUID=442246F4-344D-46DA-B693-00018615103C New VaultGUID=442246F4-344D-46DA-B693-00018615103C Old ItemGUID=18B14F15-237E-4ABD-B0CC-383D6027A885 New ItemGUID=18B14F15-237E-4ABD-B0CC-383D6027A885 Old RevisionGUID=8298e3f8-297d-4ced-a46e-3532615b8f6e New RevisionGUID=8a9292a4-4515-4d2c-826b-18d9e539efd3
Change Managed Component Library Link : Designator=SW35 Old VaultGUID=442246F4-344D-46DA-B693-00018615103C New VaultGUID=442246F4-344D-46DA-B693-00018615103C Old ItemGUID=18B14F15-237E-4ABD-B0CC-383D6027A885 New ItemGUID=18B14F15-237E-4ABD-B0CC-383D6027A885 Old RevisionGUID=8298e3f8-297d-4ced-a46e-3532615b8f6e New RevisionGUID=8a9292a4-4515-4d2c-826b-18d9e539efd3
Change Managed Component Library Link : Designator=SW36 Old VaultGUID=442246F4-344D-46DA-B693-00018615103C New VaultGUID=442246F4-344D-46DA-B693-00018615103C Old ItemGUID=18B14F15-237E-4ABD-B0CC-383D6027A885 New ItemGUID=18B14F15-237E-4ABD-B0CC-383D6027A885 Old RevisionGUID=8298e3f8-297d-4ced-a46e-3532615b8f6e New RevisionGUID=8a9292a4-4515-4d2c-826b-18d9e539efd3
Change Managed Component Library Link : Designator=SW37 Old VaultGUID=442246F4-344D-46DA-B693-00018615103C New VaultGUID=442246F4-344D-46DA-B693-00018615103C Old ItemGUID=18B14F15-237E-4ABD-B0CC-383D6027A885 New ItemGUID=18B14F15-237E-4ABD-B0CC-383D6027A885 Old RevisionGUID=8298e3f8-297d-4ced-a46e-3532615b8f6e New RevisionGUID=8a9292a4-4515-4d2c-826b-18d9e539efd3
Change Managed Component Library Link : Designator=SW38 Old VaultGUID=442246F4-344D-46DA-B693-00018615103C New VaultGUID=442246F4-344D-46DA-B693-00018615103C Old ItemGUID=18B14F15-237E-4ABD-B0CC-383D6027A885 New ItemGUID=18B14F15-237E-4ABD-B0CC-383D6027A885 Old RevisionGUID=8298e3f8-297d-4ced-a46e-3532615b8f6e New RevisionGUID=8a9292a4-4515-4d2c-826b-18d9e539efd3
Change Managed Component Library Link : Designator=SW39 Old VaultGUID=442246F4-344D-46DA-B693-00018615103C New VaultGUID=442246F4-344D-46DA-B693-00018615103C Old ItemGUID=18B14F15-237E-4ABD-B0CC-383D6027A885 New ItemGUID=18B14F15-237E-4ABD-B0CC-383D6027A885 Old RevisionGUID=8298e3f8-297d-4ced-a46e-3532615b8f6e New RevisionGUID=8a9292a4-4515-4d2c-826b-18d9e539efd3
Change Managed Component Library Link : Designator=SW40 Old VaultGUID=442246F4-344D-46DA-B693-00018615103C New VaultGUID=442246F4-344D-46DA-B693-00018615103C Old ItemGUID=18B14F15-237E-4ABD-B0CC-383D6027A885 New ItemGUID=18B14F15-237E-4ABD-B0CC-383D6027A885 Old RevisionGUID=8298e3f8-297d-4ced-a46e-3532615b8f6e New RevisionGUID=8a9292a4-4515-4d2c-826b-18d9e539efd3
Change Managed Component Library Link : Designator=SW41 Old VaultGUID=442246F4-344D-46DA-B693-00018615103C New VaultGUID=442246F4-344D-46DA-B693-00018615103C Old ItemGUID=18B14F15-237E-4ABD-B0CC-383D6027A885 New ItemGUID=18B14F15-237E-4ABD-B0CC-383D6027A885 Old RevisionGUID=8298e3f8-297d-4ced-a46e-3532615b8f6e New RevisionGUID=8a9292a4-4515-4d2c-826b-18d9e539efd3
Change Managed Component Library Link : Designator=SW42 Old VaultGUID=442246F4-344D-46DA-B693-00018615103C New VaultGUID=442246F4-344D-46DA-B693-00018615103C Old ItemGUID=18B14F15-237E-4ABD-B0CC-383D6027A885 New ItemGUID=18B14F15-237E-4ABD-B0CC-383D6027A885 Old RevisionGUID=8298e3f8-297d-4ced-a46e-3532615b8f6e New RevisionGUID=8a9292a4-4515-4d2c-826b-18d9e539efd3
Change Managed Component Library Link : Designator=SW43 Old VaultGUID=442246F4-344D-46DA-B693-00018615103C New VaultGUID=442246F4-344D-46DA-B693-00018615103C Old ItemGUID=18B14F15-237E-4ABD-B0CC-383D6027A885 New ItemGUID=18B14F15-237E-4ABD-B0CC-383D6027A885 Old RevisionGUID=8298e3f8-297d-4ced-a46e-3532615b8f6e New RevisionGUID=8a9292a4-4515-4d2c-826b-18d9e539efd3
Change Managed Component Library Link : Designator=SW44 Old VaultGUID=442246F4-344D-46DA-B693-00018615103C New VaultGUID=442246F4-344D-46DA-B693-00018615103C Old ItemGUID=18B14F15-237E-4ABD-B0CC-383D6027A885 New ItemGUID=18B14F15-237E-4ABD-B0CC-383D6027A885 Old RevisionGUID=8298e3f8-297d-4ced-a46e-3532615b8f6e New RevisionGUID=8a9292a4-4515-4d2c-826b-18d9e539efd3
Change Managed Component Library Link : Designator=SW45 Old VaultGUID=442246F4-344D-46DA-B693-00018615103C New VaultGUID=442246F4-344D-46DA-B693-00018615103C Old ItemGUID=18B14F15-237E-4ABD-B0CC-383D6027A885 New ItemGUID=18B14F15-237E-4ABD-B0CC-383D6027A885 Old RevisionGUID=8298e3f8-297d-4ced-a46e-3532615b8f6e New RevisionGUID=8a9292a4-4515-4d2c-826b-18d9e539efd3
Change Managed Component Library Link : Designator=SW46 Old VaultGUID=442246F4-344D-46DA-B693-00018615103C New VaultGUID=442246F4-344D-46DA-B693-00018615103C Old ItemGUID=18B14F15-237E-4ABD-B0CC-383D6027A885 New ItemGUID=18B14F15-237E-4ABD-B0CC-383D6027A885 Old RevisionGUID=8298e3f8-297d-4ced-a46e-3532615b8f6e New RevisionGUID=8a9292a4-4515-4d2c-826b-18d9e539efd3
Change Managed Component Library Link : Designator=SW47 Old VaultGUID=442246F4-344D-46DA-B693-00018615103C New VaultGUID=442246F4-344D-46DA-B693-00018615103C Old ItemGUID=18B14F15-237E-4ABD-B0CC-383D6027A885 New ItemGUID=18B14F15-237E-4ABD-B0CC-383D6027A885 Old RevisionGUID=8298e3f8-297d-4ced-a46e-3532615b8f6e New RevisionGUID=8a9292a4-4515-4d2c-826b-18d9e539efd3
Change Managed Component Library Link : Designator=SW48 Old VaultGUID=442246F4-344D-46DA-B693-00018615103C New VaultGUID=442246F4-344D-46DA-B693-00018615103C Old ItemGUID=18B14F15-237E-4ABD-B0CC-383D6027A885 New ItemGUID=18B14F15-237E-4ABD-B0CC-383D6027A885 Old RevisionGUID=8298e3f8-297d-4ced-a46e-3532615b8f6e New RevisionGUID=8a9292a4-4515-4d2c-826b-18d9e539efd3
Change Managed Component Library Link : Designator=SW49 Old VaultGUID=442246F4-344D-46DA-B693-00018615103C New VaultGUID=442246F4-344D-46DA-B693-00018615103C Old ItemGUID=18B14F15-237E-4ABD-B0CC-383D6027A885 New ItemGUID=18B14F15-237E-4ABD-B0CC-383D6027A885 Old RevisionGUID=8298e3f8-297d-4ced-a46e-3532615b8f6e New RevisionGUID=8a9292a4-4515-4d2c-826b-18d9e539efd3
Change Managed Component Library Link : Designator=SW50 Old VaultGUID=442246F4-344D-46DA-B693-00018615103C New VaultGUID=442246F4-344D-46DA-B693-00018615103C Old ItemGUID=18B14F15-237E-4ABD-B0CC-383D6027A885 New ItemGUID=18B14F15-237E-4ABD-B0CC-383D6027A885 Old RevisionGUID=8298e3f8-297d-4ced-a46e-3532615b8f6e New RevisionGUID=8a9292a4-4515-4d2c-826b-18d9e539efd3
Change Managed Component Library Link : Designator=SW51 Old VaultGUID=442246F4-344D-46DA-B693-00018615103C New VaultGUID=442246F4-344D-46DA-B693-00018615103C Old ItemGUID=18B14F15-237E-4ABD-B0CC-383D6027A885 New ItemGUID=18B14F15-237E-4ABD-B0CC-383D6027A885 Old RevisionGUID=8298e3f8-297d-4ced-a46e-3532615b8f6e New RevisionGUID=8a9292a4-4515-4d2c-826b-18d9e539efd3
Change Managed Component Library Link : Designator=SW52 Old VaultGUID=442246F4-344D-46DA-B693-00018615103C New VaultGUID=442246F4-344D-46DA-B693-00018615103C Old ItemGUID=18B14F15-237E-4ABD-B0CC-383D6027A885 New ItemGUID=18B14F15-237E-4ABD-B0CC-383D6027A885 Old RevisionGUID=8298e3f8-297d-4ced-a46e-3532615b8f6e New RevisionGUID=8a9292a4-4515-4d2c-826b-18d9e539efd3
Change Managed Component Library Link : Designator=SW53 Old VaultGUID=442246F4-344D-46DA-B693-00018615103C New VaultGUID=442246F4-344D-46DA-B693-00018615103C Old ItemGUID=18B14F15-237E-4ABD-B0CC-383D6027A885 New ItemGUID=18B14F15-237E-4ABD-B0CC-383D6027A885 Old RevisionGUID=8298e3f8-297d-4ced-a46e-3532615b8f6e New RevisionGUID=8a9292a4-4515-4d2c-826b-18d9e539efd3
Change Managed Component Library Link : Designator=SW54 Old VaultGUID=442246F4-344D-46DA-B693-00018615103C New VaultGUID=442246F4-344D-46DA-B693-00018615103C Old ItemGUID=18B14F15-237E-4ABD-B0CC-383D6027A885 New ItemGUID=18B14F15-237E-4ABD-B0CC-383D6027A885 Old RevisionGUID=8298e3f8-297d-4ced-a46e-3532615b8f6e New RevisionGUID=8a9292a4-4515-4d2c-826b-18d9e539efd3
Change Managed Component Library Link : Designator=SW55 Old VaultGUID=442246F4-344D-46DA-B693-00018615103C New VaultGUID=442246F4-344D-46DA-B693-00018615103C Old ItemGUID=18B14F15-237E-4ABD-B0CC-383D6027A885 New ItemGUID=18B14F15-237E-4ABD-B0CC-383D6027A885 Old RevisionGUID=8298e3f8-297d-4ced-a46e-3532615b8f6e New RevisionGUID=8a9292a4-4515-4d2c-826b-18d9e539efd3
Change Managed Component Library Link : Designator=SW56 Old VaultGUID=442246F4-344D-46DA-B693-00018615103C New VaultGUID=442246F4-344D-46DA-B693-00018615103C Old ItemGUID=18B14F15-237E-4ABD-B0CC-383D6027A885 New ItemGUID=18B14F15-237E-4ABD-B0CC-383D6027A885 Old RevisionGUID=8298e3f8-297d-4ced-a46e-3532615b8f6e New RevisionGUID=8a9292a4-4515-4d2c-826b-18d9e539efd3
Change Managed Component Library Link : Designator=SW57 Old VaultGUID=442246F4-344D-46DA-B693-00018615103C New VaultGUID=442246F4-344D-46DA-B693-00018615103C Old ItemGUID=18B14F15-237E-4ABD-B0CC-383D6027A885 New ItemGUID=18B14F15-237E-4ABD-B0CC-383D6027A885 Old RevisionGUID=8298e3f8-297d-4ced-a46e-3532615b8f6e New RevisionGUID=8a9292a4-4515-4d2c-826b-18d9e539efd3
Change Managed Component Library Link : Designator=SW58 Old VaultGUID=442246F4-344D-46DA-B693-00018615103C New VaultGUID=442246F4-344D-46DA-B693-00018615103C Old ItemGUID=18B14F15-237E-4ABD-B0CC-383D6027A885 New ItemGUID=18B14F15-237E-4ABD-B0CC-383D6027A885 Old RevisionGUID=8298e3f8-297d-4ced-a46e-3532615b8f6e New RevisionGUID=8a9292a4-4515-4d2c-826b-18d9e539efd3
Change Managed Component Library Link : Designator=SW59 Old VaultGUID=442246F4-344D-46DA-B693-00018615103C New VaultGUID=442246F4-344D-46DA-B693-00018615103C Old ItemGUID=18B14F15-237E-4ABD-B0CC-383D6027A885 New ItemGUID=18B14F15-237E-4ABD-B0CC-383D6027A885 Old RevisionGUID=8298e3f8-297d-4ced-a46e-3532615b8f6e New RevisionGUID=8a9292a4-4515-4d2c-826b-18d9e539efd3
Change Managed Component Library Link : Designator=SW60 Old VaultGUID=442246F4-344D-46DA-B693-00018615103C New VaultGUID=442246F4-344D-46DA-B693-00018615103C Old ItemGUID=18B14F15-237E-4ABD-B0CC-383D6027A885 New ItemGUID=18B14F15-237E-4ABD-B0CC-383D6027A885 Old RevisionGUID=8298e3f8-297d-4ced-a46e-3532615b8f6e New RevisionGUID=8a9292a4-4515-4d2c-826b-18d9e539efd3
Change Managed Component Library Link : Designator=SW61 Old VaultGUID=442246F4-344D-46DA-B693-00018615103C New VaultGUID=442246F4-344D-46DA-B693-00018615103C Old ItemGUID=18B14F15-237E-4ABD-B0CC-383D6027A885 New ItemGUID=18B14F15-237E-4ABD-B0CC-383D6027A885 Old RevisionGUID=8298e3f8-297d-4ced-a46e-3532615b8f6e New RevisionGUID=8a9292a4-4515-4d2c-826b-18d9e539efd3
Change Managed Component Library Link : Designator=SW62 Old VaultGUID=442246F4-344D-46DA-B693-00018615103C New VaultGUID=442246F4-344D-46DA-B693-00018615103C Old ItemGUID=18B14F15-237E-4ABD-B0CC-383D6027A885 New ItemGUID=18B14F15-237E-4ABD-B0CC-383D6027A885 Old RevisionGUID=8298e3f8-297d-4ced-a46e-3532615b8f6e New RevisionGUID=8a9292a4-4515-4d2c-826b-18d9e539efd3
Change Managed Component Library Link : Designator=SW63 Old VaultGUID=442246F4-344D-46DA-B693-00018615103C New VaultGUID=442246F4-344D-46DA-B693-00018615103C Old ItemGUID=18B14F15-237E-4ABD-B0CC-383D6027A885 New ItemGUID=18B14F15-237E-4ABD-B0CC-383D6027A885 Old RevisionGUID=8298e3f8-297d-4ced-a46e-3532615b8f6e New RevisionGUID=8a9292a4-4515-4d2c-826b-18d9e539efd3
Change Managed Component Library Link : Designator=SW64 Old VaultGUID=442246F4-344D-46DA-B693-00018615103C New VaultGUID=442246F4-344D-46DA-B693-00018615103C Old ItemGUID=18B14F15-237E-4ABD-B0CC-383D6027A885 New ItemGUID=18B14F15-237E-4ABD-B0CC-383D6027A885 Old RevisionGUID=8298e3f8-297d-4ced-a46e-3532615b8f6e New RevisionGUID=8a9292a4-4515-4d2c-826b-18d9e539efd3
Change Managed Component Library Link : Designator=SW65 Old VaultGUID=442246F4-344D-46DA-B693-00018615103C New VaultGUID=442246F4-344D-46DA-B693-00018615103C Old ItemGUID=18B14F15-237E-4ABD-B0CC-383D6027A885 New ItemGUID=18B14F15-237E-4ABD-B0CC-383D6027A885 Old RevisionGUID=8298e3f8-297d-4ced-a46e-3532615b8f6e New RevisionGUID=8a9292a4-4515-4d2c-826b-18d9e539efd3
Change Managed Component Library Link : Designator=SW66 Old VaultGUID=442246F4-344D-46DA-B693-00018615103C New VaultGUID=442246F4-344D-46DA-B693-00018615103C Old ItemGUID=18B14F15-237E-4ABD-B0CC-383D6027A885 New ItemGUID=18B14F15-237E-4ABD-B0CC-383D6027A885 Old RevisionGUID=8298e3f8-297d-4ced-a46e-3532615b8f6e New RevisionGUID=8a9292a4-4515-4d2c-826b-18d9e539efd3
Change Managed Component Library Link : Designator=SW Old VaultGUID=442246F4-344D-46DA-B693-00018615103C New VaultGUID=442246F4-344D-46DA-B693-00018615103C Old ItemGUID=18B14F15-237E-4ABD-B0CC-383D6027A885 New ItemGUID=18B14F15-237E-4ABD-B0CC-383D6027A885 Old RevisionGUID=8298e3f8-297d-4ced-a46e-3532615b8f6e New RevisionGUID=8a9292a4-4515-4d2c-826b-18d9e539efd3
Added Pin To Net: NetName=NetD4_2 Pin=SW1-1
Added Pin To Net: NetName=GPIO6 Pin=SW1-2
Added Pin To Net: NetName=NetD5_2 Pin=SW2-1
Added Pin To Net: NetName=GPIO7 Pin=SW2-2
Added Pin To Net: NetName=NetD6_2 Pin=SW3-1
Added Pin To Net: NetName=GPIO3 Pin=SW3-2
Added Pin To Net: NetName=NetD7_2 Pin=SW4-1
Added Pin To Net: NetName=GPIO3 Pin=SW4-2
Added Pin To Net: NetName=NetD8_2 Pin=SW5-1
Added Pin To Net: NetName=GPIO3 Pin=SW5-2
Added Pin To Net: NetName=NetD9_2 Pin=SW6-1
Added Pin To Net: NetName=GPIO3 Pin=SW6-2
Added Pin To Net: NetName=NetD10_2 Pin=SW7-1
Added Pin To Net: NetName=GPIO12 Pin=SW7-2
Added Pin To Net: NetName=NetD11_2 Pin=SW8-1
Added Pin To Net: NetName=GPIO13 Pin=SW8-2
Added Pin To Net: NetName=NetD12_2 Pin=SW9-1
Added Pin To Net: NetName=GPIO14 Pin=SW9-2
Added Pin To Net: NetName=NetD13_2 Pin=SW10-1
Added Pin To Net: NetName=GPIO15 Pin=SW10-2
Added Pin To Net: NetName=NetD14_2 Pin=SW11-1
Added Pin To Net: NetName=GPIO16 Pin=SW11-2
Added Pin To Net: NetName=NetD15_2 Pin=SW12-1
Added Pin To Net: NetName=GPIO17 Pin=SW12-2
Added Pin To Net: NetName=NetD16_2 Pin=SW13-1
Added Pin To Net: NetName=GPIO18 Pin=SW13-2
Added Pin To Net: NetName=NetD17_2 Pin=SW14-1
Added Pin To Net: NetName=GPIO5 Pin=SW14-2
Added Pin To Net: NetName=NetD18_2 Pin=SW15-1
Added Pin To Net: NetName=GPIO6 Pin=SW15-2
Added Pin To Net: NetName=NetD19_2 Pin=SW16-1
Added Pin To Net: NetName=GPIO7 Pin=SW16-2
Added Pin To Net: NetName=NetD20_2 Pin=SW17-1
Added Pin To Net: NetName=GPIO3 Pin=SW17-2
Added Pin To Net: NetName=NetD21_2 Pin=SW18-1
Added Pin To Net: NetName=GPIO3 Pin=SW18-2
Added Pin To Net: NetName=NetD22_2 Pin=SW19-1
Added Pin To Net: NetName=GPIO3 Pin=SW19-2
Added Pin To Net: NetName=NetD23_2 Pin=SW20-1
Added Pin To Net: NetName=GPIO3 Pin=SW20-2
Added Pin To Net: NetName=NetD24_2 Pin=SW21-1
Added Pin To Net: NetName=GPIO12 Pin=SW21-2
Added Pin To Net: NetName=NetD25_2 Pin=SW22-1
Added Pin To Net: NetName=GPIO13 Pin=SW22-2
Added Pin To Net: NetName=NetD26_2 Pin=SW23-1
Added Pin To Net: NetName=GPIO14 Pin=SW23-2
Added Pin To Net: NetName=NetD27_2 Pin=SW24-1
Added Pin To Net: NetName=GPIO15 Pin=SW24-2
Added Pin To Net: NetName=NetD28_2 Pin=SW25-1
Added Pin To Net: NetName=GPIO16 Pin=SW25-2
Added Pin To Net: NetName=NetD29_2 Pin=SW26-1
Added Pin To Net: NetName=GPIO17 Pin=SW26-2
Added Pin To Net: NetName=NetD30_2 Pin=SW27-1
Added Pin To Net: NetName=GPIO18 Pin=SW27-2
Added Pin To Net: NetName=NetD31_2 Pin=SW28-1
Added Pin To Net: NetName=COL_15 Pin=SW28-2
Added Pin To Net: NetName=NetD32_2 Pin=SW29-1
Added Pin To Net: NetName=GPIO5 Pin=SW29-2
Added Pin To Net: NetName=NetD33_2 Pin=SW30-1
Added Pin To Net: NetName=GPIO6 Pin=SW30-2
Added Pin To Net: NetName=NetD34_2 Pin=SW31-1
Added Pin To Net: NetName=GPIO7 Pin=SW31-2
Added Pin To Net: NetName=NetD35_2 Pin=SW32-1
Added Pin To Net: NetName=GPIO3 Pin=SW32-2
Added Pin To Net: NetName=NetD36_2 Pin=SW33-1
Added Pin To Net: NetName=GPIO3 Pin=SW33-2
Added Pin To Net: NetName=NetD37_2 Pin=SW34-1
Added Pin To Net: NetName=GPIO3 Pin=SW34-2
Added Pin To Net: NetName=NetD38_2 Pin=SW35-1
Added Pin To Net: NetName=GPIO3 Pin=SW35-2
Added Pin To Net: NetName=NetD39_2 Pin=SW36-1
Added Pin To Net: NetName=GPIO12 Pin=SW36-2
Added Pin To Net: NetName=NetD40_2 Pin=SW37-1
Added Pin To Net: NetName=GPIO13 Pin=SW37-2
Added Pin To Net: NetName=NetD41_2 Pin=SW38-1
Added Pin To Net: NetName=GPIO14 Pin=SW38-2
Added Pin To Net: NetName=NetD42_2 Pin=SW39-1
Added Pin To Net: NetName=GPIO15 Pin=SW39-2
Added Pin To Net: NetName=NetD43_2 Pin=SW40-1
Added Pin To Net: NetName=GPIO16 Pin=SW40-2
Added Pin To Net: NetName=NetD44_2 Pin=SW41-1
Added Pin To Net: NetName=GPIO17 Pin=SW41-2
Added Pin To Net: NetName=NetD45_2 Pin=SW42-1
Added Pin To Net: NetName=COL_15 Pin=SW42-2
Added Pin To Net: NetName=NetD46_2 Pin=SW43-1
Added Pin To Net: NetName=GPIO5 Pin=SW43-2
Added Pin To Net: NetName=NetD47_2 Pin=SW44-1
Added Pin To Net: NetName=GPIO6 Pin=SW44-2
Added Pin To Net: NetName=NetD48_2 Pin=SW45-1
Added Pin To Net: NetName=GPIO7 Pin=SW45-2
Added Pin To Net: NetName=NetD49_2 Pin=SW46-1
Added Pin To Net: NetName=GPIO3 Pin=SW46-2
Added Pin To Net: NetName=NetD50_2 Pin=SW47-1
Added Pin To Net: NetName=GPIO3 Pin=SW47-2
Added Pin To Net: NetName=NetD51_2 Pin=SW48-1
Added Pin To Net: NetName=GPIO3 Pin=SW48-2
Added Pin To Net: NetName=NetD52_2 Pin=SW49-1
Added Pin To Net: NetName=GPIO3 Pin=SW49-2
Added Pin To Net: NetName=NetD53_2 Pin=SW50-1
Added Pin To Net: NetName=GPIO12 Pin=SW50-2
Added Pin To Net: NetName=NetD54_2 Pin=SW51-1
Added Pin To Net: NetName=GPIO13 Pin=SW51-2
Added Pin To Net: NetName=NetD55_2 Pin=SW52-1
Added Pin To Net: NetName=GPIO14 Pin=SW52-2
Added Pin To Net: NetName=NetD56_2 Pin=SW53-1
Added Pin To Net: NetName=GPIO15 Pin=SW53-2
Added Pin To Net: NetName=NetD57_2 Pin=SW54-1
Added Pin To Net: NetName=GPIO16 Pin=SW54-2
Added Pin To Net: NetName=NetD58_2 Pin=SW55-1
Added Pin To Net: NetName=GPIO17 Pin=SW55-2
Added Pin To Net: NetName=NetD59_2 Pin=SW56-1
Added Pin To Net: NetName=COL_15 Pin=SW56-2
Added Pin To Net: NetName=NetD60_2 Pin=SW57-1
Added Pin To Net: NetName=GPIO5 Pin=SW57-2
Added Pin To Net: NetName=NetD61_2 Pin=SW58-1
Added Pin To Net: NetName=GPIO6 Pin=SW58-2
Added Pin To Net: NetName=NetD62_2 Pin=SW59-1
Added Pin To Net: NetName=GPIO7 Pin=SW59-2
Added Pin To Net: NetName=NetD63_2 Pin=SW60-1
Added Pin To Net: NetName=GPIO3 Pin=SW60-2
Added Pin To Net: NetName=NetD64_2 Pin=SW61-1
Added Pin To Net: NetName=GPIO14 Pin=SW61-2
Added Pin To Net: NetName=NetD65_2 Pin=SW62-1
Added Pin To Net: NetName=GPIO15 Pin=SW62-2
Added Pin To Net: NetName=NetD66_2 Pin=SW63-1
Added Pin To Net: NetName=GPIO16 Pin=SW63-2
Added Pin To Net: NetName=NetD67_2 Pin=SW64-1
Added Pin To Net: NetName=GPIO17 Pin=SW64-2
Added Pin To Net: NetName=NetD68_2 Pin=SW65-1
Added Pin To Net: NetName=GPIO18 Pin=SW65-2
Added Pin To Net: NetName=NetD69_2 Pin=SW66-1
Added Pin To Net: NetName=COL_15 Pin=SW66-2
Added Pin To Net: NetName=NetD3_2 Pin=SW-1
Added Pin To Net: NetName=GPIO5 Pin=SW-2
